<testng-results>
  <reporter-output>
  </reporter-output>
  <suite name="Compilador">
    <groups>
      <group name="development">
        <method signature="br.testes.TestesAnaliseSintatica.testaCOMANDOsuccess(java.lang.String)" name="testaCOMANDOsuccess" class="br.testes.TestesAnaliseSintatica"/>
      </group>
      <group name="develoment">
        <method signature="br.testes.TestesAnaliseSintatica.testaCOMANDOfaliure(java.lang.String)" name="testaCOMANDOfaliure" class="br.testes.TestesAnaliseSintatica"/>
      </group>
    </groups>
    <test name="br.testes.TestesAnaliseSintatica">
      <class name="br.testes.TestesAnaliseSintatica">
        <test-method status="PASS" signature="testaCOMANDOfaliure(java.lang.String)" name="testaCOMANDOfaliure" duration-ms="0" started-at="2009-10-31T16:15:37Z" finished-at="2009-10-31T16:15:37Z">
          <params>
            <param index="0">
              <value>
                <![CDATA[(assim TIMES(SAssado);]]>
              </value>
            </param>
          </params>
          <exception class="br.exceptions.SintaticoException">
            <message>
              <![CDATA[Esperava um PARENTESE_D na coluna 7]]>
            </message>
            <full-stacktrace>
              <![CDATA[br.exceptions.SintaticoException: Esperava um PARENTESE_D na coluna 7
	at br.kernel.AnalisadorSintatico.relacao(AnalisadorSintatico.java:952)
	at br.testes.TestesAnaliseSintatica.testaCOMANDOfaliure(TestesAnaliseSintatica.java:157)
	at sun.reflect.GeneratedMethodAccessor2.invoke(Unknown Source)
	at sun.reflect.DelegatingMethodAccessorImpl.invoke(Unknown Source)
	at java.lang.reflect.Method.invoke(Unknown Source)
	at org.testng.internal.MethodHelper.invokeMethod(MethodHelper.java:607)
	at org.testng.internal.Invoker.invokeMethod(Invoker.java:517)
	at org.testng.internal.Invoker.invokeTestMethod(Invoker.java:669)
	at org.testng.internal.Invoker.invokeTestMethods(Invoker.java:956)
	at org.testng.internal.TestMethodWorker.invokeTestMethods(TestMethodWorker.java:126)
	at org.testng.internal.TestMethodWorker.run(TestMethodWorker.java:110)
	at org.testng.TestRunner.runWorkers(TestRunner.java:759)
	at org.testng.TestRunner.privateRun(TestRunner.java:592)
	at org.testng.TestRunner.run(TestRunner.java:486)
	at org.testng.SuiteRunner.runTest(SuiteRunner.java:332)
	at org.testng.SuiteRunner.runSequentially(SuiteRunner.java:327)
	at org.testng.SuiteRunner.privateRun(SuiteRunner.java:299)
	at org.testng.SuiteRunner.run(SuiteRunner.java:204)
	at org.testng.TestNG.createAndRunSuiteRunners(TestNG.java:877)
	at org.testng.TestNG.runSuitesLocally(TestNG.java:842)
	at org.testng.TestNG.run(TestNG.java:751)
	at org.testng.remote.RemoteTestNG.run(RemoteTestNG.java:73)
	at org.testng.remote.RemoteTestNG.main(RemoteTestNG.java:124)
]]>
            </full-stacktrace>
          </exception>
        </test-method>
        <test-method status="PASS" signature="testaCOMANDOfaliure(java.lang.String)" name="testaCOMANDOfaliure" duration-ms="0" started-at="2009-10-31T16:15:37Z" finished-at="2009-10-31T16:15:37Z">
          <params>
            <param index="0">
              <value>
                <![CDATA[PROJECT [nome(Students);]]>
              </value>
            </param>
          </params>
          <exception class="br.exceptions.SintaticoException">
            <message>
              <![CDATA[Esperava um VIRGULA ou COLCHETE_D na coluna 13]]>
            </message>
            <full-stacktrace>
              <![CDATA[br.exceptions.SintaticoException: Esperava um VIRGULA ou COLCHETE_D na coluna 13
	at br.kernel.AnalisadorSintatico.relacao(AnalisadorSintatico.java:201)
	at br.testes.TestesAnaliseSintatica.testaCOMANDOfaliure(TestesAnaliseSintatica.java:157)
	at sun.reflect.NativeMethodAccessorImpl.invoke0(Native Method)
	at sun.reflect.NativeMethodAccessorImpl.invoke(Unknown Source)
	at sun.reflect.DelegatingMethodAccessorImpl.invoke(Unknown Source)
	at java.lang.reflect.Method.invoke(Unknown Source)
	at org.testng.internal.MethodHelper.invokeMethod(MethodHelper.java:607)
	at org.testng.internal.Invoker.invokeMethod(Invoker.java:517)
	at org.testng.internal.Invoker.invokeTestMethod(Invoker.java:669)
	at org.testng.internal.Invoker.invokeTestMethods(Invoker.java:956)
	at org.testng.internal.TestMethodWorker.invokeTestMethods(TestMethodWorker.java:126)
	at org.testng.internal.TestMethodWorker.run(TestMethodWorker.java:110)
	at org.testng.TestRunner.runWorkers(TestRunner.java:759)
	at org.testng.TestRunner.privateRun(TestRunner.java:592)
	at org.testng.TestRunner.run(TestRunner.java:486)
	at org.testng.SuiteRunner.runTest(SuiteRunner.java:332)
	at org.testng.SuiteRunner.runSequentially(SuiteRunner.java:327)
	at org.testng.SuiteRunner.privateRun(SuiteRunner.java:299)
	at org.testng.SuiteRunner.run(SuiteRunner.java:204)
	at org.testng.TestNG.createAndRunSuiteRunners(TestNG.java:877)
	at org.testng.TestNG.runSuitesLocally(TestNG.java:842)
	at org.testng.TestNG.run(TestNG.java:751)
	at org.testng.remote.RemoteTestNG.run(RemoteTestNG.java:73)
	at org.testng.remote.RemoteTestNG.main(RemoteTestNG.java:124)
]]>
            </full-stacktrace>
          </exception>
        </test-method>
        <test-method status="PASS" signature="testaCOMANDOfaliure(java.lang.String)" name="testaCOMANDOfaliure" duration-ms="0" started-at="2009-10-31T16:15:37Z" finished-at="2009-10-31T16:15:37Z">
          <params>
            <param index="0">
              <value>
                <![CDATA[RENAME NaoFerrouNada](Joaonielton);]]>
              </value>
            </param>
          </params>
          <exception class="br.exceptions.SintaticoException">
            <message>
              <![CDATA[Esperava um COLCHETE_E na coluna 7]]>
            </message>
            <full-stacktrace>
              <![CDATA[br.exceptions.SintaticoException: Esperava um COLCHETE_E na coluna 7
	at br.kernel.AnalisadorSintatico.relacao(AnalisadorSintatico.java:786)
	at br.testes.TestesAnaliseSintatica.testaCOMANDOfaliure(TestesAnaliseSintatica.java:157)
	at sun.reflect.GeneratedMethodAccessor2.invoke(Unknown Source)
	at sun.reflect.DelegatingMethodAccessorImpl.invoke(Unknown Source)
	at java.lang.reflect.Method.invoke(Unknown Source)
	at org.testng.internal.MethodHelper.invokeMethod(MethodHelper.java:607)
	at org.testng.internal.Invoker.invokeMethod(Invoker.java:517)
	at org.testng.internal.Invoker.invokeTestMethod(Invoker.java:669)
	at org.testng.internal.Invoker.invokeTestMethods(Invoker.java:956)
	at org.testng.internal.TestMethodWorker.invokeTestMethods(TestMethodWorker.java:126)
	at org.testng.internal.TestMethodWorker.run(TestMethodWorker.java:110)
	at org.testng.TestRunner.runWorkers(TestRunner.java:759)
	at org.testng.TestRunner.privateRun(TestRunner.java:592)
	at org.testng.TestRunner.run(TestRunner.java:486)
	at org.testng.SuiteRunner.runTest(SuiteRunner.java:332)
	at org.testng.SuiteRunner.runSequentially(SuiteRunner.java:327)
	at org.testng.SuiteRunner.privateRun(SuiteRunner.java:299)
	at org.testng.SuiteRunner.run(SuiteRunner.java:204)
	at org.testng.TestNG.createAndRunSuiteRunners(TestNG.java:877)
	at org.testng.TestNG.runSuitesLocally(TestNG.java:842)
	at org.testng.TestNG.run(TestNG.java:751)
	at org.testng.remote.RemoteTestNG.run(RemoteTestNG.java:73)
	at org.testng.remote.RemoteTestNG.main(RemoteTestNG.java:124)
]]>
            </full-stacktrace>
          </exception>
        </test-method>
        <test-method status="PASS" signature="testaCOMANDOsuccess(java.lang.String)" name="testaCOMANDOsuccess" duration-ms="15" started-at="2009-10-31T16:15:37Z" finished-at="2009-10-31T16:15:37Z">
          <params>
            <param index="0">
              <value>
                <![CDATA[SELECT [nome = 'Alcemir', sal>1234] (PROJECT [nome](Developers));]]>
              </value>
            </param>
          </params>
        </test-method>
        <test-method status="PASS" signature="testaCOMANDOfaliure(java.lang.String)" name="testaCOMANDOfaliure" duration-ms="0" started-at="2009-10-31T16:15:38Z" finished-at="2009-10-31T16:15:38Z">
          <params>
            <param index="0">
              <value>
                <![CDATA[(Students >= 87)DIVISION(StudentS);]]>
              </value>
            </param>
          </params>
          <exception class="br.exceptions.SintaticoException">
            <message>
              <![CDATA[Esperava um PARENTESE_D na coluna 10]]>
            </message>
            <full-stacktrace>
              <![CDATA[br.exceptions.SintaticoException: Esperava um PARENTESE_D na coluna 10
	at br.kernel.AnalisadorSintatico.relacao(AnalisadorSintatico.java:952)
	at br.testes.TestesAnaliseSintatica.testaCOMANDOfaliure(TestesAnaliseSintatica.java:157)
	at sun.reflect.GeneratedMethodAccessor2.invoke(Unknown Source)
	at sun.reflect.DelegatingMethodAccessorImpl.invoke(Unknown Source)
	at java.lang.reflect.Method.invoke(Unknown Source)
	at org.testng.internal.MethodHelper.invokeMethod(MethodHelper.java:607)
	at org.testng.internal.Invoker.invokeMethod(Invoker.java:517)
	at org.testng.internal.Invoker.invokeTestMethod(Invoker.java:669)
	at org.testng.internal.Invoker.invokeTestMethods(Invoker.java:956)
	at org.testng.internal.TestMethodWorker.invokeTestMethods(TestMethodWorker.java:126)
	at org.testng.internal.TestMethodWorker.run(TestMethodWorker.java:110)
	at org.testng.TestRunner.runWorkers(TestRunner.java:759)
	at org.testng.TestRunner.privateRun(TestRunner.java:592)
	at org.testng.TestRunner.run(TestRunner.java:486)
	at org.testng.SuiteRunner.runTest(SuiteRunner.java:332)
	at org.testng.SuiteRunner.runSequentially(SuiteRunner.java:327)
	at org.testng.SuiteRunner.privateRun(SuiteRunner.java:299)
	at org.testng.SuiteRunner.run(SuiteRunner.java:204)
	at org.testng.TestNG.createAndRunSuiteRunners(TestNG.java:877)
	at org.testng.TestNG.runSuitesLocally(TestNG.java:842)
	at org.testng.TestNG.run(TestNG.java:751)
	at org.testng.remote.RemoteTestNG.run(RemoteTestNG.java:73)
	at org.testng.remote.RemoteTestNG.main(RemoteTestNG.java:124)
]]>
            </full-stacktrace>
          </exception>
        </test-method>
        <test-method status="FAIL" signature="testaCOMANDOsuccess(java.lang.String)" name="testaCOMANDOsuccess" duration-ms="0" started-at="2009-10-31T16:15:37Z" finished-at="2009-10-31T16:15:37Z">
          <params>
            <param index="0">
              <value>
                <![CDATA[SELECT [nome = 'Alcemir', sal>1234] (JOIN [nome='Alcemir']((Developers) TIMES (Students)));]]>
              </value>
            </param>
          </params>
          <exception class="br.exceptions.SintaticoException">
            <message>
              <![CDATA[Esperava um ID na coluna 48]]>
            </message>
            <full-stacktrace>
              <![CDATA[br.exceptions.SintaticoException: Esperava um ID na coluna 48
	at br.kernel.AnalisadorSintatico.relacao(AnalisadorSintatico.java:545)
	at br.kernel.AnalisadorSintatico.relacao(AnalisadorSintatico.java:439)
	at br.testes.TestesAnaliseSintatica.testaCOMANDOsuccess(TestesAnaliseSintatica.java:61)
	at sun.reflect.NativeMethodAccessorImpl.invoke0(Native Method)
	at sun.reflect.NativeMethodAccessorImpl.invoke(Unknown Source)
	at sun.reflect.DelegatingMethodAccessorImpl.invoke(Unknown Source)
	at java.lang.reflect.Method.invoke(Unknown Source)
	at org.testng.internal.MethodHelper.invokeMethod(MethodHelper.java:607)
	at org.testng.internal.Invoker.invokeMethod(Invoker.java:517)
	at org.testng.internal.Invoker.invokeTestMethod(Invoker.java:669)
	at org.testng.internal.Invoker.invokeTestMethods(Invoker.java:956)
	at org.testng.internal.TestMethodWorker.invokeTestMethods(TestMethodWorker.java:126)
	at org.testng.internal.TestMethodWorker.run(TestMethodWorker.java:110)
	at org.testng.TestRunner.runWorkers(TestRunner.java:759)
	at org.testng.TestRunner.privateRun(TestRunner.java:592)
	at org.testng.TestRunner.run(TestRunner.java:486)
	at org.testng.SuiteRunner.runTest(SuiteRunner.java:332)
	at org.testng.SuiteRunner.runSequentially(SuiteRunner.java:327)
	at org.testng.SuiteRunner.privateRun(SuiteRunner.java:299)
	at org.testng.SuiteRunner.run(SuiteRunner.java:204)
	at org.testng.TestNG.createAndRunSuiteRunners(TestNG.java:877)
	at org.testng.TestNG.runSuitesLocally(TestNG.java:842)
	at org.testng.TestNG.run(TestNG.java:751)
	at org.testng.remote.RemoteTestNG.run(RemoteTestNG.java:73)
	at org.testng.remote.RemoteTestNG.main(RemoteTestNG.java:124)
]]>
            </full-stacktrace>
          </exception>
        </test-method>
        <test-method status="PASS" signature="testaCOMANDOfaliure(java.lang.String)" name="testaCOMANDOfaliure" duration-ms="0" started-at="2009-10-31T16:15:37Z" finished-at="2009-10-31T16:15:37Z">
          <params>
            <param index="0">
              <value>
                <![CDATA[SELECT [nome = 'Alcemir', sal>1.234] (Developers > 2345);]]>
              </value>
            </param>
          </params>
          <exception class="br.exceptions.SintaticoException">
            <message>
              <![CDATA[Esperava um PARENTESE_D na coluna 49]]>
            </message>
            <full-stacktrace>
              <![CDATA[br.exceptions.SintaticoException: Esperava um PARENTESE_D na coluna 49
	at br.kernel.AnalisadorSintatico.relacao(AnalisadorSintatico.java:469)
	at br.testes.TestesAnaliseSintatica.testaCOMANDOfaliure(TestesAnaliseSintatica.java:157)
	at sun.reflect.NativeMethodAccessorImpl.invoke0(Native Method)
	at sun.reflect.NativeMethodAccessorImpl.invoke(Unknown Source)
	at sun.reflect.DelegatingMethodAccessorImpl.invoke(Unknown Source)
	at java.lang.reflect.Method.invoke(Unknown Source)
	at org.testng.internal.MethodHelper.invokeMethod(MethodHelper.java:607)
	at org.testng.internal.Invoker.invokeMethod(Invoker.java:517)
	at org.testng.internal.Invoker.invokeTestMethod(Invoker.java:669)
	at org.testng.internal.Invoker.invokeTestMethods(Invoker.java:956)
	at org.testng.internal.TestMethodWorker.invokeTestMethods(TestMethodWorker.java:126)
	at org.testng.internal.TestMethodWorker.run(TestMethodWorker.java:110)
	at org.testng.TestRunner.runWorkers(TestRunner.java:759)
	at org.testng.TestRunner.privateRun(TestRunner.java:592)
	at org.testng.TestRunner.run(TestRunner.java:486)
	at org.testng.SuiteRunner.runTest(SuiteRunner.java:332)
	at org.testng.SuiteRunner.runSequentially(SuiteRunner.java:327)
	at org.testng.SuiteRunner.privateRun(SuiteRunner.java:299)
	at org.testng.SuiteRunner.run(SuiteRunner.java:204)
	at org.testng.TestNG.createAndRunSuiteRunners(TestNG.java:877)
	at org.testng.TestNG.runSuitesLocally(TestNG.java:842)
	at org.testng.TestNG.run(TestNG.java:751)
	at org.testng.remote.RemoteTestNG.run(RemoteTestNG.java:73)
	at org.testng.remote.RemoteTestNG.main(RemoteTestNG.java:124)
]]>
            </full-stacktrace>
          </exception>
        </test-method>
        <test-method status="PASS" signature="testaCOMANDOsuccess(java.lang.String)" name="testaCOMANDOsuccess" duration-ms="0" started-at="2009-10-31T16:15:37Z" finished-at="2009-10-31T16:15:37Z">
          <params>
            <param index="0">
              <value>
                <![CDATA[SELECT [nome = 'Alcemir', sal>1.234, rg = 1234678] (Developers);]]>
              </value>
            </param>
          </params>
        </test-method>
        <test-method status="PASS" signature="testaCOMANDOsuccess(java.lang.String)" name="testaCOMANDOsuccess" duration-ms="0" started-at="2009-10-31T16:15:37Z" finished-at="2009-10-31T16:15:37Z">
          <params>
            <param index="0">
              <value>
                <![CDATA[(Students)DIVISION(StudentS);]]>
              </value>
            </param>
          </params>
        </test-method>
        <test-method status="PASS" signature="testaCOMANDOfaliure(java.lang.String)" name="testaCOMANDOfaliure" duration-ms="0" started-at="2009-10-31T16:15:37Z" finished-at="2009-10-31T16:15:37Z">
          <params>
            <param index="0">
              <value>
                <![CDATA[PROJECT [nome](Students <= 876);]]>
              </value>
            </param>
          </params>
          <exception class="br.exceptions.SintaticoException">
            <message>
              <![CDATA[Esperava um PARENTESE_D na coluna 24]]>
            </message>
            <full-stacktrace>
              <![CDATA[br.exceptions.SintaticoException: Esperava um PARENTESE_D na coluna 24
	at br.kernel.AnalisadorSintatico.relacao(AnalisadorSintatico.java:292)
	at br.testes.TestesAnaliseSintatica.testaCOMANDOfaliure(TestesAnaliseSintatica.java:157)
	at sun.reflect.GeneratedMethodAccessor2.invoke(Unknown Source)
	at sun.reflect.DelegatingMethodAccessorImpl.invoke(Unknown Source)
	at java.lang.reflect.Method.invoke(Unknown Source)
	at org.testng.internal.MethodHelper.invokeMethod(MethodHelper.java:607)
	at org.testng.internal.Invoker.invokeMethod(Invoker.java:517)
	at org.testng.internal.Invoker.invokeTestMethod(Invoker.java:669)
	at org.testng.internal.Invoker.invokeTestMethods(Invoker.java:956)
	at org.testng.internal.TestMethodWorker.invokeTestMethods(TestMethodWorker.java:126)
	at org.testng.internal.TestMethodWorker.run(TestMethodWorker.java:110)
	at org.testng.TestRunner.runWorkers(TestRunner.java:759)
	at org.testng.TestRunner.privateRun(TestRunner.java:592)
	at org.testng.TestRunner.run(TestRunner.java:486)
	at org.testng.SuiteRunner.runTest(SuiteRunner.java:332)
	at org.testng.SuiteRunner.runSequentially(SuiteRunner.java:327)
	at org.testng.SuiteRunner.privateRun(SuiteRunner.java:299)
	at org.testng.SuiteRunner.run(SuiteRunner.java:204)
	at org.testng.TestNG.createAndRunSuiteRunners(TestNG.java:877)
	at org.testng.TestNG.runSuitesLocally(TestNG.java:842)
	at org.testng.TestNG.run(TestNG.java:751)
	at org.testng.remote.RemoteTestNG.run(RemoteTestNG.java:73)
	at org.testng.remote.RemoteTestNG.main(RemoteTestNG.java:124)
]]>
            </full-stacktrace>
          </exception>
        </test-method>
        <test-method status="PASS" signature="testaCOMANDOfaliure(java.lang.String)" name="testaCOMANDOfaliure" duration-ms="0" started-at="2009-10-31T16:15:38Z" finished-at="2009-10-31T16:15:38Z">
          <params>
            <param index="0">
              <value>
                <![CDATA[(Students)DIVISION StudentS;]]>
              </value>
            </param>
          </params>
          <exception class="br.exceptions.SintaticoException">
            <message>
              <![CDATA[Esperava um PARENTESE_E na coluna 19]]>
            </message>
            <full-stacktrace>
              <![CDATA[br.exceptions.SintaticoException: Esperava um PARENTESE_E na coluna 19
	at br.kernel.AnalisadorSintatico.relacao(AnalisadorSintatico.java:1067)
	at br.testes.TestesAnaliseSintatica.testaCOMANDOfaliure(TestesAnaliseSintatica.java:157)
	at sun.reflect.GeneratedMethodAccessor2.invoke(Unknown Source)
	at sun.reflect.DelegatingMethodAccessorImpl.invoke(Unknown Source)
	at java.lang.reflect.Method.invoke(Unknown Source)
	at org.testng.internal.MethodHelper.invokeMethod(MethodHelper.java:607)
	at org.testng.internal.Invoker.invokeMethod(Invoker.java:517)
	at org.testng.internal.Invoker.invokeTestMethod(Invoker.java:669)
	at org.testng.internal.Invoker.invokeTestMethods(Invoker.java:956)
	at org.testng.internal.TestMethodWorker.invokeTestMethods(TestMethodWorker.java:126)
	at org.testng.internal.TestMethodWorker.run(TestMethodWorker.java:110)
	at org.testng.TestRunner.runWorkers(TestRunner.java:759)
	at org.testng.TestRunner.privateRun(TestRunner.java:592)
	at org.testng.TestRunner.run(TestRunner.java:486)
	at org.testng.SuiteRunner.runTest(SuiteRunner.java:332)
	at org.testng.SuiteRunner.runSequentially(SuiteRunner.java:327)
	at org.testng.SuiteRunner.privateRun(SuiteRunner.java:299)
	at org.testng.SuiteRunner.run(SuiteRunner.java:204)
	at org.testng.TestNG.createAndRunSuiteRunners(TestNG.java:877)
	at org.testng.TestNG.runSuitesLocally(TestNG.java:842)
	at org.testng.TestNG.run(TestNG.java:751)
	at org.testng.remote.RemoteTestNG.run(RemoteTestNG.java:73)
	at org.testng.remote.RemoteTestNG.main(RemoteTestNG.java:124)
]]>
            </full-stacktrace>
          </exception>
        </test-method>
        <test-method status="FAIL" signature="testaCOMANDOsuccess(java.lang.String)" name="testaCOMANDOsuccess" duration-ms="16" started-at="2009-10-31T16:15:37Z" finished-at="2009-10-31T16:15:37Z">
          <params>
            <param index="0">
              <value>
                <![CDATA[JOIN [nome='sal']((SELECT [nome = 'Alcemir', sal>1234] (JOIN [nome='Alcemir']((Developers) TIMES (Students))))TIMES(SELECT [nome = 'Alcemir', sal>1234] (JOIN [nome='Alcemir']((Developers) TIMES (Students)))));]]>
              </value>
            </param>
          </params>
          <exception class="br.exceptions.SintaticoException">
            <message>
              <![CDATA[Esperava um ID na coluna 11]]>
            </message>
            <full-stacktrace>
              <![CDATA[br.exceptions.SintaticoException: Esperava um ID na coluna 11
	at br.kernel.AnalisadorSintatico.relacao(AnalisadorSintatico.java:545)
	at br.testes.TestesAnaliseSintatica.testaCOMANDOsuccess(TestesAnaliseSintatica.java:61)
	at sun.reflect.NativeMethodAccessorImpl.invoke0(Native Method)
	at sun.reflect.NativeMethodAccessorImpl.invoke(Unknown Source)
	at sun.reflect.DelegatingMethodAccessorImpl.invoke(Unknown Source)
	at java.lang.reflect.Method.invoke(Unknown Source)
	at org.testng.internal.MethodHelper.invokeMethod(MethodHelper.java:607)
	at org.testng.internal.Invoker.invokeMethod(Invoker.java:517)
	at org.testng.internal.Invoker.invokeTestMethod(Invoker.java:669)
	at org.testng.internal.Invoker.invokeTestMethods(Invoker.java:956)
	at org.testng.internal.TestMethodWorker.invokeTestMethods(TestMethodWorker.java:126)
	at org.testng.internal.TestMethodWorker.run(TestMethodWorker.java:110)
	at org.testng.TestRunner.runWorkers(TestRunner.java:759)
	at org.testng.TestRunner.privateRun(TestRunner.java:592)
	at org.testng.TestRunner.run(TestRunner.java:486)
	at org.testng.SuiteRunner.runTest(SuiteRunner.java:332)
	at org.testng.SuiteRunner.runSequentially(SuiteRunner.java:327)
	at org.testng.SuiteRunner.privateRun(SuiteRunner.java:299)
	at org.testng.SuiteRunner.run(SuiteRunner.java:204)
	at org.testng.TestNG.createAndRunSuiteRunners(TestNG.java:877)
	at org.testng.TestNG.runSuitesLocally(TestNG.java:842)
	at org.testng.TestNG.run(TestNG.java:751)
	at org.testng.remote.RemoteTestNG.run(RemoteTestNG.java:73)
	at org.testng.remote.RemoteTestNG.main(RemoteTestNG.java:124)
]]>
            </full-stacktrace>
          </exception>
        </test-method>
        <test-method status="PASS" signature="testaCOMANDOfaliure(java.lang.String)" name="testaCOMANDOfaliure" duration-ms="0" started-at="2009-10-31T16:15:38Z" finished-at="2009-10-31T16:15:38Z">
          <params>
            <param index="0">
              <value>
                <![CDATA[(Students)DIVISION('StudentS');]]>
              </value>
            </param>
          </params>
          <exception class="br.exceptions.SintaticoException">
            <message>
              <![CDATA[Esperava um ID ou OP_PROJ ou OP_SEL ou OP_JUN ou OP_REN ou mesmo um PARENTESE_E na coluna 19]]>
            </message>
            <full-stacktrace>
              <![CDATA[br.exceptions.SintaticoException: Esperava um ID ou OP_PROJ ou OP_SEL ou OP_JUN ou OP_REN ou mesmo um PARENTESE_E na coluna 19
	at br.kernel.AnalisadorSintatico.relacao(AnalisadorSintatico.java:1098)
	at br.testes.TestesAnaliseSintatica.testaCOMANDOfaliure(TestesAnaliseSintatica.java:157)
	at sun.reflect.GeneratedMethodAccessor2.invoke(Unknown Source)
	at sun.reflect.DelegatingMethodAccessorImpl.invoke(Unknown Source)
	at java.lang.reflect.Method.invoke(Unknown Source)
	at org.testng.internal.MethodHelper.invokeMethod(MethodHelper.java:607)
	at org.testng.internal.Invoker.invokeMethod(Invoker.java:517)
	at org.testng.internal.Invoker.invokeTestMethod(Invoker.java:669)
	at org.testng.internal.Invoker.invokeTestMethods(Invoker.java:956)
	at org.testng.internal.TestMethodWorker.invokeTestMethods(TestMethodWorker.java:126)
	at org.testng.internal.TestMethodWorker.run(TestMethodWorker.java:110)
	at org.testng.TestRunner.runWorkers(TestRunner.java:759)
	at org.testng.TestRunner.privateRun(TestRunner.java:592)
	at org.testng.TestRunner.run(TestRunner.java:486)
	at org.testng.SuiteRunner.runTest(SuiteRunner.java:332)
	at org.testng.SuiteRunner.runSequentially(SuiteRunner.java:327)
	at org.testng.SuiteRunner.privateRun(SuiteRunner.java:299)
	at org.testng.SuiteRunner.run(SuiteRunner.java:204)
	at org.testng.TestNG.createAndRunSuiteRunners(TestNG.java:877)
	at org.testng.TestNG.runSuitesLocally(TestNG.java:842)
	at org.testng.TestNG.run(TestNG.java:751)
	at org.testng.remote.RemoteTestNG.run(RemoteTestNG.java:73)
	at org.testng.remote.RemoteTestNG.main(RemoteTestNG.java:124)
]]>
            </full-stacktrace>
          </exception>
        </test-method>
        <test-method status="PASS" signature="testaCOMANDOsuccess(java.lang.String)" name="testaCOMANDOsuccess" duration-ms="16" started-at="2009-10-31T16:15:37Z" finished-at="2009-10-31T16:15:37Z">
          <params>
            <param index="0">
              <value>
                <![CDATA[PROJECT [nome, sal](RENAME[Developers](St_ude.nts));]]>
              </value>
            </param>
          </params>
        </test-method>
        <test-method status="PASS" signature="testaCOMANDOfaliure(java.lang.String)" name="testaCOMANDOfaliure" duration-ms="0" started-at="2009-10-31T16:15:37Z" finished-at="2009-10-31T16:15:37Z">
          <params>
            <param index="0">
              <value>
                <![CDATA[JON [nome='Alcemir']((Developers) TIMES (Students));]]>
              </value>
            </param>
          </params>
          <exception class="br.exceptions.SintaticoException">
            <message>
              <![CDATA[Esperava um OP_PROJ ou um OP_SEL ou um OP_JUN ou um OP_REN ou mesmo um PARENTESE_E na coluna 0]]>
            </message>
            <full-stacktrace>
              <![CDATA[br.exceptions.SintaticoException: Esperava um OP_PROJ ou um OP_SEL ou um OP_JUN ou um OP_REN ou mesmo um PARENTESE_E na coluna 0
	at br.kernel.AnalisadorSintatico.relacao(AnalisadorSintatico.java:139)
	at br.testes.TestesAnaliseSintatica.testaCOMANDOfaliure(TestesAnaliseSintatica.java:157)
	at sun.reflect.GeneratedMethodAccessor2.invoke(Unknown Source)
	at sun.reflect.DelegatingMethodAccessorImpl.invoke(Unknown Source)
	at java.lang.reflect.Method.invoke(Unknown Source)
	at org.testng.internal.MethodHelper.invokeMethod(MethodHelper.java:607)
	at org.testng.internal.Invoker.invokeMethod(Invoker.java:517)
	at org.testng.internal.Invoker.invokeTestMethod(Invoker.java:669)
	at org.testng.internal.Invoker.invokeTestMethods(Invoker.java:956)
	at org.testng.internal.TestMethodWorker.invokeTestMethods(TestMethodWorker.java:126)
	at org.testng.internal.TestMethodWorker.run(TestMethodWorker.java:110)
	at org.testng.TestRunner.runWorkers(TestRunner.java:759)
	at org.testng.TestRunner.privateRun(TestRunner.java:592)
	at org.testng.TestRunner.run(TestRunner.java:486)
	at org.testng.SuiteRunner.runTest(SuiteRunner.java:332)
	at org.testng.SuiteRunner.runSequentially(SuiteRunner.java:327)
	at org.testng.SuiteRunner.privateRun(SuiteRunner.java:299)
	at org.testng.SuiteRunner.run(SuiteRunner.java:204)
	at org.testng.TestNG.createAndRunSuiteRunners(TestNG.java:877)
	at org.testng.TestNG.runSuitesLocally(TestNG.java:842)
	at org.testng.TestNG.run(TestNG.java:751)
	at org.testng.remote.RemoteTestNG.run(RemoteTestNG.java:73)
	at org.testng.remote.RemoteTestNG.main(RemoteTestNG.java:124)
]]>
            </full-stacktrace>
          </exception>
        </test-method>
        <test-method status="PASS" signature="testaCOMANDOfaliure(java.lang.String)" name="testaCOMANDOfaliure" duration-ms="0" started-at="2009-10-31T16:15:37Z" finished-at="2009-10-31T16:15:37Z">
          <params>
            <param index="0">
              <value>
                <![CDATA[RENAME['NaoFerrouNada'](Joaonielton);]]>
              </value>
            </param>
          </params>
          <exception class="br.exceptions.SintaticoException">
            <message>
              <![CDATA[Esperava um ID na coluna 7]]>
            </message>
            <full-stacktrace>
              <![CDATA[br.exceptions.SintaticoException: Esperava um ID na coluna 7
	at br.kernel.AnalisadorSintatico.relacao(AnalisadorSintatico.java:802)
	at br.testes.TestesAnaliseSintatica.testaCOMANDOfaliure(TestesAnaliseSintatica.java:157)
	at sun.reflect.GeneratedMethodAccessor2.invoke(Unknown Source)
	at sun.reflect.DelegatingMethodAccessorImpl.invoke(Unknown Source)
	at java.lang.reflect.Method.invoke(Unknown Source)
	at org.testng.internal.MethodHelper.invokeMethod(MethodHelper.java:607)
	at org.testng.internal.Invoker.invokeMethod(Invoker.java:517)
	at org.testng.internal.Invoker.invokeTestMethod(Invoker.java:669)
	at org.testng.internal.Invoker.invokeTestMethods(Invoker.java:956)
	at org.testng.internal.TestMethodWorker.invokeTestMethods(TestMethodWorker.java:126)
	at org.testng.internal.TestMethodWorker.run(TestMethodWorker.java:110)
	at org.testng.TestRunner.runWorkers(TestRunner.java:759)
	at org.testng.TestRunner.privateRun(TestRunner.java:592)
	at org.testng.TestRunner.run(TestRunner.java:486)
	at org.testng.SuiteRunner.runTest(SuiteRunner.java:332)
	at org.testng.SuiteRunner.runSequentially(SuiteRunner.java:327)
	at org.testng.SuiteRunner.privateRun(SuiteRunner.java:299)
	at org.testng.SuiteRunner.run(SuiteRunner.java:204)
	at org.testng.TestNG.createAndRunSuiteRunners(TestNG.java:877)
	at org.testng.TestNG.runSuitesLocally(TestNG.java:842)
	at org.testng.TestNG.run(TestNG.java:751)
	at org.testng.remote.RemoteTestNG.run(RemoteTestNG.java:73)
	at org.testng.remote.RemoteTestNG.main(RemoteTestNG.java:124)
]]>
            </full-stacktrace>
          </exception>
        </test-method>
        <test-method status="PASS" signature="testaCOMANDOfaliure(java.lang.String)" name="testaCOMANDOfaliure" duration-ms="0" started-at="2009-10-31T16:15:37Z" finished-at="2009-10-31T16:15:37Z">
          <params>
            <param index="0">
              <value>
                <![CDATA[SELEC [nome = 'Alcemir', sal>1.234] (Developers);]]>
              </value>
            </param>
          </params>
          <exception class="br.exceptions.SintaticoException">
            <message>
              <![CDATA[Esperava um OP_PROJ ou um OP_SEL ou um OP_JUN ou um OP_REN ou mesmo um PARENTESE_E na coluna 0]]>
            </message>
            <full-stacktrace>
              <![CDATA[br.exceptions.SintaticoException: Esperava um OP_PROJ ou um OP_SEL ou um OP_JUN ou um OP_REN ou mesmo um PARENTESE_E na coluna 0
	at br.kernel.AnalisadorSintatico.relacao(AnalisadorSintatico.java:139)
	at br.testes.TestesAnaliseSintatica.testaCOMANDOfaliure(TestesAnaliseSintatica.java:157)
	at sun.reflect.NativeMethodAccessorImpl.invoke0(Native Method)
	at sun.reflect.NativeMethodAccessorImpl.invoke(Unknown Source)
	at sun.reflect.DelegatingMethodAccessorImpl.invoke(Unknown Source)
	at java.lang.reflect.Method.invoke(Unknown Source)
	at org.testng.internal.MethodHelper.invokeMethod(MethodHelper.java:607)
	at org.testng.internal.Invoker.invokeMethod(Invoker.java:517)
	at org.testng.internal.Invoker.invokeTestMethod(Invoker.java:669)
	at org.testng.internal.Invoker.invokeTestMethods(Invoker.java:956)
	at org.testng.internal.TestMethodWorker.invokeTestMethods(TestMethodWorker.java:126)
	at org.testng.internal.TestMethodWorker.run(TestMethodWorker.java:110)
	at org.testng.TestRunner.runWorkers(TestRunner.java:759)
	at org.testng.TestRunner.privateRun(TestRunner.java:592)
	at org.testng.TestRunner.run(TestRunner.java:486)
	at org.testng.SuiteRunner.runTest(SuiteRunner.java:332)
	at org.testng.SuiteRunner.runSequentially(SuiteRunner.java:327)
	at org.testng.SuiteRunner.privateRun(SuiteRunner.java:299)
	at org.testng.SuiteRunner.run(SuiteRunner.java:204)
	at org.testng.TestNG.createAndRunSuiteRunners(TestNG.java:877)
	at org.testng.TestNG.runSuitesLocally(TestNG.java:842)
	at org.testng.TestNG.run(TestNG.java:751)
	at org.testng.remote.RemoteTestNG.run(RemoteTestNG.java:73)
	at org.testng.remote.RemoteTestNG.main(RemoteTestNG.java:124)
]]>
            </full-stacktrace>
          </exception>
        </test-method>
        <test-method status="PASS" signature="testaCOMANDOfaliure(java.lang.String)" name="testaCOMANDOfaliure" duration-ms="0" started-at="2009-10-31T16:15:37Z" finished-at="2009-10-31T16:15:37Z">
          <params>
            <param index="0">
              <value>
                <![CDATA[(assim)TIMES SAssado;]]>
              </value>
            </param>
          </params>
          <exception class="br.exceptions.SintaticoException">
            <message>
              <![CDATA[Esperava um PARENTESE_E na coluna 13]]>
            </message>
            <full-stacktrace>
              <![CDATA[br.exceptions.SintaticoException: Esperava um PARENTESE_E na coluna 13
	at br.kernel.AnalisadorSintatico.relacao(AnalisadorSintatico.java:991)
	at br.testes.TestesAnaliseSintatica.testaCOMANDOfaliure(TestesAnaliseSintatica.java:157)
	at sun.reflect.GeneratedMethodAccessor2.invoke(Unknown Source)
	at sun.reflect.DelegatingMethodAccessorImpl.invoke(Unknown Source)
	at java.lang.reflect.Method.invoke(Unknown Source)
	at org.testng.internal.MethodHelper.invokeMethod(MethodHelper.java:607)
	at org.testng.internal.Invoker.invokeMethod(Invoker.java:517)
	at org.testng.internal.Invoker.invokeTestMethod(Invoker.java:669)
	at org.testng.internal.Invoker.invokeTestMethods(Invoker.java:956)
	at org.testng.internal.TestMethodWorker.invokeTestMethods(TestMethodWorker.java:126)
	at org.testng.internal.TestMethodWorker.run(TestMethodWorker.java:110)
	at org.testng.TestRunner.runWorkers(TestRunner.java:759)
	at org.testng.TestRunner.privateRun(TestRunner.java:592)
	at org.testng.TestRunner.run(TestRunner.java:486)
	at org.testng.SuiteRunner.runTest(SuiteRunner.java:332)
	at org.testng.SuiteRunner.runSequentially(SuiteRunner.java:327)
	at org.testng.SuiteRunner.privateRun(SuiteRunner.java:299)
	at org.testng.SuiteRunner.run(SuiteRunner.java:204)
	at org.testng.TestNG.createAndRunSuiteRunners(TestNG.java:877)
	at org.testng.TestNG.runSuitesLocally(TestNG.java:842)
	at org.testng.TestNG.run(TestNG.java:751)
	at org.testng.remote.RemoteTestNG.run(RemoteTestNG.java:73)
	at org.testng.remote.RemoteTestNG.main(RemoteTestNG.java:124)
]]>
            </full-stacktrace>
          </exception>
        </test-method>
        <test-method status="PASS" signature="testaCOMANDOfaliure(java.lang.String)" name="testaCOMANDOfaliure" duration-ms="0" started-at="2009-10-31T16:15:37Z" finished-at="2009-10-31T16:15:37Z">
          <params>
            <param index="0">
              <value>
                <![CDATA[SELECT [nome = 'Alcemir', sal>1.234] ('Developers');]]>
              </value>
            </param>
          </params>
          <exception class="br.exceptions.SintaticoException">
            <message>
              <![CDATA[Esperava um ID ou OP_PROJ ou OP_SEL ou OP_JUN ou OP_REN ou mesmo um PARENTESE_E na coluna 38]]>
            </message>
            <full-stacktrace>
              <![CDATA[br.exceptions.SintaticoException: Esperava um ID ou OP_PROJ ou OP_SEL ou OP_JUN ou OP_REN ou mesmo um PARENTESE_E na coluna 38
	at br.kernel.AnalisadorSintatico.relacao(AnalisadorSintatico.java:446)
	at br.testes.TestesAnaliseSintatica.testaCOMANDOfaliure(TestesAnaliseSintatica.java:157)
	at sun.reflect.NativeMethodAccessorImpl.invoke0(Native Method)
	at sun.reflect.NativeMethodAccessorImpl.invoke(Unknown Source)
	at sun.reflect.DelegatingMethodAccessorImpl.invoke(Unknown Source)
	at java.lang.reflect.Method.invoke(Unknown Source)
	at org.testng.internal.MethodHelper.invokeMethod(MethodHelper.java:607)
	at org.testng.internal.Invoker.invokeMethod(Invoker.java:517)
	at org.testng.internal.Invoker.invokeTestMethod(Invoker.java:669)
	at org.testng.internal.Invoker.invokeTestMethods(Invoker.java:956)
	at org.testng.internal.TestMethodWorker.invokeTestMethods(TestMethodWorker.java:126)
	at org.testng.internal.TestMethodWorker.run(TestMethodWorker.java:110)
	at org.testng.TestRunner.runWorkers(TestRunner.java:759)
	at org.testng.TestRunner.privateRun(TestRunner.java:592)
	at org.testng.TestRunner.run(TestRunner.java:486)
	at org.testng.SuiteRunner.runTest(SuiteRunner.java:332)
	at org.testng.SuiteRunner.runSequentially(SuiteRunner.java:327)
	at org.testng.SuiteRunner.privateRun(SuiteRunner.java:299)
	at org.testng.SuiteRunner.run(SuiteRunner.java:204)
	at org.testng.TestNG.createAndRunSuiteRunners(TestNG.java:877)
	at org.testng.TestNG.runSuitesLocally(TestNG.java:842)
	at org.testng.TestNG.run(TestNG.java:751)
	at org.testng.remote.RemoteTestNG.run(RemoteTestNG.java:73)
	at org.testng.remote.RemoteTestNG.main(RemoteTestNG.java:124)
]]>
            </full-stacktrace>
          </exception>
        </test-method>
        <test-method status="PASS" signature="testaCOMANDOfaliure(java.lang.String)" name="testaCOMANDOfaliure" duration-ms="0" started-at="2009-10-31T16:15:37Z" finished-at="2009-10-31T16:15:37Z">
          <params>
            <param index="0">
              <value>
                <![CDATA[JOIN [nome='Alcemir']((Developers) TIMES Students));]]>
              </value>
            </param>
          </params>
          <exception class="br.exceptions.SintaticoException">
            <message>
              <![CDATA[Esperava um ID na coluna 11]]>
            </message>
            <full-stacktrace>
              <![CDATA[br.exceptions.SintaticoException: Esperava um ID na coluna 11
	at br.kernel.AnalisadorSintatico.relacao(AnalisadorSintatico.java:545)
	at br.testes.TestesAnaliseSintatica.testaCOMANDOfaliure(TestesAnaliseSintatica.java:157)
	at sun.reflect.GeneratedMethodAccessor2.invoke(Unknown Source)
	at sun.reflect.DelegatingMethodAccessorImpl.invoke(Unknown Source)
	at java.lang.reflect.Method.invoke(Unknown Source)
	at org.testng.internal.MethodHelper.invokeMethod(MethodHelper.java:607)
	at org.testng.internal.Invoker.invokeMethod(Invoker.java:517)
	at org.testng.internal.Invoker.invokeTestMethod(Invoker.java:669)
	at org.testng.internal.Invoker.invokeTestMethods(Invoker.java:956)
	at org.testng.internal.TestMethodWorker.invokeTestMethods(TestMethodWorker.java:126)
	at org.testng.internal.TestMethodWorker.run(TestMethodWorker.java:110)
	at org.testng.TestRunner.runWorkers(TestRunner.java:759)
	at org.testng.TestRunner.privateRun(TestRunner.java:592)
	at org.testng.TestRunner.run(TestRunner.java:486)
	at org.testng.SuiteRunner.runTest(SuiteRunner.java:332)
	at org.testng.SuiteRunner.runSequentially(SuiteRunner.java:327)
	at org.testng.SuiteRunner.privateRun(SuiteRunner.java:299)
	at org.testng.SuiteRunner.run(SuiteRunner.java:204)
	at org.testng.TestNG.createAndRunSuiteRunners(TestNG.java:877)
	at org.testng.TestNG.runSuitesLocally(TestNG.java:842)
	at org.testng.TestNG.run(TestNG.java:751)
	at org.testng.remote.RemoteTestNG.run(RemoteTestNG.java:73)
	at org.testng.remote.RemoteTestNG.main(RemoteTestNG.java:124)
]]>
            </full-stacktrace>
          </exception>
        </test-method>
        <test-method status="PASS" signature="testaCOMANDOfaliure(java.lang.String)" name="testaCOMANDOfaliure" duration-ms="0" started-at="2009-10-31T16:15:38Z" finished-at="2009-10-31T16:15:38Z">
          <params>
            <param index="0">
              <value>
                <![CDATA[(Students)DIVISION(StudentS > 1232);]]>
              </value>
            </param>
          </params>
          <exception class="br.exceptions.SintaticoException">
            <message>
              <![CDATA[Esperava um PARENTESE_D na coluna 28]]>
            </message>
            <full-stacktrace>
              <![CDATA[br.exceptions.SintaticoException: Esperava um PARENTESE_D na coluna 28
	at br.kernel.AnalisadorSintatico.relacao(AnalisadorSintatico.java:1121)
	at br.testes.TestesAnaliseSintatica.testaCOMANDOfaliure(TestesAnaliseSintatica.java:157)
	at sun.reflect.GeneratedMethodAccessor2.invoke(Unknown Source)
	at sun.reflect.DelegatingMethodAccessorImpl.invoke(Unknown Source)
	at java.lang.reflect.Method.invoke(Unknown Source)
	at org.testng.internal.MethodHelper.invokeMethod(MethodHelper.java:607)
	at org.testng.internal.Invoker.invokeMethod(Invoker.java:517)
	at org.testng.internal.Invoker.invokeTestMethod(Invoker.java:669)
	at org.testng.internal.Invoker.invokeTestMethods(Invoker.java:956)
	at org.testng.internal.TestMethodWorker.invokeTestMethods(TestMethodWorker.java:126)
	at org.testng.internal.TestMethodWorker.run(TestMethodWorker.java:110)
	at org.testng.TestRunner.runWorkers(TestRunner.java:759)
	at org.testng.TestRunner.privateRun(TestRunner.java:592)
	at org.testng.TestRunner.run(TestRunner.java:486)
	at org.testng.SuiteRunner.runTest(SuiteRunner.java:332)
	at org.testng.SuiteRunner.runSequentially(SuiteRunner.java:327)
	at org.testng.SuiteRunner.privateRun(SuiteRunner.java:299)
	at org.testng.SuiteRunner.run(SuiteRunner.java:204)
	at org.testng.TestNG.createAndRunSuiteRunners(TestNG.java:877)
	at org.testng.TestNG.runSuitesLocally(TestNG.java:842)
	at org.testng.TestNG.run(TestNG.java:751)
	at org.testng.remote.RemoteTestNG.run(RemoteTestNG.java:73)
	at org.testng.remote.RemoteTestNG.main(RemoteTestNG.java:124)
]]>
            </full-stacktrace>
          </exception>
        </test-method>
        <test-method status="PASS" signature="testaCOMANDOfaliure(java.lang.String)" name="testaCOMANDOfaliure" duration-ms="0" started-at="2009-10-31T16:15:37Z" finished-at="2009-10-31T16:15:37Z">
          <params>
            <param index="0">
              <value>
                <![CDATA[RENAME[NaoFerrouNada = 'ASDF'](Joaonielton);]]>
              </value>
            </param>
          </params>
          <exception class="br.exceptions.SintaticoException">
            <message>
              <![CDATA[Esperava um VIRGULA ou COLCHETE_D na coluna 21]]>
            </message>
            <full-stacktrace>
              <![CDATA[br.exceptions.SintaticoException: Esperava um VIRGULA ou COLCHETE_D na coluna 21
	at br.kernel.AnalisadorSintatico.relacao(AnalisadorSintatico.java:819)
	at br.testes.TestesAnaliseSintatica.testaCOMANDOfaliure(TestesAnaliseSintatica.java:157)
	at sun.reflect.GeneratedMethodAccessor2.invoke(Unknown Source)
	at sun.reflect.DelegatingMethodAccessorImpl.invoke(Unknown Source)
	at java.lang.reflect.Method.invoke(Unknown Source)
	at org.testng.internal.MethodHelper.invokeMethod(MethodHelper.java:607)
	at org.testng.internal.Invoker.invokeMethod(Invoker.java:517)
	at org.testng.internal.Invoker.invokeTestMethod(Invoker.java:669)
	at org.testng.internal.Invoker.invokeTestMethods(Invoker.java:956)
	at org.testng.internal.TestMethodWorker.invokeTestMethods(TestMethodWorker.java:126)
	at org.testng.internal.TestMethodWorker.run(TestMethodWorker.java:110)
	at org.testng.TestRunner.runWorkers(TestRunner.java:759)
	at org.testng.TestRunner.privateRun(TestRunner.java:592)
	at org.testng.TestRunner.run(TestRunner.java:486)
	at org.testng.SuiteRunner.runTest(SuiteRunner.java:332)
	at org.testng.SuiteRunner.runSequentially(SuiteRunner.java:327)
	at org.testng.SuiteRunner.privateRun(SuiteRunner.java:299)
	at org.testng.SuiteRunner.run(SuiteRunner.java:204)
	at org.testng.TestNG.createAndRunSuiteRunners(TestNG.java:877)
	at org.testng.TestNG.runSuitesLocally(TestNG.java:842)
	at org.testng.TestNG.run(TestNG.java:751)
	at org.testng.remote.RemoteTestNG.run(RemoteTestNG.java:73)
	at org.testng.remote.RemoteTestNG.main(RemoteTestNG.java:124)
]]>
            </full-stacktrace>
          </exception>
        </test-method>
        <test-method status="PASS" signature="testaCOMANDOfaliure(java.lang.String)" name="testaCOMANDOfaliure" duration-ms="0" started-at="2009-10-31T16:15:37Z" finished-at="2009-10-31T16:15:37Z">
          <params>
            <param index="0">
              <value>
                <![CDATA[RENAME[NaoFerrouNada] Joaonielton);]]>
              </value>
            </param>
          </params>
          <exception class="br.exceptions.SintaticoException">
            <message>
              <![CDATA[Esperava um PARENTESE_E na coluna 22]]>
            </message>
            <full-stacktrace>
              <![CDATA[br.exceptions.SintaticoException: Esperava um PARENTESE_E na coluna 22
	at br.kernel.AnalisadorSintatico.relacao(AnalisadorSintatico.java:836)
	at br.testes.TestesAnaliseSintatica.testaCOMANDOfaliure(TestesAnaliseSintatica.java:157)
	at sun.reflect.GeneratedMethodAccessor2.invoke(Unknown Source)
	at sun.reflect.DelegatingMethodAccessorImpl.invoke(Unknown Source)
	at java.lang.reflect.Method.invoke(Unknown Source)
	at org.testng.internal.MethodHelper.invokeMethod(MethodHelper.java:607)
	at org.testng.internal.Invoker.invokeMethod(Invoker.java:517)
	at org.testng.internal.Invoker.invokeTestMethod(Invoker.java:669)
	at org.testng.internal.Invoker.invokeTestMethods(Invoker.java:956)
	at org.testng.internal.TestMethodWorker.invokeTestMethods(TestMethodWorker.java:126)
	at org.testng.internal.TestMethodWorker.run(TestMethodWorker.java:110)
	at org.testng.TestRunner.runWorkers(TestRunner.java:759)
	at org.testng.TestRunner.privateRun(TestRunner.java:592)
	at org.testng.TestRunner.run(TestRunner.java:486)
	at org.testng.SuiteRunner.runTest(SuiteRunner.java:332)
	at org.testng.SuiteRunner.runSequentially(SuiteRunner.java:327)
	at org.testng.SuiteRunner.privateRun(SuiteRunner.java:299)
	at org.testng.SuiteRunner.run(SuiteRunner.java:204)
	at org.testng.TestNG.createAndRunSuiteRunners(TestNG.java:877)
	at org.testng.TestNG.runSuitesLocally(TestNG.java:842)
	at org.testng.TestNG.run(TestNG.java:751)
	at org.testng.remote.RemoteTestNG.run(RemoteTestNG.java:73)
	at org.testng.remote.RemoteTestNG.main(RemoteTestNG.java:124)
]]>
            </full-stacktrace>
          </exception>
        </test-method>
        <test-method status="PASS" signature="testaCOMANDOfaliure(java.lang.String)" name="testaCOMANDOfaliure" duration-ms="0" started-at="2009-10-31T16:15:37Z" finished-at="2009-10-31T16:15:37Z">
          <params>
            <param index="0">
              <value>
                <![CDATA[PROJECT [nome]('Students');]]>
              </value>
            </param>
          </params>
          <exception class="br.exceptions.SintaticoException">
            <message>
              <![CDATA[Esperava um ID ou OP_PROJ ou OP_SEL ou OP_JUN ou OP_REN ou mesmo um PARENTESE_E na coluna 15]]>
            </message>
            <full-stacktrace>
              <![CDATA[br.exceptions.SintaticoException: Esperava um ID ou OP_PROJ ou OP_SEL ou OP_JUN ou OP_REN ou mesmo um PARENTESE_E na coluna 15
	at br.kernel.AnalisadorSintatico.relacao(AnalisadorSintatico.java:269)
	at br.testes.TestesAnaliseSintatica.testaCOMANDOfaliure(TestesAnaliseSintatica.java:157)
	at sun.reflect.GeneratedMethodAccessor2.invoke(Unknown Source)
	at sun.reflect.DelegatingMethodAccessorImpl.invoke(Unknown Source)
	at java.lang.reflect.Method.invoke(Unknown Source)
	at org.testng.internal.MethodHelper.invokeMethod(MethodHelper.java:607)
	at org.testng.internal.Invoker.invokeMethod(Invoker.java:517)
	at org.testng.internal.Invoker.invokeTestMethod(Invoker.java:669)
	at org.testng.internal.Invoker.invokeTestMethods(Invoker.java:956)
	at org.testng.internal.TestMethodWorker.invokeTestMethods(TestMethodWorker.java:126)
	at org.testng.internal.TestMethodWorker.run(TestMethodWorker.java:110)
	at org.testng.TestRunner.runWorkers(TestRunner.java:759)
	at org.testng.TestRunner.privateRun(TestRunner.java:592)
	at org.testng.TestRunner.run(TestRunner.java:486)
	at org.testng.SuiteRunner.runTest(SuiteRunner.java:332)
	at org.testng.SuiteRunner.runSequentially(SuiteRunner.java:327)
	at org.testng.SuiteRunner.privateRun(SuiteRunner.java:299)
	at org.testng.SuiteRunner.run(SuiteRunner.java:204)
	at org.testng.TestNG.createAndRunSuiteRunners(TestNG.java:877)
	at org.testng.TestNG.runSuitesLocally(TestNG.java:842)
	at org.testng.TestNG.run(TestNG.java:751)
	at org.testng.remote.RemoteTestNG.run(RemoteTestNG.java:73)
	at org.testng.remote.RemoteTestNG.main(RemoteTestNG.java:124)
]]>
            </full-stacktrace>
          </exception>
        </test-method>
        <test-method status="PASS" signature="testaCOMANDOfaliure(java.lang.String)" name="testaCOMANDOfaliure" duration-ms="0" started-at="2009-10-31T16:15:37Z" finished-at="2009-10-31T16:15:37Z">
          <params>
            <param index="0">
              <value>
                <![CDATA[(assim)TIMES SAssado);]]>
              </value>
            </param>
          </params>
          <exception class="br.exceptions.SintaticoException">
            <message>
              <![CDATA[Esperava um PARENTESE_E na coluna 13]]>
            </message>
            <full-stacktrace>
              <![CDATA[br.exceptions.SintaticoException: Esperava um PARENTESE_E na coluna 13
	at br.kernel.AnalisadorSintatico.relacao(AnalisadorSintatico.java:991)
	at br.testes.TestesAnaliseSintatica.testaCOMANDOfaliure(TestesAnaliseSintatica.java:157)
	at sun.reflect.GeneratedMethodAccessor2.invoke(Unknown Source)
	at sun.reflect.DelegatingMethodAccessorImpl.invoke(Unknown Source)
	at java.lang.reflect.Method.invoke(Unknown Source)
	at org.testng.internal.MethodHelper.invokeMethod(MethodHelper.java:607)
	at org.testng.internal.Invoker.invokeMethod(Invoker.java:517)
	at org.testng.internal.Invoker.invokeTestMethod(Invoker.java:669)
	at org.testng.internal.Invoker.invokeTestMethods(Invoker.java:956)
	at org.testng.internal.TestMethodWorker.invokeTestMethods(TestMethodWorker.java:126)
	at org.testng.internal.TestMethodWorker.run(TestMethodWorker.java:110)
	at org.testng.TestRunner.runWorkers(TestRunner.java:759)
	at org.testng.TestRunner.privateRun(TestRunner.java:592)
	at org.testng.TestRunner.run(TestRunner.java:486)
	at org.testng.SuiteRunner.runTest(SuiteRunner.java:332)
	at org.testng.SuiteRunner.runSequentially(SuiteRunner.java:327)
	at org.testng.SuiteRunner.privateRun(SuiteRunner.java:299)
	at org.testng.SuiteRunner.run(SuiteRunner.java:204)
	at org.testng.TestNG.createAndRunSuiteRunners(TestNG.java:877)
	at org.testng.TestNG.runSuitesLocally(TestNG.java:842)
	at org.testng.TestNG.run(TestNG.java:751)
	at org.testng.remote.RemoteTestNG.run(RemoteTestNG.java:73)
	at org.testng.remote.RemoteTestNG.main(RemoteTestNG.java:124)
]]>
            </full-stacktrace>
          </exception>
        </test-method>
        <test-method status="PASS" signature="testaCOMANDOfaliure(java.lang.String)" name="testaCOMANDOfaliure" duration-ms="0" started-at="2009-10-31T16:15:37Z" finished-at="2009-10-31T16:15:37Z">
          <params>
            <param index="0">
              <value>
                <![CDATA[RENAME[NaoFerrouNada](JOIN);]]>
              </value>
            </param>
          </params>
          <exception class="br.exceptions.SintaticoException">
            <message>
              <![CDATA[Esperava um COLCHETE_E na coluna 26]]>
            </message>
            <full-stacktrace>
              <![CDATA[br.exceptions.SintaticoException: Esperava um COLCHETE_E na coluna 26
	at br.kernel.AnalisadorSintatico.relacao(AnalisadorSintatico.java:495)
	at br.kernel.AnalisadorSintatico.relacao(AnalisadorSintatico.java:860)
	at br.testes.TestesAnaliseSintatica.testaCOMANDOfaliure(TestesAnaliseSintatica.java:157)
	at sun.reflect.GeneratedMethodAccessor2.invoke(Unknown Source)
	at sun.reflect.DelegatingMethodAccessorImpl.invoke(Unknown Source)
	at java.lang.reflect.Method.invoke(Unknown Source)
	at org.testng.internal.MethodHelper.invokeMethod(MethodHelper.java:607)
	at org.testng.internal.Invoker.invokeMethod(Invoker.java:517)
	at org.testng.internal.Invoker.invokeTestMethod(Invoker.java:669)
	at org.testng.internal.Invoker.invokeTestMethods(Invoker.java:956)
	at org.testng.internal.TestMethodWorker.invokeTestMethods(TestMethodWorker.java:126)
	at org.testng.internal.TestMethodWorker.run(TestMethodWorker.java:110)
	at org.testng.TestRunner.runWorkers(TestRunner.java:759)
	at org.testng.TestRunner.privateRun(TestRunner.java:592)
	at org.testng.TestRunner.run(TestRunner.java:486)
	at org.testng.SuiteRunner.runTest(SuiteRunner.java:332)
	at org.testng.SuiteRunner.runSequentially(SuiteRunner.java:327)
	at org.testng.SuiteRunner.privateRun(SuiteRunner.java:299)
	at org.testng.SuiteRunner.run(SuiteRunner.java:204)
	at org.testng.TestNG.createAndRunSuiteRunners(TestNG.java:877)
	at org.testng.TestNG.runSuitesLocally(TestNG.java:842)
	at org.testng.TestNG.run(TestNG.java:751)
	at org.testng.remote.RemoteTestNG.run(RemoteTestNG.java:73)
	at org.testng.remote.RemoteTestNG.main(RemoteTestNG.java:124)
]]>
            </full-stacktrace>
          </exception>
        </test-method>
        <test-method status="FAIL" signature="testaCOMANDOsuccess(java.lang.String)" name="testaCOMANDOsuccess" duration-ms="0" started-at="2009-10-31T16:15:37Z" finished-at="2009-10-31T16:15:37Z">
          <params>
            <param index="0">
              <value>
                <![CDATA[(PROJECT [nome, sal](JOIN[Developers='Seniors']((Students)TIMES(Alunos))))DIVISION(PROJECT [nome, sal](JOIN[Developers='Seniors']((Students)TIMES(Alunos))));]]>
              </value>
            </param>
          </params>
          <exception class="br.exceptions.SintaticoException">
            <message>
              <![CDATA[Esperava um ID na coluna 37]]>
            </message>
            <full-stacktrace>
              <![CDATA[br.exceptions.SintaticoException: Esperava um ID na coluna 37
	at br.kernel.AnalisadorSintatico.relacao(AnalisadorSintatico.java:545)
	at br.kernel.AnalisadorSintatico.relacao(AnalisadorSintatico.java:262)
	at br.kernel.AnalisadorSintatico.relacao(AnalisadorSintatico.java:923)
	at br.testes.TestesAnaliseSintatica.testaCOMANDOsuccess(TestesAnaliseSintatica.java:61)
	at sun.reflect.GeneratedMethodAccessor1.invoke(Unknown Source)
	at sun.reflect.DelegatingMethodAccessorImpl.invoke(Unknown Source)
	at java.lang.reflect.Method.invoke(Unknown Source)
	at org.testng.internal.MethodHelper.invokeMethod(MethodHelper.java:607)
	at org.testng.internal.Invoker.invokeMethod(Invoker.java:517)
	at org.testng.internal.Invoker.invokeTestMethod(Invoker.java:669)
	at org.testng.internal.Invoker.invokeTestMethods(Invoker.java:956)
	at org.testng.internal.TestMethodWorker.invokeTestMethods(TestMethodWorker.java:126)
	at org.testng.internal.TestMethodWorker.run(TestMethodWorker.java:110)
	at org.testng.TestRunner.runWorkers(TestRunner.java:759)
	at org.testng.TestRunner.privateRun(TestRunner.java:592)
	at org.testng.TestRunner.run(TestRunner.java:486)
	at org.testng.SuiteRunner.runTest(SuiteRunner.java:332)
	at org.testng.SuiteRunner.runSequentially(SuiteRunner.java:327)
	at org.testng.SuiteRunner.privateRun(SuiteRunner.java:299)
	at org.testng.SuiteRunner.run(SuiteRunner.java:204)
	at org.testng.TestNG.createAndRunSuiteRunners(TestNG.java:877)
	at org.testng.TestNG.runSuitesLocally(TestNG.java:842)
	at org.testng.TestNG.run(TestNG.java:751)
	at org.testng.remote.RemoteTestNG.run(RemoteTestNG.java:73)
	at org.testng.remote.RemoteTestNG.main(RemoteTestNG.java:124)
]]>
            </full-stacktrace>
          </exception>
        </test-method>
        <test-method status="PASS" signature="testaCOMANDOsuccess(java.lang.String)" name="testaCOMANDOsuccess" duration-ms="0" started-at="2009-10-31T16:15:37Z" finished-at="2009-10-31T16:15:37Z">
          <params>
            <param index="0">
              <value>
                <![CDATA[PROJECT [nome](Students);]]>
              </value>
            </param>
          </params>
        </test-method>
        <test-method status="PASS" signature="testaCOMANDOsuccess(java.lang.String)" name="testaCOMANDOsuccess" duration-ms="0" started-at="2009-10-31T16:15:37Z" finished-at="2009-10-31T16:15:37Z">
          <params>
            <param index="0">
              <value>
                <![CDATA[PROJECT [nome, sal]((Developers)DIVISION(Students));]]>
              </value>
            </param>
          </params>
        </test-method>
        <test-method status="PASS" signature="testaCOMANDOfaliure(java.lang.String)" name="testaCOMANDOfaliure" duration-ms="16" started-at="2009-10-31T16:15:37Z" finished-at="2009-10-31T16:15:37Z">
          <params>
            <param index="0">
              <value>
                <![CDATA[(assim) IMES(SAssado);]]>
              </value>
            </param>
          </params>
          <exception class="br.exceptions.SintaticoException">
            <message>
              <![CDATA[Esperava um OP_PCART ou mesmo um OP_DIV na coluna 8]]>
            </message>
            <full-stacktrace>
              <![CDATA[br.exceptions.SintaticoException: Esperava um OP_PCART ou mesmo um OP_DIV na coluna 8
	at br.kernel.AnalisadorSintatico.relacao(AnalisadorSintatico.java:973)
	at br.testes.TestesAnaliseSintatica.testaCOMANDOfaliure(TestesAnaliseSintatica.java:157)
	at sun.reflect.GeneratedMethodAccessor2.invoke(Unknown Source)
	at sun.reflect.DelegatingMethodAccessorImpl.invoke(Unknown Source)
	at java.lang.reflect.Method.invoke(Unknown Source)
	at org.testng.internal.MethodHelper.invokeMethod(MethodHelper.java:607)
	at org.testng.internal.Invoker.invokeMethod(Invoker.java:517)
	at org.testng.internal.Invoker.invokeTestMethod(Invoker.java:669)
	at org.testng.internal.Invoker.invokeTestMethods(Invoker.java:956)
	at org.testng.internal.TestMethodWorker.invokeTestMethods(TestMethodWorker.java:126)
	at org.testng.internal.TestMethodWorker.run(TestMethodWorker.java:110)
	at org.testng.TestRunner.runWorkers(TestRunner.java:759)
	at org.testng.TestRunner.privateRun(TestRunner.java:592)
	at org.testng.TestRunner.run(TestRunner.java:486)
	at org.testng.SuiteRunner.runTest(SuiteRunner.java:332)
	at org.testng.SuiteRunner.runSequentially(SuiteRunner.java:327)
	at org.testng.SuiteRunner.privateRun(SuiteRunner.java:299)
	at org.testng.SuiteRunner.run(SuiteRunner.java:204)
	at org.testng.TestNG.createAndRunSuiteRunners(TestNG.java:877)
	at org.testng.TestNG.runSuitesLocally(TestNG.java:842)
	at org.testng.TestNG.run(TestNG.java:751)
	at org.testng.remote.RemoteTestNG.run(RemoteTestNG.java:73)
	at org.testng.remote.RemoteTestNG.main(RemoteTestNG.java:124)
]]>
            </full-stacktrace>
          </exception>
        </test-method>
        <test-method status="PASS" signature="testaCOMANDOfaliure(java.lang.String)" name="testaCOMANDOfaliure" duration-ms="0" started-at="2009-10-31T16:15:38Z" finished-at="2009-10-31T16:15:38Z">
          <params>
            <param index="0">
              <value>
                <![CDATA[(234)TIMES(SAssado);]]>
              </value>
            </param>
          </params>
          <exception class="br.exceptions.SintaticoException">
            <message>
              <![CDATA[Esperava um ID ou OP_PROJ ou OP_SEL ou OP_JUN ou OP_REN ou mesmo um PARENTESE_E na coluna 1]]>
            </message>
            <full-stacktrace>
              <![CDATA[br.exceptions.SintaticoException: Esperava um ID ou OP_PROJ ou OP_SEL ou OP_JUN ou OP_REN ou mesmo um PARENTESE_E na coluna 1
	at br.kernel.AnalisadorSintatico.relacao(AnalisadorSintatico.java:930)
	at br.testes.TestesAnaliseSintatica.testaCOMANDOfaliure(TestesAnaliseSintatica.java:157)
	at sun.reflect.GeneratedMethodAccessor2.invoke(Unknown Source)
	at sun.reflect.DelegatingMethodAccessorImpl.invoke(Unknown Source)
	at java.lang.reflect.Method.invoke(Unknown Source)
	at org.testng.internal.MethodHelper.invokeMethod(MethodHelper.java:607)
	at org.testng.internal.Invoker.invokeMethod(Invoker.java:517)
	at org.testng.internal.Invoker.invokeTestMethod(Invoker.java:669)
	at org.testng.internal.Invoker.invokeTestMethods(Invoker.java:956)
	at org.testng.internal.TestMethodWorker.invokeTestMethods(TestMethodWorker.java:126)
	at org.testng.internal.TestMethodWorker.run(TestMethodWorker.java:110)
	at org.testng.TestRunner.runWorkers(TestRunner.java:759)
	at org.testng.TestRunner.privateRun(TestRunner.java:592)
	at org.testng.TestRunner.run(TestRunner.java:486)
	at org.testng.SuiteRunner.runTest(SuiteRunner.java:332)
	at org.testng.SuiteRunner.runSequentially(SuiteRunner.java:327)
	at org.testng.SuiteRunner.privateRun(SuiteRunner.java:299)
	at org.testng.SuiteRunner.run(SuiteRunner.java:204)
	at org.testng.TestNG.createAndRunSuiteRunners(TestNG.java:877)
	at org.testng.TestNG.runSuitesLocally(TestNG.java:842)
	at org.testng.TestNG.run(TestNG.java:751)
	at org.testng.remote.RemoteTestNG.run(RemoteTestNG.java:73)
	at org.testng.remote.RemoteTestNG.main(RemoteTestNG.java:124)
]]>
            </full-stacktrace>
          </exception>
        </test-method>
        <test-method status="PASS" signature="testaCOMANDOfaliure(java.lang.String)" name="testaCOMANDOfaliure" duration-ms="0" started-at="2009-10-31T16:15:38Z" finished-at="2009-10-31T16:15:38Z">
          <params>
            <param index="0">
              <value>
                <![CDATA[(SELECT) TIMES(SAssado);]]>
              </value>
            </param>
          </params>
          <exception class="br.exceptions.SintaticoException">
            <message>
              <![CDATA[Esperava um COLCHETE_E na coluna 7]]>
            </message>
            <full-stacktrace>
              <![CDATA[br.exceptions.SintaticoException: Esperava um COLCHETE_E na coluna 7
	at br.kernel.AnalisadorSintatico.relacao(AnalisadorSintatico.java:317)
	at br.kernel.AnalisadorSintatico.relacao(AnalisadorSintatico.java:923)
	at br.testes.TestesAnaliseSintatica.testaCOMANDOfaliure(TestesAnaliseSintatica.java:157)
	at sun.reflect.GeneratedMethodAccessor2.invoke(Unknown Source)
	at sun.reflect.DelegatingMethodAccessorImpl.invoke(Unknown Source)
	at java.lang.reflect.Method.invoke(Unknown Source)
	at org.testng.internal.MethodHelper.invokeMethod(MethodHelper.java:607)
	at org.testng.internal.Invoker.invokeMethod(Invoker.java:517)
	at org.testng.internal.Invoker.invokeTestMethod(Invoker.java:669)
	at org.testng.internal.Invoker.invokeTestMethods(Invoker.java:956)
	at org.testng.internal.TestMethodWorker.invokeTestMethods(TestMethodWorker.java:126)
	at org.testng.internal.TestMethodWorker.run(TestMethodWorker.java:110)
	at org.testng.TestRunner.runWorkers(TestRunner.java:759)
	at org.testng.TestRunner.privateRun(TestRunner.java:592)
	at org.testng.TestRunner.run(TestRunner.java:486)
	at org.testng.SuiteRunner.runTest(SuiteRunner.java:332)
	at org.testng.SuiteRunner.runSequentially(SuiteRunner.java:327)
	at org.testng.SuiteRunner.privateRun(SuiteRunner.java:299)
	at org.testng.SuiteRunner.run(SuiteRunner.java:204)
	at org.testng.TestNG.createAndRunSuiteRunners(TestNG.java:877)
	at org.testng.TestNG.runSuitesLocally(TestNG.java:842)
	at org.testng.TestNG.run(TestNG.java:751)
	at org.testng.remote.RemoteTestNG.run(RemoteTestNG.java:73)
	at org.testng.remote.RemoteTestNG.main(RemoteTestNG.java:124)
]]>
            </full-stacktrace>
          </exception>
        </test-method>
        <test-method status="PASS" signature="testaCOMANDOfaliure(java.lang.String)" name="testaCOMANDOfaliure" duration-ms="0" started-at="2009-10-31T16:15:37Z" finished-at="2009-10-31T16:15:37Z">
          <params>
            <param index="0">
              <value>
                <![CDATA[PROJECT nome](Students);]]>
              </value>
            </param>
          </params>
          <exception class="br.exceptions.SintaticoException">
            <message>
              <![CDATA[Esperava um COLCHETE_E na coluna 8]]>
            </message>
            <full-stacktrace>
              <![CDATA[br.exceptions.SintaticoException: Esperava um COLCHETE_E na coluna 8
	at br.kernel.AnalisadorSintatico.relacao(AnalisadorSintatico.java:163)
	at br.testes.TestesAnaliseSintatica.testaCOMANDOfaliure(TestesAnaliseSintatica.java:157)
	at sun.reflect.NativeMethodAccessorImpl.invoke0(Native Method)
	at sun.reflect.NativeMethodAccessorImpl.invoke(Unknown Source)
	at sun.reflect.DelegatingMethodAccessorImpl.invoke(Unknown Source)
	at java.lang.reflect.Method.invoke(Unknown Source)
	at org.testng.internal.MethodHelper.invokeMethod(MethodHelper.java:607)
	at org.testng.internal.Invoker.invokeMethod(Invoker.java:517)
	at org.testng.internal.Invoker.invokeTestMethod(Invoker.java:669)
	at org.testng.internal.Invoker.invokeTestMethods(Invoker.java:956)
	at org.testng.internal.TestMethodWorker.invokeTestMethods(TestMethodWorker.java:126)
	at org.testng.internal.TestMethodWorker.run(TestMethodWorker.java:110)
	at org.testng.TestRunner.runWorkers(TestRunner.java:759)
	at org.testng.TestRunner.privateRun(TestRunner.java:592)
	at org.testng.TestRunner.run(TestRunner.java:486)
	at org.testng.SuiteRunner.runTest(SuiteRunner.java:332)
	at org.testng.SuiteRunner.runSequentially(SuiteRunner.java:327)
	at org.testng.SuiteRunner.privateRun(SuiteRunner.java:299)
	at org.testng.SuiteRunner.run(SuiteRunner.java:204)
	at org.testng.TestNG.createAndRunSuiteRunners(TestNG.java:877)
	at org.testng.TestNG.runSuitesLocally(TestNG.java:842)
	at org.testng.TestNG.run(TestNG.java:751)
	at org.testng.remote.RemoteTestNG.run(RemoteTestNG.java:73)
	at org.testng.remote.RemoteTestNG.main(RemoteTestNG.java:124)
]]>
            </full-stacktrace>
          </exception>
        </test-method>
        <test-method status="PASS" signature="testaCOMANDOfaliure(java.lang.String)" name="testaCOMANDOfaliure" duration-ms="15" started-at="2009-10-31T16:15:37Z" finished-at="2009-10-31T16:15:37Z">
          <params>
            <param index="0">
              <value>
                <![CDATA[SELECT [nome  'Alcemir', sal>1.234] (Developers);]]>
              </value>
            </param>
          </params>
          <exception class="br.exceptions.SintaticoException">
            <message>
              <![CDATA[Esperava um OP_RELACIONAL na coluna 14]]>
            </message>
            <full-stacktrace>
              <![CDATA[br.exceptions.SintaticoException: Esperava um OP_RELACIONAL na coluna 14
	at br.kernel.AnalisadorSintatico.relacao(AnalisadorSintatico.java:350)
	at br.testes.TestesAnaliseSintatica.testaCOMANDOfaliure(TestesAnaliseSintatica.java:157)
	at sun.reflect.NativeMethodAccessorImpl.invoke0(Native Method)
	at sun.reflect.NativeMethodAccessorImpl.invoke(Unknown Source)
	at sun.reflect.DelegatingMethodAccessorImpl.invoke(Unknown Source)
	at java.lang.reflect.Method.invoke(Unknown Source)
	at org.testng.internal.MethodHelper.invokeMethod(MethodHelper.java:607)
	at org.testng.internal.Invoker.invokeMethod(Invoker.java:517)
	at org.testng.internal.Invoker.invokeTestMethod(Invoker.java:669)
	at org.testng.internal.Invoker.invokeTestMethods(Invoker.java:956)
	at org.testng.internal.TestMethodWorker.invokeTestMethods(TestMethodWorker.java:126)
	at org.testng.internal.TestMethodWorker.run(TestMethodWorker.java:110)
	at org.testng.TestRunner.runWorkers(TestRunner.java:759)
	at org.testng.TestRunner.privateRun(TestRunner.java:592)
	at org.testng.TestRunner.run(TestRunner.java:486)
	at org.testng.SuiteRunner.runTest(SuiteRunner.java:332)
	at org.testng.SuiteRunner.runSequentially(SuiteRunner.java:327)
	at org.testng.SuiteRunner.privateRun(SuiteRunner.java:299)
	at org.testng.SuiteRunner.run(SuiteRunner.java:204)
	at org.testng.TestNG.createAndRunSuiteRunners(TestNG.java:877)
	at org.testng.TestNG.runSuitesLocally(TestNG.java:842)
	at org.testng.TestNG.run(TestNG.java:751)
	at org.testng.remote.RemoteTestNG.run(RemoteTestNG.java:73)
	at org.testng.remote.RemoteTestNG.main(RemoteTestNG.java:124)
]]>
            </full-stacktrace>
          </exception>
        </test-method>
        <test-method status="PASS" signature="testaCOMANDOfaliure(java.lang.String)" name="testaCOMANDOfaliure" duration-ms="0" started-at="2009-10-31T16:15:37Z" finished-at="2009-10-31T16:15:37Z">
          <params>
            <param index="0">
              <value>
                <![CDATA[JOIN [nome='Alcemir']((Developers) IMES (Students));]]>
              </value>
            </param>
          </params>
          <exception class="br.exceptions.SintaticoException">
            <message>
              <![CDATA[Esperava um ID na coluna 11]]>
            </message>
            <full-stacktrace>
              <![CDATA[br.exceptions.SintaticoException: Esperava um ID na coluna 11
	at br.kernel.AnalisadorSintatico.relacao(AnalisadorSintatico.java:545)
	at br.testes.TestesAnaliseSintatica.testaCOMANDOfaliure(TestesAnaliseSintatica.java:157)
	at sun.reflect.GeneratedMethodAccessor2.invoke(Unknown Source)
	at sun.reflect.DelegatingMethodAccessorImpl.invoke(Unknown Source)
	at java.lang.reflect.Method.invoke(Unknown Source)
	at org.testng.internal.MethodHelper.invokeMethod(MethodHelper.java:607)
	at org.testng.internal.Invoker.invokeMethod(Invoker.java:517)
	at org.testng.internal.Invoker.invokeTestMethod(Invoker.java:669)
	at org.testng.internal.Invoker.invokeTestMethods(Invoker.java:956)
	at org.testng.internal.TestMethodWorker.invokeTestMethods(TestMethodWorker.java:126)
	at org.testng.internal.TestMethodWorker.run(TestMethodWorker.java:110)
	at org.testng.TestRunner.runWorkers(TestRunner.java:759)
	at org.testng.TestRunner.privateRun(TestRunner.java:592)
	at org.testng.TestRunner.run(TestRunner.java:486)
	at org.testng.SuiteRunner.runTest(SuiteRunner.java:332)
	at org.testng.SuiteRunner.runSequentially(SuiteRunner.java:327)
	at org.testng.SuiteRunner.privateRun(SuiteRunner.java:299)
	at org.testng.SuiteRunner.run(SuiteRunner.java:204)
	at org.testng.TestNG.createAndRunSuiteRunners(TestNG.java:877)
	at org.testng.TestNG.runSuitesLocally(TestNG.java:842)
	at org.testng.TestNG.run(TestNG.java:751)
	at org.testng.remote.RemoteTestNG.run(RemoteTestNG.java:73)
	at org.testng.remote.RemoteTestNG.main(RemoteTestNG.java:124)
]]>
            </full-stacktrace>
          </exception>
        </test-method>
        <test-method status="PASS" signature="testaCOMANDOsuccess(java.lang.String)" name="testaCOMANDOsuccess" duration-ms="32" started-at="2009-10-31T16:15:37Z" finished-at="2009-10-31T16:15:37Z">
          <params>
            <param index="0">
              <value>
                <![CDATA[SELECT [nome = 'Alcemir', sal>1.234] (Developers);]]>
              </value>
            </param>
          </params>
        </test-method>
        <test-method status="PASS" signature="testaCOMANDOsuccess(java.lang.String)" name="testaCOMANDOsuccess" duration-ms="16" started-at="2009-10-31T16:15:37Z" finished-at="2009-10-31T16:15:37Z">
          <params>
            <param index="0">
              <value>
                <![CDATA[PROJECT [nome,RG](Developers);]]>
              </value>
            </param>
          </params>
        </test-method>
        <test-method status="PASS" signature="testaCOMANDOfaliure(java.lang.String)" name="testaCOMANDOfaliure" duration-ms="0" started-at="2009-10-31T16:15:37Z" finished-at="2009-10-31T16:15:37Z">
          <params>
            <param index="0">
              <value>
                <![CDATA[JOIN [nome='Alcemir'](Developers) TIMES (Students));]]>
              </value>
            </param>
          </params>
          <exception class="br.exceptions.SintaticoException">
            <message>
              <![CDATA[Esperava um ID na coluna 11]]>
            </message>
            <full-stacktrace>
              <![CDATA[br.exceptions.SintaticoException: Esperava um ID na coluna 11
	at br.kernel.AnalisadorSintatico.relacao(AnalisadorSintatico.java:545)
	at br.testes.TestesAnaliseSintatica.testaCOMANDOfaliure(TestesAnaliseSintatica.java:157)
	at sun.reflect.GeneratedMethodAccessor2.invoke(Unknown Source)
	at sun.reflect.DelegatingMethodAccessorImpl.invoke(Unknown Source)
	at java.lang.reflect.Method.invoke(Unknown Source)
	at org.testng.internal.MethodHelper.invokeMethod(MethodHelper.java:607)
	at org.testng.internal.Invoker.invokeMethod(Invoker.java:517)
	at org.testng.internal.Invoker.invokeTestMethod(Invoker.java:669)
	at org.testng.internal.Invoker.invokeTestMethods(Invoker.java:956)
	at org.testng.internal.TestMethodWorker.invokeTestMethods(TestMethodWorker.java:126)
	at org.testng.internal.TestMethodWorker.run(TestMethodWorker.java:110)
	at org.testng.TestRunner.runWorkers(TestRunner.java:759)
	at org.testng.TestRunner.privateRun(TestRunner.java:592)
	at org.testng.TestRunner.run(TestRunner.java:486)
	at org.testng.SuiteRunner.runTest(SuiteRunner.java:332)
	at org.testng.SuiteRunner.runSequentially(SuiteRunner.java:327)
	at org.testng.SuiteRunner.privateRun(SuiteRunner.java:299)
	at org.testng.SuiteRunner.run(SuiteRunner.java:204)
	at org.testng.TestNG.createAndRunSuiteRunners(TestNG.java:877)
	at org.testng.TestNG.runSuitesLocally(TestNG.java:842)
	at org.testng.TestNG.run(TestNG.java:751)
	at org.testng.remote.RemoteTestNG.run(RemoteTestNG.java:73)
	at org.testng.remote.RemoteTestNG.main(RemoteTestNG.java:124)
]]>
            </full-stacktrace>
          </exception>
        </test-method>
        <test-method status="PASS" signature="testaCOMANDOfaliure(java.lang.String)" name="testaCOMANDOfaliure" duration-ms="0" started-at="2009-10-31T16:15:37Z" finished-at="2009-10-31T16:15:37Z">
          <params>
            <param index="0">
              <value>
                <![CDATA[SELECT [nome = 'Alcemir' sal>1.234] (Developers);]]>
              </value>
            </param>
          </params>
          <exception class="br.exceptions.SintaticoException">
            <message>
              <![CDATA[Esperava um COLCHETE_D ou mesmo uma VIRGULA na coluna 25]]>
            </message>
            <full-stacktrace>
              <![CDATA[br.exceptions.SintaticoException: Esperava um COLCHETE_D ou mesmo uma VIRGULA na coluna 25
	at br.kernel.AnalisadorSintatico.relacao(AnalisadorSintatico.java:397)
	at br.testes.TestesAnaliseSintatica.testaCOMANDOfaliure(TestesAnaliseSintatica.java:157)
	at sun.reflect.NativeMethodAccessorImpl.invoke0(Native Method)
	at sun.reflect.NativeMethodAccessorImpl.invoke(Unknown Source)
	at sun.reflect.DelegatingMethodAccessorImpl.invoke(Unknown Source)
	at java.lang.reflect.Method.invoke(Unknown Source)
	at org.testng.internal.MethodHelper.invokeMethod(MethodHelper.java:607)
	at org.testng.internal.Invoker.invokeMethod(Invoker.java:517)
	at org.testng.internal.Invoker.invokeTestMethod(Invoker.java:669)
	at org.testng.internal.Invoker.invokeTestMethods(Invoker.java:956)
	at org.testng.internal.TestMethodWorker.invokeTestMethods(TestMethodWorker.java:126)
	at org.testng.internal.TestMethodWorker.run(TestMethodWorker.java:110)
	at org.testng.TestRunner.runWorkers(TestRunner.java:759)
	at org.testng.TestRunner.privateRun(TestRunner.java:592)
	at org.testng.TestRunner.run(TestRunner.java:486)
	at org.testng.SuiteRunner.runTest(SuiteRunner.java:332)
	at org.testng.SuiteRunner.runSequentially(SuiteRunner.java:327)
	at org.testng.SuiteRunner.privateRun(SuiteRunner.java:299)
	at org.testng.SuiteRunner.run(SuiteRunner.java:204)
	at org.testng.TestNG.createAndRunSuiteRunners(TestNG.java:877)
	at org.testng.TestNG.runSuitesLocally(TestNG.java:842)
	at org.testng.TestNG.run(TestNG.java:751)
	at org.testng.remote.RemoteTestNG.run(RemoteTestNG.java:73)
	at org.testng.remote.RemoteTestNG.main(RemoteTestNG.java:124)
]]>
            </full-stacktrace>
          </exception>
        </test-method>
        <test-method status="FAIL" signature="testaCOMANDOsuccess(java.lang.String)" name="testaCOMANDOsuccess" duration-ms="16" started-at="2009-10-31T16:15:37Z" finished-at="2009-10-31T16:15:37Z">
          <params>
            <param index="0">
              <value>
                <![CDATA[(RENAME[FerrouFoitudo](JOIN [nome='sal']((JOIN [nome='Alcemir']((Developers) TIMES (Students)))TIMES(PROJECT [nome, sal](JOIN[Developers='Seniors']((Students)TIMES(Alunos)))))))TIMES(RENAME[FerrouFoitudo](JOIN [nome='sal']((JOIN [nome='Alcemir']((Developers) TIMES (Students)))TIMES(PROJECT [nome, sal](JOIN[Developers='Seniors']((Students)TIMES(Alunos)))))));]]>
              </value>
            </param>
          </params>
          <exception class="br.exceptions.SintaticoException">
            <message>
              <![CDATA[Esperava um ID na coluna 34]]>
            </message>
            <full-stacktrace>
              <![CDATA[br.exceptions.SintaticoException: Esperava um ID na coluna 34
	at br.kernel.AnalisadorSintatico.relacao(AnalisadorSintatico.java:545)
	at br.kernel.AnalisadorSintatico.relacao(AnalisadorSintatico.java:860)
	at br.kernel.AnalisadorSintatico.relacao(AnalisadorSintatico.java:923)
	at br.testes.TestesAnaliseSintatica.testaCOMANDOsuccess(TestesAnaliseSintatica.java:61)
	at sun.reflect.GeneratedMethodAccessor1.invoke(Unknown Source)
	at sun.reflect.DelegatingMethodAccessorImpl.invoke(Unknown Source)
	at java.lang.reflect.Method.invoke(Unknown Source)
	at org.testng.internal.MethodHelper.invokeMethod(MethodHelper.java:607)
	at org.testng.internal.Invoker.invokeMethod(Invoker.java:517)
	at org.testng.internal.Invoker.invokeTestMethod(Invoker.java:669)
	at org.testng.internal.Invoker.invokeTestMethods(Invoker.java:956)
	at org.testng.internal.TestMethodWorker.invokeTestMethods(TestMethodWorker.java:126)
	at org.testng.internal.TestMethodWorker.run(TestMethodWorker.java:110)
	at org.testng.TestRunner.runWorkers(TestRunner.java:759)
	at org.testng.TestRunner.privateRun(TestRunner.java:592)
	at org.testng.TestRunner.run(TestRunner.java:486)
	at org.testng.SuiteRunner.runTest(SuiteRunner.java:332)
	at org.testng.SuiteRunner.runSequentially(SuiteRunner.java:327)
	at org.testng.SuiteRunner.privateRun(SuiteRunner.java:299)
	at org.testng.SuiteRunner.run(SuiteRunner.java:204)
	at org.testng.TestNG.createAndRunSuiteRunners(TestNG.java:877)
	at org.testng.TestNG.runSuitesLocally(TestNG.java:842)
	at org.testng.TestNG.run(TestNG.java:751)
	at org.testng.remote.RemoteTestNG.run(RemoteTestNG.java:73)
	at org.testng.remote.RemoteTestNG.main(RemoteTestNG.java:124)
]]>
            </full-stacktrace>
          </exception>
        </test-method>
        <test-method status="PASS" signature="testaCOMANDOfaliure(java.lang.String)" name="testaCOMANDOfaliure" duration-ms="16" started-at="2009-10-31T16:15:38Z" finished-at="2009-10-31T16:15:38Z">
          <params>
            <param index="0">
              <value>
                <![CDATA[(Students DIVISION(StudentS);]]>
              </value>
            </param>
          </params>
          <exception class="br.exceptions.SintaticoException">
            <message>
              <![CDATA[Esperava um PARENTESE_D na coluna 10]]>
            </message>
            <full-stacktrace>
              <![CDATA[br.exceptions.SintaticoException: Esperava um PARENTESE_D na coluna 10
	at br.kernel.AnalisadorSintatico.relacao(AnalisadorSintatico.java:952)
	at br.testes.TestesAnaliseSintatica.testaCOMANDOfaliure(TestesAnaliseSintatica.java:157)
	at sun.reflect.GeneratedMethodAccessor2.invoke(Unknown Source)
	at sun.reflect.DelegatingMethodAccessorImpl.invoke(Unknown Source)
	at java.lang.reflect.Method.invoke(Unknown Source)
	at org.testng.internal.MethodHelper.invokeMethod(MethodHelper.java:607)
	at org.testng.internal.Invoker.invokeMethod(Invoker.java:517)
	at org.testng.internal.Invoker.invokeTestMethod(Invoker.java:669)
	at org.testng.internal.Invoker.invokeTestMethods(Invoker.java:956)
	at org.testng.internal.TestMethodWorker.invokeTestMethods(TestMethodWorker.java:126)
	at org.testng.internal.TestMethodWorker.run(TestMethodWorker.java:110)
	at org.testng.TestRunner.runWorkers(TestRunner.java:759)
	at org.testng.TestRunner.privateRun(TestRunner.java:592)
	at org.testng.TestRunner.run(TestRunner.java:486)
	at org.testng.SuiteRunner.runTest(SuiteRunner.java:332)
	at org.testng.SuiteRunner.runSequentially(SuiteRunner.java:327)
	at org.testng.SuiteRunner.privateRun(SuiteRunner.java:299)
	at org.testng.SuiteRunner.run(SuiteRunner.java:204)
	at org.testng.TestNG.createAndRunSuiteRunners(TestNG.java:877)
	at org.testng.TestNG.runSuitesLocally(TestNG.java:842)
	at org.testng.TestNG.run(TestNG.java:751)
	at org.testng.remote.RemoteTestNG.run(RemoteTestNG.java:73)
	at org.testng.remote.RemoteTestNG.main(RemoteTestNG.java:124)
]]>
            </full-stacktrace>
          </exception>
        </test-method>
        <test-method status="PASS" signature="testaCOMANDOsuccess(java.lang.String)" name="testaCOMANDOsuccess" duration-ms="0" started-at="2009-10-31T16:15:37Z" finished-at="2009-10-31T16:15:37Z">
          <params>
            <param index="0">
              <value>
                <![CDATA[SELECT [nome = 'Alcemir', sal>1234] (RENAME [Programadores] (Developers));]]>
              </value>
            </param>
          </params>
        </test-method>
        <test-method status="PASS" signature="testaCOMANDOfaliure(java.lang.String)" name="testaCOMANDOfaliure" duration-ms="15" started-at="2009-10-31T16:15:38Z" finished-at="2009-10-31T16:15:38Z">
          <params>
            <param index="0">
              <value>
                <![CDATA[(Students)DIVISION('StudentS');]]>
              </value>
            </param>
          </params>
          <exception class="br.exceptions.SintaticoException">
            <message>
              <![CDATA[Esperava um ID ou OP_PROJ ou OP_SEL ou OP_JUN ou OP_REN ou mesmo um PARENTESE_E na coluna 19]]>
            </message>
            <full-stacktrace>
              <![CDATA[br.exceptions.SintaticoException: Esperava um ID ou OP_PROJ ou OP_SEL ou OP_JUN ou OP_REN ou mesmo um PARENTESE_E na coluna 19
	at br.kernel.AnalisadorSintatico.relacao(AnalisadorSintatico.java:1098)
	at br.testes.TestesAnaliseSintatica.testaCOMANDOfaliure(TestesAnaliseSintatica.java:157)
	at sun.reflect.GeneratedMethodAccessor2.invoke(Unknown Source)
	at sun.reflect.DelegatingMethodAccessorImpl.invoke(Unknown Source)
	at java.lang.reflect.Method.invoke(Unknown Source)
	at org.testng.internal.MethodHelper.invokeMethod(MethodHelper.java:607)
	at org.testng.internal.Invoker.invokeMethod(Invoker.java:517)
	at org.testng.internal.Invoker.invokeTestMethod(Invoker.java:669)
	at org.testng.internal.Invoker.invokeTestMethods(Invoker.java:956)
	at org.testng.internal.TestMethodWorker.invokeTestMethods(TestMethodWorker.java:126)
	at org.testng.internal.TestMethodWorker.run(TestMethodWorker.java:110)
	at org.testng.TestRunner.runWorkers(TestRunner.java:759)
	at org.testng.TestRunner.privateRun(TestRunner.java:592)
	at org.testng.TestRunner.run(TestRunner.java:486)
	at org.testng.SuiteRunner.runTest(SuiteRunner.java:332)
	at org.testng.SuiteRunner.runSequentially(SuiteRunner.java:327)
	at org.testng.SuiteRunner.privateRun(SuiteRunner.java:299)
	at org.testng.SuiteRunner.run(SuiteRunner.java:204)
	at org.testng.TestNG.createAndRunSuiteRunners(TestNG.java:877)
	at org.testng.TestNG.runSuitesLocally(TestNG.java:842)
	at org.testng.TestNG.run(TestNG.java:751)
	at org.testng.remote.RemoteTestNG.run(RemoteTestNG.java:73)
	at org.testng.remote.RemoteTestNG.main(RemoteTestNG.java:124)
]]>
            </full-stacktrace>
          </exception>
        </test-method>
        <test-method status="PASS" signature="testaCOMANDOsuccess(java.lang.String)" name="testaCOMANDOsuccess" duration-ms="15" started-at="2009-10-31T16:15:37Z" finished-at="2009-10-31T16:15:37Z">
          <params>
            <param index="0">
              <value>
                <![CDATA[SELECT [nome = 'Alcemir', sal>1.234] ((Developers) TIMES (Students));]]>
              </value>
            </param>
          </params>
        </test-method>
        <test-method status="PASS" signature="testaCOMANDOfaliure(java.lang.String)" name="testaCOMANDOfaliure" duration-ms="0" started-at="2009-10-31T16:15:37Z" finished-at="2009-10-31T16:15:37Z">
          <params>
            <param index="0">
              <value>
                <![CDATA[JOIN [nome= Alcemir]((Developers) TIMES (Students));]]>
              </value>
            </param>
          </params>
          <exception class="br.exceptions.SintaticoException">
            <message>
              <![CDATA[Esperava um PARENTESE_E na coluna 34]]>
            </message>
            <full-stacktrace>
              <![CDATA[br.exceptions.SintaticoException: Esperava um PARENTESE_E na coluna 34
	at br.kernel.AnalisadorSintatico.relacao(AnalisadorSintatico.java:691)
	at br.testes.TestesAnaliseSintatica.testaCOMANDOfaliure(TestesAnaliseSintatica.java:157)
	at sun.reflect.GeneratedMethodAccessor2.invoke(Unknown Source)
	at sun.reflect.DelegatingMethodAccessorImpl.invoke(Unknown Source)
	at java.lang.reflect.Method.invoke(Unknown Source)
	at org.testng.internal.MethodHelper.invokeMethod(MethodHelper.java:607)
	at org.testng.internal.Invoker.invokeMethod(Invoker.java:517)
	at org.testng.internal.Invoker.invokeTestMethod(Invoker.java:669)
	at org.testng.internal.Invoker.invokeTestMethods(Invoker.java:956)
	at org.testng.internal.TestMethodWorker.invokeTestMethods(TestMethodWorker.java:126)
	at org.testng.internal.TestMethodWorker.run(TestMethodWorker.java:110)
	at org.testng.TestRunner.runWorkers(TestRunner.java:759)
	at org.testng.TestRunner.privateRun(TestRunner.java:592)
	at org.testng.TestRunner.run(TestRunner.java:486)
	at org.testng.SuiteRunner.runTest(SuiteRunner.java:332)
	at org.testng.SuiteRunner.runSequentially(SuiteRunner.java:327)
	at org.testng.SuiteRunner.privateRun(SuiteRunner.java:299)
	at org.testng.SuiteRunner.run(SuiteRunner.java:204)
	at org.testng.TestNG.createAndRunSuiteRunners(TestNG.java:877)
	at org.testng.TestNG.runSuitesLocally(TestNG.java:842)
	at org.testng.TestNG.run(TestNG.java:751)
	at org.testng.remote.RemoteTestNG.run(RemoteTestNG.java:73)
	at org.testng.remote.RemoteTestNG.main(RemoteTestNG.java:124)
]]>
            </full-stacktrace>
          </exception>
        </test-method>
        <test-method status="PASS" signature="testaCOMANDOfaliure(java.lang.String)" name="testaCOMANDOfaliure" duration-ms="15" started-at="2009-10-31T16:15:37Z" finished-at="2009-10-31T16:15:37Z">
          <params>
            <param index="0">
              <value>
                <![CDATA[PROJECT [nome]Students;]]>
              </value>
            </param>
          </params>
          <exception class="br.exceptions.SintaticoException">
            <message>
              <![CDATA[Esperava um PARENTESE_E na coluna 14]]>
            </message>
            <full-stacktrace>
              <![CDATA[br.exceptions.SintaticoException: Esperava um PARENTESE_E na coluna 14
	at br.kernel.AnalisadorSintatico.relacao(AnalisadorSintatico.java:236)
	at br.testes.TestesAnaliseSintatica.testaCOMANDOfaliure(TestesAnaliseSintatica.java:157)
	at sun.reflect.NativeMethodAccessorImpl.invoke0(Native Method)
	at sun.reflect.NativeMethodAccessorImpl.invoke(Unknown Source)
	at sun.reflect.DelegatingMethodAccessorImpl.invoke(Unknown Source)
	at java.lang.reflect.Method.invoke(Unknown Source)
	at org.testng.internal.MethodHelper.invokeMethod(MethodHelper.java:607)
	at org.testng.internal.Invoker.invokeMethod(Invoker.java:517)
	at org.testng.internal.Invoker.invokeTestMethod(Invoker.java:669)
	at org.testng.internal.Invoker.invokeTestMethods(Invoker.java:956)
	at org.testng.internal.TestMethodWorker.invokeTestMethods(TestMethodWorker.java:126)
	at org.testng.internal.TestMethodWorker.run(TestMethodWorker.java:110)
	at org.testng.TestRunner.runWorkers(TestRunner.java:759)
	at org.testng.TestRunner.privateRun(TestRunner.java:592)
	at org.testng.TestRunner.run(TestRunner.java:486)
	at org.testng.SuiteRunner.runTest(SuiteRunner.java:332)
	at org.testng.SuiteRunner.runSequentially(SuiteRunner.java:327)
	at org.testng.SuiteRunner.privateRun(SuiteRunner.java:299)
	at org.testng.SuiteRunner.run(SuiteRunner.java:204)
	at org.testng.TestNG.createAndRunSuiteRunners(TestNG.java:877)
	at org.testng.TestNG.runSuitesLocally(TestNG.java:842)
	at org.testng.TestNG.run(TestNG.java:751)
	at org.testng.remote.RemoteTestNG.run(RemoteTestNG.java:73)
	at org.testng.remote.RemoteTestNG.main(RemoteTestNG.java:124)
]]>
            </full-stacktrace>
          </exception>
        </test-method>
        <test-method status="PASS" signature="testaCOMANDOfaliure(java.lang.String)" name="testaCOMANDOfaliure" duration-ms="0" started-at="2009-10-31T16:15:37Z" finished-at="2009-10-31T16:15:37Z">
          <params>
            <param index="0">
              <value>
                <![CDATA[RENAME[NaoFerrouNada] Joaonielton ;]]>
              </value>
            </param>
          </params>
          <exception class="br.exceptions.SintaticoException">
            <message>
              <![CDATA[Esperava um PARENTESE_E na coluna 22]]>
            </message>
            <full-stacktrace>
              <![CDATA[br.exceptions.SintaticoException: Esperava um PARENTESE_E na coluna 22
	at br.kernel.AnalisadorSintatico.relacao(AnalisadorSintatico.java:836)
	at br.testes.TestesAnaliseSintatica.testaCOMANDOfaliure(TestesAnaliseSintatica.java:157)
	at sun.reflect.GeneratedMethodAccessor2.invoke(Unknown Source)
	at sun.reflect.DelegatingMethodAccessorImpl.invoke(Unknown Source)
	at java.lang.reflect.Method.invoke(Unknown Source)
	at org.testng.internal.MethodHelper.invokeMethod(MethodHelper.java:607)
	at org.testng.internal.Invoker.invokeMethod(Invoker.java:517)
	at org.testng.internal.Invoker.invokeTestMethod(Invoker.java:669)
	at org.testng.internal.Invoker.invokeTestMethods(Invoker.java:956)
	at org.testng.internal.TestMethodWorker.invokeTestMethods(TestMethodWorker.java:126)
	at org.testng.internal.TestMethodWorker.run(TestMethodWorker.java:110)
	at org.testng.TestRunner.runWorkers(TestRunner.java:759)
	at org.testng.TestRunner.privateRun(TestRunner.java:592)
	at org.testng.TestRunner.run(TestRunner.java:486)
	at org.testng.SuiteRunner.runTest(SuiteRunner.java:332)
	at org.testng.SuiteRunner.runSequentially(SuiteRunner.java:327)
	at org.testng.SuiteRunner.privateRun(SuiteRunner.java:299)
	at org.testng.SuiteRunner.run(SuiteRunner.java:204)
	at org.testng.TestNG.createAndRunSuiteRunners(TestNG.java:877)
	at org.testng.TestNG.runSuitesLocally(TestNG.java:842)
	at org.testng.TestNG.run(TestNG.java:751)
	at org.testng.remote.RemoteTestNG.run(RemoteTestNG.java:73)
	at org.testng.remote.RemoteTestNG.main(RemoteTestNG.java:124)
]]>
            </full-stacktrace>
          </exception>
        </test-method>
        <test-method status="PASS" signature="testaCOMANDOsuccess(java.lang.String)" name="testaCOMANDOsuccess" duration-ms="0" started-at="2009-10-31T16:15:37Z" finished-at="2009-10-31T16:15:37Z">
          <params>
            <param index="0">
              <value>
                <![CDATA[PROJECT [nome](SELECT [nome='Santos', sal>2345]((Developers) TIMES (Students)) );]]>
              </value>
            </param>
          </params>
        </test-method>
        <test-method status="FAIL" signature="testaCOMANDOsuccess(java.lang.String)" name="testaCOMANDOsuccess" duration-ms="0" started-at="2009-10-31T16:15:37Z" finished-at="2009-10-31T16:15:37Z">
          <params>
            <param index="0">
              <value>
                <![CDATA[PROJECT [no.me, sal](JOIN[Developers='Seniors']((Students)TIMES(Alunos)));]]>
              </value>
            </param>
          </params>
          <exception class="br.exceptions.SintaticoException">
            <message>
              <![CDATA[Esperava um ID na coluna 37]]>
            </message>
            <full-stacktrace>
              <![CDATA[br.exceptions.SintaticoException: Esperava um ID na coluna 37
	at br.kernel.AnalisadorSintatico.relacao(AnalisadorSintatico.java:545)
	at br.kernel.AnalisadorSintatico.relacao(AnalisadorSintatico.java:262)
	at br.testes.TestesAnaliseSintatica.testaCOMANDOsuccess(TestesAnaliseSintatica.java:61)
	at sun.reflect.NativeMethodAccessorImpl.invoke0(Native Method)
	at sun.reflect.NativeMethodAccessorImpl.invoke(Unknown Source)
	at sun.reflect.DelegatingMethodAccessorImpl.invoke(Unknown Source)
	at java.lang.reflect.Method.invoke(Unknown Source)
	at org.testng.internal.MethodHelper.invokeMethod(MethodHelper.java:607)
	at org.testng.internal.Invoker.invokeMethod(Invoker.java:517)
	at org.testng.internal.Invoker.invokeTestMethod(Invoker.java:669)
	at org.testng.internal.Invoker.invokeTestMethods(Invoker.java:956)
	at org.testng.internal.TestMethodWorker.invokeTestMethods(TestMethodWorker.java:126)
	at org.testng.internal.TestMethodWorker.run(TestMethodWorker.java:110)
	at org.testng.TestRunner.runWorkers(TestRunner.java:759)
	at org.testng.TestRunner.privateRun(TestRunner.java:592)
	at org.testng.TestRunner.run(TestRunner.java:486)
	at org.testng.SuiteRunner.runTest(SuiteRunner.java:332)
	at org.testng.SuiteRunner.runSequentially(SuiteRunner.java:327)
	at org.testng.SuiteRunner.privateRun(SuiteRunner.java:299)
	at org.testng.SuiteRunner.run(SuiteRunner.java:204)
	at org.testng.TestNG.createAndRunSuiteRunners(TestNG.java:877)
	at org.testng.TestNG.runSuitesLocally(TestNG.java:842)
	at org.testng.TestNG.run(TestNG.java:751)
	at org.testng.remote.RemoteTestNG.run(RemoteTestNG.java:73)
	at org.testng.remote.RemoteTestNG.main(RemoteTestNG.java:124)
]]>
            </full-stacktrace>
          </exception>
        </test-method>
        <test-method status="PASS" signature="testaCOMANDOfaliure(java.lang.String)" name="testaCOMANDOfaliure" duration-ms="15" started-at="2009-10-31T16:15:38Z" finished-at="2009-10-31T16:15:38Z">
          <params>
            <param index="0">
              <value>
                <![CDATA[('assim')TIMES(SAssado);]]>
              </value>
            </param>
          </params>
          <exception class="br.exceptions.SintaticoException">
            <message>
              <![CDATA[Esperava um ID ou OP_PROJ ou OP_SEL ou OP_JUN ou OP_REN ou mesmo um PARENTESE_E na coluna 1]]>
            </message>
            <full-stacktrace>
              <![CDATA[br.exceptions.SintaticoException: Esperava um ID ou OP_PROJ ou OP_SEL ou OP_JUN ou OP_REN ou mesmo um PARENTESE_E na coluna 1
	at br.kernel.AnalisadorSintatico.relacao(AnalisadorSintatico.java:930)
	at br.testes.TestesAnaliseSintatica.testaCOMANDOfaliure(TestesAnaliseSintatica.java:157)
	at sun.reflect.GeneratedMethodAccessor2.invoke(Unknown Source)
	at sun.reflect.DelegatingMethodAccessorImpl.invoke(Unknown Source)
	at java.lang.reflect.Method.invoke(Unknown Source)
	at org.testng.internal.MethodHelper.invokeMethod(MethodHelper.java:607)
	at org.testng.internal.Invoker.invokeMethod(Invoker.java:517)
	at org.testng.internal.Invoker.invokeTestMethod(Invoker.java:669)
	at org.testng.internal.Invoker.invokeTestMethods(Invoker.java:956)
	at org.testng.internal.TestMethodWorker.invokeTestMethods(TestMethodWorker.java:126)
	at org.testng.internal.TestMethodWorker.run(TestMethodWorker.java:110)
	at org.testng.TestRunner.runWorkers(TestRunner.java:759)
	at org.testng.TestRunner.privateRun(TestRunner.java:592)
	at org.testng.TestRunner.run(TestRunner.java:486)
	at org.testng.SuiteRunner.runTest(SuiteRunner.java:332)
	at org.testng.SuiteRunner.runSequentially(SuiteRunner.java:327)
	at org.testng.SuiteRunner.privateRun(SuiteRunner.java:299)
	at org.testng.SuiteRunner.run(SuiteRunner.java:204)
	at org.testng.TestNG.createAndRunSuiteRunners(TestNG.java:877)
	at org.testng.TestNG.runSuitesLocally(TestNG.java:842)
	at org.testng.TestNG.run(TestNG.java:751)
	at org.testng.remote.RemoteTestNG.run(RemoteTestNG.java:73)
	at org.testng.remote.RemoteTestNG.main(RemoteTestNG.java:124)
]]>
            </full-stacktrace>
          </exception>
        </test-method>
        <test-method status="PASS" signature="testaCOMANDOfaliure(java.lang.String)" name="testaCOMANDOfaliure" duration-ms="0" started-at="2009-10-31T16:15:38Z" finished-at="2009-10-31T16:15:38Z">
          <params>
            <param index="0">
              <value>
                <![CDATA[(Students)DIVISION(StudentS <> 456);]]>
              </value>
            </param>
          </params>
          <exception class="br.exceptions.SintaticoException">
            <message>
              <![CDATA[Esperava um PARENTESE_D na coluna 28]]>
            </message>
            <full-stacktrace>
              <![CDATA[br.exceptions.SintaticoException: Esperava um PARENTESE_D na coluna 28
	at br.kernel.AnalisadorSintatico.relacao(AnalisadorSintatico.java:1121)
	at br.testes.TestesAnaliseSintatica.testaCOMANDOfaliure(TestesAnaliseSintatica.java:157)
	at sun.reflect.GeneratedMethodAccessor2.invoke(Unknown Source)
	at sun.reflect.DelegatingMethodAccessorImpl.invoke(Unknown Source)
	at java.lang.reflect.Method.invoke(Unknown Source)
	at org.testng.internal.MethodHelper.invokeMethod(MethodHelper.java:607)
	at org.testng.internal.Invoker.invokeMethod(Invoker.java:517)
	at org.testng.internal.Invoker.invokeTestMethod(Invoker.java:669)
	at org.testng.internal.Invoker.invokeTestMethods(Invoker.java:956)
	at org.testng.internal.TestMethodWorker.invokeTestMethods(TestMethodWorker.java:126)
	at org.testng.internal.TestMethodWorker.run(TestMethodWorker.java:110)
	at org.testng.TestRunner.runWorkers(TestRunner.java:759)
	at org.testng.TestRunner.privateRun(TestRunner.java:592)
	at org.testng.TestRunner.run(TestRunner.java:486)
	at org.testng.SuiteRunner.runTest(SuiteRunner.java:332)
	at org.testng.SuiteRunner.runSequentially(SuiteRunner.java:327)
	at org.testng.SuiteRunner.privateRun(SuiteRunner.java:299)
	at org.testng.SuiteRunner.run(SuiteRunner.java:204)
	at org.testng.TestNG.createAndRunSuiteRunners(TestNG.java:877)
	at org.testng.TestNG.runSuitesLocally(TestNG.java:842)
	at org.testng.TestNG.run(TestNG.java:751)
	at org.testng.remote.RemoteTestNG.run(RemoteTestNG.java:73)
	at org.testng.remote.RemoteTestNG.main(RemoteTestNG.java:124)
]]>
            </full-stacktrace>
          </exception>
        </test-method>
        <test-method status="PASS" signature="testaCOMANDOfaliure(java.lang.String)" name="testaCOMANDOfaliure" duration-ms="0" started-at="2009-10-31T16:15:37Z" finished-at="2009-10-31T16:15:37Z">
          <params>
            <param index="0">
              <value>
                <![CDATA[SELECT [nome = Alcemir, sal>1.234] (Developers);]]>
              </value>
            </param>
          </params>
          <exception class="br.exceptions.SintaticoException">
            <message>
              <![CDATA[Esperava um HORA ou NUM ou mesmo um LITERAL na coluna 15]]>
            </message>
            <full-stacktrace>
              <![CDATA[br.exceptions.SintaticoException: Esperava um HORA ou NUM ou mesmo um LITERAL na coluna 15
	at br.kernel.AnalisadorSintatico.relacao(AnalisadorSintatico.java:374)
	at br.testes.TestesAnaliseSintatica.testaCOMANDOfaliure(TestesAnaliseSintatica.java:157)
	at sun.reflect.NativeMethodAccessorImpl.invoke0(Native Method)
	at sun.reflect.NativeMethodAccessorImpl.invoke(Unknown Source)
	at sun.reflect.DelegatingMethodAccessorImpl.invoke(Unknown Source)
	at java.lang.reflect.Method.invoke(Unknown Source)
	at org.testng.internal.MethodHelper.invokeMethod(MethodHelper.java:607)
	at org.testng.internal.Invoker.invokeMethod(Invoker.java:517)
	at org.testng.internal.Invoker.invokeTestMethod(Invoker.java:669)
	at org.testng.internal.Invoker.invokeTestMethods(Invoker.java:956)
	at org.testng.internal.TestMethodWorker.invokeTestMethods(TestMethodWorker.java:126)
	at org.testng.internal.TestMethodWorker.run(TestMethodWorker.java:110)
	at org.testng.TestRunner.runWorkers(TestRunner.java:759)
	at org.testng.TestRunner.privateRun(TestRunner.java:592)
	at org.testng.TestRunner.run(TestRunner.java:486)
	at org.testng.SuiteRunner.runTest(SuiteRunner.java:332)
	at org.testng.SuiteRunner.runSequentially(SuiteRunner.java:327)
	at org.testng.SuiteRunner.privateRun(SuiteRunner.java:299)
	at org.testng.SuiteRunner.run(SuiteRunner.java:204)
	at org.testng.TestNG.createAndRunSuiteRunners(TestNG.java:877)
	at org.testng.TestNG.runSuitesLocally(TestNG.java:842)
	at org.testng.TestNG.run(TestNG.java:751)
	at org.testng.remote.RemoteTestNG.run(RemoteTestNG.java:73)
	at org.testng.remote.RemoteTestNG.main(RemoteTestNG.java:124)
]]>
            </full-stacktrace>
          </exception>
        </test-method>
        <test-method status="PASS" signature="testaCOMANDOfaliure(java.lang.String)" name="testaCOMANDOfaliure" duration-ms="0" started-at="2009-10-31T16:15:37Z" finished-at="2009-10-31T16:15:37Z">
          <params>
            <param index="0">
              <value>
                <![CDATA[PROJECT [nome]Students);]]>
              </value>
            </param>
          </params>
          <exception class="br.exceptions.SintaticoException">
            <message>
              <![CDATA[Esperava um PARENTESE_E na coluna 14]]>
            </message>
            <full-stacktrace>
              <![CDATA[br.exceptions.SintaticoException: Esperava um PARENTESE_E na coluna 14
	at br.kernel.AnalisadorSintatico.relacao(AnalisadorSintatico.java:236)
	at br.testes.TestesAnaliseSintatica.testaCOMANDOfaliure(TestesAnaliseSintatica.java:157)
	at sun.reflect.NativeMethodAccessorImpl.invoke0(Native Method)
	at sun.reflect.NativeMethodAccessorImpl.invoke(Unknown Source)
	at sun.reflect.DelegatingMethodAccessorImpl.invoke(Unknown Source)
	at java.lang.reflect.Method.invoke(Unknown Source)
	at org.testng.internal.MethodHelper.invokeMethod(MethodHelper.java:607)
	at org.testng.internal.Invoker.invokeMethod(Invoker.java:517)
	at org.testng.internal.Invoker.invokeTestMethod(Invoker.java:669)
	at org.testng.internal.Invoker.invokeTestMethods(Invoker.java:956)
	at org.testng.internal.TestMethodWorker.invokeTestMethods(TestMethodWorker.java:126)
	at org.testng.internal.TestMethodWorker.run(TestMethodWorker.java:110)
	at org.testng.TestRunner.runWorkers(TestRunner.java:759)
	at org.testng.TestRunner.privateRun(TestRunner.java:592)
	at org.testng.TestRunner.run(TestRunner.java:486)
	at org.testng.SuiteRunner.runTest(SuiteRunner.java:332)
	at org.testng.SuiteRunner.runSequentially(SuiteRunner.java:327)
	at org.testng.SuiteRunner.privateRun(SuiteRunner.java:299)
	at org.testng.SuiteRunner.run(SuiteRunner.java:204)
	at org.testng.TestNG.createAndRunSuiteRunners(TestNG.java:877)
	at org.testng.TestNG.runSuitesLocally(TestNG.java:842)
	at org.testng.TestNG.run(TestNG.java:751)
	at org.testng.remote.RemoteTestNG.run(RemoteTestNG.java:73)
	at org.testng.remote.RemoteTestNG.main(RemoteTestNG.java:124)
]]>
            </full-stacktrace>
          </exception>
        </test-method>
        <test-method status="PASS" signature="testaCOMANDOsuccess(java.lang.String)" name="testaCOMANDOsuccess" duration-ms="15" started-at="2009-10-31T16:15:37Z" finished-at="2009-10-31T16:15:37Z">
          <params>
            <param index="0">
              <value>
                <![CDATA[PROJECT [nome, sal]((Developers)TIMES(Students));]]>
              </value>
            </param>
          </params>
        </test-method>
        <test-method status="FAIL" signature="testaCOMANDOsuccess(java.lang.String)" name="testaCOMANDOsuccess" duration-ms="15" started-at="2009-10-31T16:15:37Z" finished-at="2009-10-31T16:15:37Z">
          <params>
            <param index="0">
              <value>
                <![CDATA[RENAME[FerrouFoitudo](JOIN [nome='sal']((JOIN [nome='Alcemir']((Developers) TIMES (Students)))TIMES(PROJECT [nome, sal](JOIN[Developers='Seniors']((Students)TIMES(Alunos))))));]]>
              </value>
            </param>
          </params>
          <exception class="br.exceptions.SintaticoException">
            <message>
              <![CDATA[Esperava um ID na coluna 33]]>
            </message>
            <full-stacktrace>
              <![CDATA[br.exceptions.SintaticoException: Esperava um ID na coluna 33
	at br.kernel.AnalisadorSintatico.relacao(AnalisadorSintatico.java:545)
	at br.kernel.AnalisadorSintatico.relacao(AnalisadorSintatico.java:860)
	at br.testes.TestesAnaliseSintatica.testaCOMANDOsuccess(TestesAnaliseSintatica.java:61)
	at sun.reflect.GeneratedMethodAccessor1.invoke(Unknown Source)
	at sun.reflect.DelegatingMethodAccessorImpl.invoke(Unknown Source)
	at java.lang.reflect.Method.invoke(Unknown Source)
	at org.testng.internal.MethodHelper.invokeMethod(MethodHelper.java:607)
	at org.testng.internal.Invoker.invokeMethod(Invoker.java:517)
	at org.testng.internal.Invoker.invokeTestMethod(Invoker.java:669)
	at org.testng.internal.Invoker.invokeTestMethods(Invoker.java:956)
	at org.testng.internal.TestMethodWorker.invokeTestMethods(TestMethodWorker.java:126)
	at org.testng.internal.TestMethodWorker.run(TestMethodWorker.java:110)
	at org.testng.TestRunner.runWorkers(TestRunner.java:759)
	at org.testng.TestRunner.privateRun(TestRunner.java:592)
	at org.testng.TestRunner.run(TestRunner.java:486)
	at org.testng.SuiteRunner.runTest(SuiteRunner.java:332)
	at org.testng.SuiteRunner.runSequentially(SuiteRunner.java:327)
	at org.testng.SuiteRunner.privateRun(SuiteRunner.java:299)
	at org.testng.SuiteRunner.run(SuiteRunner.java:204)
	at org.testng.TestNG.createAndRunSuiteRunners(TestNG.java:877)
	at org.testng.TestNG.runSuitesLocally(TestNG.java:842)
	at org.testng.TestNG.run(TestNG.java:751)
	at org.testng.remote.RemoteTestNG.run(RemoteTestNG.java:73)
	at org.testng.remote.RemoteTestNG.main(RemoteTestNG.java:124)
]]>
            </full-stacktrace>
          </exception>
        </test-method>
        <test-method status="PASS" signature="testaCOMANDOfaliure(java.lang.String)" name="testaCOMANDOfaliure" duration-ms="0" started-at="2009-10-31T16:15:38Z" finished-at="2009-10-31T16:15:38Z">
          <params>
            <param index="0">
              <value>
                <![CDATA[(JOIN)DIVISION(StudentS);]]>
              </value>
            </param>
          </params>
          <exception class="br.exceptions.SintaticoException">
            <message>
              <![CDATA[Esperava um COLCHETE_E na coluna 5]]>
            </message>
            <full-stacktrace>
              <![CDATA[br.exceptions.SintaticoException: Esperava um COLCHETE_E na coluna 5
	at br.kernel.AnalisadorSintatico.relacao(AnalisadorSintatico.java:495)
	at br.kernel.AnalisadorSintatico.relacao(AnalisadorSintatico.java:923)
	at br.testes.TestesAnaliseSintatica.testaCOMANDOfaliure(TestesAnaliseSintatica.java:157)
	at sun.reflect.GeneratedMethodAccessor2.invoke(Unknown Source)
	at sun.reflect.DelegatingMethodAccessorImpl.invoke(Unknown Source)
	at java.lang.reflect.Method.invoke(Unknown Source)
	at org.testng.internal.MethodHelper.invokeMethod(MethodHelper.java:607)
	at org.testng.internal.Invoker.invokeMethod(Invoker.java:517)
	at org.testng.internal.Invoker.invokeTestMethod(Invoker.java:669)
	at org.testng.internal.Invoker.invokeTestMethods(Invoker.java:956)
	at org.testng.internal.TestMethodWorker.invokeTestMethods(TestMethodWorker.java:126)
	at org.testng.internal.TestMethodWorker.run(TestMethodWorker.java:110)
	at org.testng.TestRunner.runWorkers(TestRunner.java:759)
	at org.testng.TestRunner.privateRun(TestRunner.java:592)
	at org.testng.TestRunner.run(TestRunner.java:486)
	at org.testng.SuiteRunner.runTest(SuiteRunner.java:332)
	at org.testng.SuiteRunner.runSequentially(SuiteRunner.java:327)
	at org.testng.SuiteRunner.privateRun(SuiteRunner.java:299)
	at org.testng.SuiteRunner.run(SuiteRunner.java:204)
	at org.testng.TestNG.createAndRunSuiteRunners(TestNG.java:877)
	at org.testng.TestNG.runSuitesLocally(TestNG.java:842)
	at org.testng.TestNG.run(TestNG.java:751)
	at org.testng.remote.RemoteTestNG.run(RemoteTestNG.java:73)
	at org.testng.remote.RemoteTestNG.main(RemoteTestNG.java:124)
]]>
            </full-stacktrace>
          </exception>
        </test-method>
        <test-method status="PASS" signature="testaCOMANDOfaliure(java.lang.String)" name="testaCOMANDOfaliure" duration-ms="0" started-at="2009-10-31T16:15:38Z" finished-at="2009-10-31T16:15:38Z">
          <params>
            <param index="0">
              <value>
                <![CDATA[(Students)DIVISION(StudentS = );]]>
              </value>
            </param>
          </params>
          <exception class="br.exceptions.SintaticoException">
            <message>
              <![CDATA[Esperava um PARENTESE_D na coluna 28]]>
            </message>
            <full-stacktrace>
              <![CDATA[br.exceptions.SintaticoException: Esperava um PARENTESE_D na coluna 28
	at br.kernel.AnalisadorSintatico.relacao(AnalisadorSintatico.java:1121)
	at br.testes.TestesAnaliseSintatica.testaCOMANDOfaliure(TestesAnaliseSintatica.java:157)
	at sun.reflect.GeneratedMethodAccessor2.invoke(Unknown Source)
	at sun.reflect.DelegatingMethodAccessorImpl.invoke(Unknown Source)
	at java.lang.reflect.Method.invoke(Unknown Source)
	at org.testng.internal.MethodHelper.invokeMethod(MethodHelper.java:607)
	at org.testng.internal.Invoker.invokeMethod(Invoker.java:517)
	at org.testng.internal.Invoker.invokeTestMethod(Invoker.java:669)
	at org.testng.internal.Invoker.invokeTestMethods(Invoker.java:956)
	at org.testng.internal.TestMethodWorker.invokeTestMethods(TestMethodWorker.java:126)
	at org.testng.internal.TestMethodWorker.run(TestMethodWorker.java:110)
	at org.testng.TestRunner.runWorkers(TestRunner.java:759)
	at org.testng.TestRunner.privateRun(TestRunner.java:592)
	at org.testng.TestRunner.run(TestRunner.java:486)
	at org.testng.SuiteRunner.runTest(SuiteRunner.java:332)
	at org.testng.SuiteRunner.runSequentially(SuiteRunner.java:327)
	at org.testng.SuiteRunner.privateRun(SuiteRunner.java:299)
	at org.testng.SuiteRunner.run(SuiteRunner.java:204)
	at org.testng.TestNG.createAndRunSuiteRunners(TestNG.java:877)
	at org.testng.TestNG.runSuitesLocally(TestNG.java:842)
	at org.testng.TestNG.run(TestNG.java:751)
	at org.testng.remote.RemoteTestNG.run(RemoteTestNG.java:73)
	at org.testng.remote.RemoteTestNG.main(RemoteTestNG.java:124)
]]>
            </full-stacktrace>
          </exception>
        </test-method>
        <test-method status="PASS" signature="testaCOMANDOfaliure(java.lang.String)" name="testaCOMANDOfaliure" duration-ms="0" started-at="2009-10-31T16:15:37Z" finished-at="2009-10-31T16:15:37Z">
          <params>
            <param index="0">
              <value>
                <![CDATA[JOIN [nome 'Alcemir']((Developers) TIMES (Students));]]>
              </value>
            </param>
          </params>
          <exception class="br.exceptions.SintaticoException">
            <message>
              <![CDATA[Esperava um OP_RELACIONAL na coluna 11]]>
            </message>
            <full-stacktrace>
              <![CDATA[br.exceptions.SintaticoException: Esperava um OP_RELACIONAL na coluna 11
	at br.kernel.AnalisadorSintatico.relacao(AnalisadorSintatico.java:528)
	at br.testes.TestesAnaliseSintatica.testaCOMANDOfaliure(TestesAnaliseSintatica.java:157)
	at sun.reflect.GeneratedMethodAccessor2.invoke(Unknown Source)
	at sun.reflect.DelegatingMethodAccessorImpl.invoke(Unknown Source)
	at java.lang.reflect.Method.invoke(Unknown Source)
	at org.testng.internal.MethodHelper.invokeMethod(MethodHelper.java:607)
	at org.testng.internal.Invoker.invokeMethod(Invoker.java:517)
	at org.testng.internal.Invoker.invokeTestMethod(Invoker.java:669)
	at org.testng.internal.Invoker.invokeTestMethods(Invoker.java:956)
	at org.testng.internal.TestMethodWorker.invokeTestMethods(TestMethodWorker.java:126)
	at org.testng.internal.TestMethodWorker.run(TestMethodWorker.java:110)
	at org.testng.TestRunner.runWorkers(TestRunner.java:759)
	at org.testng.TestRunner.privateRun(TestRunner.java:592)
	at org.testng.TestRunner.run(TestRunner.java:486)
	at org.testng.SuiteRunner.runTest(SuiteRunner.java:332)
	at org.testng.SuiteRunner.runSequentially(SuiteRunner.java:327)
	at org.testng.SuiteRunner.privateRun(SuiteRunner.java:299)
	at org.testng.SuiteRunner.run(SuiteRunner.java:204)
	at org.testng.TestNG.createAndRunSuiteRunners(TestNG.java:877)
	at org.testng.TestNG.runSuitesLocally(TestNG.java:842)
	at org.testng.TestNG.run(TestNG.java:751)
	at org.testng.remote.RemoteTestNG.run(RemoteTestNG.java:73)
	at org.testng.remote.RemoteTestNG.main(RemoteTestNG.java:124)
]]>
            </full-stacktrace>
          </exception>
        </test-method>
        <test-method status="PASS" signature="testaCOMANDOfaliure(java.lang.String)" name="testaCOMANDOfaliure" duration-ms="0" started-at="2009-10-31T16:15:37Z" finished-at="2009-10-31T16:15:37Z">
          <params>
            <param index="0">
              <value>
                <![CDATA[JOIN [nome='Alcemir'](Developers) TIMES (Students);]]>
              </value>
            </param>
          </params>
          <exception class="br.exceptions.SintaticoException">
            <message>
              <![CDATA[Esperava um ID na coluna 11]]>
            </message>
            <full-stacktrace>
              <![CDATA[br.exceptions.SintaticoException: Esperava um ID na coluna 11
	at br.kernel.AnalisadorSintatico.relacao(AnalisadorSintatico.java:545)
	at br.testes.TestesAnaliseSintatica.testaCOMANDOfaliure(TestesAnaliseSintatica.java:157)
	at sun.reflect.GeneratedMethodAccessor2.invoke(Unknown Source)
	at sun.reflect.DelegatingMethodAccessorImpl.invoke(Unknown Source)
	at java.lang.reflect.Method.invoke(Unknown Source)
	at org.testng.internal.MethodHelper.invokeMethod(MethodHelper.java:607)
	at org.testng.internal.Invoker.invokeMethod(Invoker.java:517)
	at org.testng.internal.Invoker.invokeTestMethod(Invoker.java:669)
	at org.testng.internal.Invoker.invokeTestMethods(Invoker.java:956)
	at org.testng.internal.TestMethodWorker.invokeTestMethods(TestMethodWorker.java:126)
	at org.testng.internal.TestMethodWorker.run(TestMethodWorker.java:110)
	at org.testng.TestRunner.runWorkers(TestRunner.java:759)
	at org.testng.TestRunner.privateRun(TestRunner.java:592)
	at org.testng.TestRunner.run(TestRunner.java:486)
	at org.testng.SuiteRunner.runTest(SuiteRunner.java:332)
	at org.testng.SuiteRunner.runSequentially(SuiteRunner.java:327)
	at org.testng.SuiteRunner.privateRun(SuiteRunner.java:299)
	at org.testng.SuiteRunner.run(SuiteRunner.java:204)
	at org.testng.TestNG.createAndRunSuiteRunners(TestNG.java:877)
	at org.testng.TestNG.runSuitesLocally(TestNG.java:842)
	at org.testng.TestNG.run(TestNG.java:751)
	at org.testng.remote.RemoteTestNG.run(RemoteTestNG.java:73)
	at org.testng.remote.RemoteTestNG.main(RemoteTestNG.java:124)
]]>
            </full-stacktrace>
          </exception>
        </test-method>
        <test-method status="PASS" signature="testaCOMANDOfaliure(java.lang.String)" name="testaCOMANDOfaliure" duration-ms="0" started-at="2009-10-31T16:15:37Z" finished-at="2009-10-31T16:15:37Z">
          <params>
            <param index="0">
              <value>
                <![CDATA[PROJECT [SELECT](Students);]]>
              </value>
            </param>
          </params>
          <exception class="br.exceptions.SintaticoException">
            <message>
              <![CDATA[Esperava um ID na coluna 9]]>
            </message>
            <full-stacktrace>
              <![CDATA[br.exceptions.SintaticoException: Esperava um ID na coluna 9
	at br.kernel.AnalisadorSintatico.relacao(AnalisadorSintatico.java:180)
	at br.testes.TestesAnaliseSintatica.testaCOMANDOfaliure(TestesAnaliseSintatica.java:157)
	at sun.reflect.GeneratedMethodAccessor2.invoke(Unknown Source)
	at sun.reflect.DelegatingMethodAccessorImpl.invoke(Unknown Source)
	at java.lang.reflect.Method.invoke(Unknown Source)
	at org.testng.internal.MethodHelper.invokeMethod(MethodHelper.java:607)
	at org.testng.internal.Invoker.invokeMethod(Invoker.java:517)
	at org.testng.internal.Invoker.invokeTestMethod(Invoker.java:669)
	at org.testng.internal.Invoker.invokeTestMethods(Invoker.java:956)
	at org.testng.internal.TestMethodWorker.invokeTestMethods(TestMethodWorker.java:126)
	at org.testng.internal.TestMethodWorker.run(TestMethodWorker.java:110)
	at org.testng.TestRunner.runWorkers(TestRunner.java:759)
	at org.testng.TestRunner.privateRun(TestRunner.java:592)
	at org.testng.TestRunner.run(TestRunner.java:486)
	at org.testng.SuiteRunner.runTest(SuiteRunner.java:332)
	at org.testng.SuiteRunner.runSequentially(SuiteRunner.java:327)
	at org.testng.SuiteRunner.privateRun(SuiteRunner.java:299)
	at org.testng.SuiteRunner.run(SuiteRunner.java:204)
	at org.testng.TestNG.createAndRunSuiteRunners(TestNG.java:877)
	at org.testng.TestNG.runSuitesLocally(TestNG.java:842)
	at org.testng.TestNG.run(TestNG.java:751)
	at org.testng.remote.RemoteTestNG.run(RemoteTestNG.java:73)
	at org.testng.remote.RemoteTestNG.main(RemoteTestNG.java:124)
]]>
            </full-stacktrace>
          </exception>
        </test-method>
        <test-method status="PASS" signature="testaCOMANDOsuccess(java.lang.String)" name="testaCOMANDOsuccess" duration-ms="0" started-at="2009-10-31T16:15:37Z" finished-at="2009-10-31T16:15:37Z">
          <params>
            <param index="0">
              <value>
                <![CDATA[RENAME[NaoFerrouNada](Joaoni.elton);]]>
              </value>
            </param>
          </params>
        </test-method>
        <test-method status="PASS" signature="testaCOMANDOfaliure(java.lang.String)" name="testaCOMANDOfaliure" duration-ms="0" started-at="2009-10-31T16:15:38Z" finished-at="2009-10-31T16:15:38Z">
          <params>
            <param index="0">
              <value>
                <![CDATA[Students)DIVISION(StudentS);]]>
              </value>
            </param>
          </params>
          <exception class="br.exceptions.SintaticoException">
            <message>
              <![CDATA[Esperava um OP_PROJ ou um OP_SEL ou um OP_JUN ou um OP_REN ou mesmo um PARENTESE_E na coluna 0]]>
            </message>
            <full-stacktrace>
              <![CDATA[br.exceptions.SintaticoException: Esperava um OP_PROJ ou um OP_SEL ou um OP_JUN ou um OP_REN ou mesmo um PARENTESE_E na coluna 0
	at br.kernel.AnalisadorSintatico.relacao(AnalisadorSintatico.java:139)
	at br.testes.TestesAnaliseSintatica.testaCOMANDOfaliure(TestesAnaliseSintatica.java:157)
	at sun.reflect.GeneratedMethodAccessor2.invoke(Unknown Source)
	at sun.reflect.DelegatingMethodAccessorImpl.invoke(Unknown Source)
	at java.lang.reflect.Method.invoke(Unknown Source)
	at org.testng.internal.MethodHelper.invokeMethod(MethodHelper.java:607)
	at org.testng.internal.Invoker.invokeMethod(Invoker.java:517)
	at org.testng.internal.Invoker.invokeTestMethod(Invoker.java:669)
	at org.testng.internal.Invoker.invokeTestMethods(Invoker.java:956)
	at org.testng.internal.TestMethodWorker.invokeTestMethods(TestMethodWorker.java:126)
	at org.testng.internal.TestMethodWorker.run(TestMethodWorker.java:110)
	at org.testng.TestRunner.runWorkers(TestRunner.java:759)
	at org.testng.TestRunner.privateRun(TestRunner.java:592)
	at org.testng.TestRunner.run(TestRunner.java:486)
	at org.testng.SuiteRunner.runTest(SuiteRunner.java:332)
	at org.testng.SuiteRunner.runSequentially(SuiteRunner.java:327)
	at org.testng.SuiteRunner.privateRun(SuiteRunner.java:299)
	at org.testng.SuiteRunner.run(SuiteRunner.java:204)
	at org.testng.TestNG.createAndRunSuiteRunners(TestNG.java:877)
	at org.testng.TestNG.runSuitesLocally(TestNG.java:842)
	at org.testng.TestNG.run(TestNG.java:751)
	at org.testng.remote.RemoteTestNG.run(RemoteTestNG.java:73)
	at org.testng.remote.RemoteTestNG.main(RemoteTestNG.java:124)
]]>
            </full-stacktrace>
          </exception>
        </test-method>
        <test-method status="PASS" signature="testaCOMANDOfaliure(java.lang.String)" name="testaCOMANDOfaliure" duration-ms="0" started-at="2009-10-31T16:15:38Z" finished-at="2009-10-31T16:15:38Z">
          <params>
            <param index="0">
              <value>
                <![CDATA[(assim = )TIMES(SAssado);]]>
              </value>
            </param>
          </params>
          <exception class="br.exceptions.SintaticoException">
            <message>
              <![CDATA[Esperava um PARENTESE_D na coluna 7]]>
            </message>
            <full-stacktrace>
              <![CDATA[br.exceptions.SintaticoException: Esperava um PARENTESE_D na coluna 7
	at br.kernel.AnalisadorSintatico.relacao(AnalisadorSintatico.java:952)
	at br.testes.TestesAnaliseSintatica.testaCOMANDOfaliure(TestesAnaliseSintatica.java:157)
	at sun.reflect.GeneratedMethodAccessor2.invoke(Unknown Source)
	at sun.reflect.DelegatingMethodAccessorImpl.invoke(Unknown Source)
	at java.lang.reflect.Method.invoke(Unknown Source)
	at org.testng.internal.MethodHelper.invokeMethod(MethodHelper.java:607)
	at org.testng.internal.Invoker.invokeMethod(Invoker.java:517)
	at org.testng.internal.Invoker.invokeTestMethod(Invoker.java:669)
	at org.testng.internal.Invoker.invokeTestMethods(Invoker.java:956)
	at org.testng.internal.TestMethodWorker.invokeTestMethods(TestMethodWorker.java:126)
	at org.testng.internal.TestMethodWorker.run(TestMethodWorker.java:110)
	at org.testng.TestRunner.runWorkers(TestRunner.java:759)
	at org.testng.TestRunner.privateRun(TestRunner.java:592)
	at org.testng.TestRunner.run(TestRunner.java:486)
	at org.testng.SuiteRunner.runTest(SuiteRunner.java:332)
	at org.testng.SuiteRunner.runSequentially(SuiteRunner.java:327)
	at org.testng.SuiteRunner.privateRun(SuiteRunner.java:299)
	at org.testng.SuiteRunner.run(SuiteRunner.java:204)
	at org.testng.TestNG.createAndRunSuiteRunners(TestNG.java:877)
	at org.testng.TestNG.runSuitesLocally(TestNG.java:842)
	at org.testng.TestNG.run(TestNG.java:751)
	at org.testng.remote.RemoteTestNG.run(RemoteTestNG.java:73)
	at org.testng.remote.RemoteTestNG.main(RemoteTestNG.java:124)
]]>
            </full-stacktrace>
          </exception>
        </test-method>
        <test-method status="PASS" signature="testaCOMANDOfaliure(java.lang.String)" name="testaCOMANDOfaliure" duration-ms="0" started-at="2009-10-31T16:15:37Z" finished-at="2009-10-31T16:15:37Z">
          <params>
            <param index="0">
              <value>
                <![CDATA[JOIN [nome='Alcemir'((Developers) TIMES (Students));]]>
              </value>
            </param>
          </params>
          <exception class="br.exceptions.SintaticoException">
            <message>
              <![CDATA[Esperava um ID na coluna 11]]>
            </message>
            <full-stacktrace>
              <![CDATA[br.exceptions.SintaticoException: Esperava um ID na coluna 11
	at br.kernel.AnalisadorSintatico.relacao(AnalisadorSintatico.java:545)
	at br.testes.TestesAnaliseSintatica.testaCOMANDOfaliure(TestesAnaliseSintatica.java:157)
	at sun.reflect.GeneratedMethodAccessor2.invoke(Unknown Source)
	at sun.reflect.DelegatingMethodAccessorImpl.invoke(Unknown Source)
	at java.lang.reflect.Method.invoke(Unknown Source)
	at org.testng.internal.MethodHelper.invokeMethod(MethodHelper.java:607)
	at org.testng.internal.Invoker.invokeMethod(Invoker.java:517)
	at org.testng.internal.Invoker.invokeTestMethod(Invoker.java:669)
	at org.testng.internal.Invoker.invokeTestMethods(Invoker.java:956)
	at org.testng.internal.TestMethodWorker.invokeTestMethods(TestMethodWorker.java:126)
	at org.testng.internal.TestMethodWorker.run(TestMethodWorker.java:110)
	at org.testng.TestRunner.runWorkers(TestRunner.java:759)
	at org.testng.TestRunner.privateRun(TestRunner.java:592)
	at org.testng.TestRunner.run(TestRunner.java:486)
	at org.testng.SuiteRunner.runTest(SuiteRunner.java:332)
	at org.testng.SuiteRunner.runSequentially(SuiteRunner.java:327)
	at org.testng.SuiteRunner.privateRun(SuiteRunner.java:299)
	at org.testng.SuiteRunner.run(SuiteRunner.java:204)
	at org.testng.TestNG.createAndRunSuiteRunners(TestNG.java:877)
	at org.testng.TestNG.runSuitesLocally(TestNG.java:842)
	at org.testng.TestNG.run(TestNG.java:751)
	at org.testng.remote.RemoteTestNG.run(RemoteTestNG.java:73)
	at org.testng.remote.RemoteTestNG.main(RemoteTestNG.java:124)
]]>
            </full-stacktrace>
          </exception>
        </test-method>
        <test-method status="PASS" signature="testaCOMANDOfaliure(java.lang.String)" name="testaCOMANDOfaliure" duration-ms="16" started-at="2009-10-31T16:15:37Z" finished-at="2009-10-31T16:15:38Z">
          <params>
            <param index="0">
              <value>
                <![CDATA[(assim)TIMES(345678);]]>
              </value>
            </param>
          </params>
          <exception class="br.exceptions.SintaticoException">
            <message>
              <![CDATA[Esperava um ID ou OP_PROJ ou OP_SEL ou OP_JUN ou OP_REN ou mesmo um PARENTESE_E na coluna 13]]>
            </message>
            <full-stacktrace>
              <![CDATA[br.exceptions.SintaticoException: Esperava um ID ou OP_PROJ ou OP_SEL ou OP_JUN ou OP_REN ou mesmo um PARENTESE_E na coluna 13
	at br.kernel.AnalisadorSintatico.relacao(AnalisadorSintatico.java:1022)
	at br.testes.TestesAnaliseSintatica.testaCOMANDOfaliure(TestesAnaliseSintatica.java:157)
	at sun.reflect.GeneratedMethodAccessor2.invoke(Unknown Source)
	at sun.reflect.DelegatingMethodAccessorImpl.invoke(Unknown Source)
	at java.lang.reflect.Method.invoke(Unknown Source)
	at org.testng.internal.MethodHelper.invokeMethod(MethodHelper.java:607)
	at org.testng.internal.Invoker.invokeMethod(Invoker.java:517)
	at org.testng.internal.Invoker.invokeTestMethod(Invoker.java:669)
	at org.testng.internal.Invoker.invokeTestMethods(Invoker.java:956)
	at org.testng.internal.TestMethodWorker.invokeTestMethods(TestMethodWorker.java:126)
	at org.testng.internal.TestMethodWorker.run(TestMethodWorker.java:110)
	at org.testng.TestRunner.runWorkers(TestRunner.java:759)
	at org.testng.TestRunner.privateRun(TestRunner.java:592)
	at org.testng.TestRunner.run(TestRunner.java:486)
	at org.testng.SuiteRunner.runTest(SuiteRunner.java:332)
	at org.testng.SuiteRunner.runSequentially(SuiteRunner.java:327)
	at org.testng.SuiteRunner.privateRun(SuiteRunner.java:299)
	at org.testng.SuiteRunner.run(SuiteRunner.java:204)
	at org.testng.TestNG.createAndRunSuiteRunners(TestNG.java:877)
	at org.testng.TestNG.runSuitesLocally(TestNG.java:842)
	at org.testng.TestNG.run(TestNG.java:751)
	at org.testng.remote.RemoteTestNG.run(RemoteTestNG.java:73)
	at org.testng.remote.RemoteTestNG.main(RemoteTestNG.java:124)
]]>
            </full-stacktrace>
          </exception>
        </test-method>
        <test-method status="PASS" signature="testaCOMANDOfaliure(java.lang.String)" name="testaCOMANDOfaliure" duration-ms="15" started-at="2009-10-31T16:15:37Z" finished-at="2009-10-31T16:15:37Z">
          <params>
            <param index="0">
              <value>
                <![CDATA[RENAME[NaoFerrouNada =](Joaonielton);]]>
              </value>
            </param>
          </params>
          <exception class="br.exceptions.SintaticoException">
            <message>
              <![CDATA[Esperava um VIRGULA ou COLCHETE_D na coluna 21]]>
            </message>
            <full-stacktrace>
              <![CDATA[br.exceptions.SintaticoException: Esperava um VIRGULA ou COLCHETE_D na coluna 21
	at br.kernel.AnalisadorSintatico.relacao(AnalisadorSintatico.java:819)
	at br.testes.TestesAnaliseSintatica.testaCOMANDOfaliure(TestesAnaliseSintatica.java:157)
	at sun.reflect.GeneratedMethodAccessor2.invoke(Unknown Source)
	at sun.reflect.DelegatingMethodAccessorImpl.invoke(Unknown Source)
	at java.lang.reflect.Method.invoke(Unknown Source)
	at org.testng.internal.MethodHelper.invokeMethod(MethodHelper.java:607)
	at org.testng.internal.Invoker.invokeMethod(Invoker.java:517)
	at org.testng.internal.Invoker.invokeTestMethod(Invoker.java:669)
	at org.testng.internal.Invoker.invokeTestMethods(Invoker.java:956)
	at org.testng.internal.TestMethodWorker.invokeTestMethods(TestMethodWorker.java:126)
	at org.testng.internal.TestMethodWorker.run(TestMethodWorker.java:110)
	at org.testng.TestRunner.runWorkers(TestRunner.java:759)
	at org.testng.TestRunner.privateRun(TestRunner.java:592)
	at org.testng.TestRunner.run(TestRunner.java:486)
	at org.testng.SuiteRunner.runTest(SuiteRunner.java:332)
	at org.testng.SuiteRunner.runSequentially(SuiteRunner.java:327)
	at org.testng.SuiteRunner.privateRun(SuiteRunner.java:299)
	at org.testng.SuiteRunner.run(SuiteRunner.java:204)
	at org.testng.TestNG.createAndRunSuiteRunners(TestNG.java:877)
	at org.testng.TestNG.runSuitesLocally(TestNG.java:842)
	at org.testng.TestNG.run(TestNG.java:751)
	at org.testng.remote.RemoteTestNG.run(RemoteTestNG.java:73)
	at org.testng.remote.RemoteTestNG.main(RemoteTestNG.java:124)
]]>
            </full-stacktrace>
          </exception>
        </test-method>
        <test-method status="PASS" signature="testaCOMANDOfaliure(java.lang.String)" name="testaCOMANDOfaliure" duration-ms="16" started-at="2009-10-31T16:15:37Z" finished-at="2009-10-31T16:15:37Z">
          <params>
            <param index="0">
              <value>
                <![CDATA[SELECT [nome = 'Alcemir', sal>1.234] Developers ;]]>
              </value>
            </param>
          </params>
          <exception class="br.exceptions.SintaticoException">
            <message>
              <![CDATA[Esperava um PARENTESE_E na coluna 37]]>
            </message>
            <full-stacktrace>
              <![CDATA[br.exceptions.SintaticoException: Esperava um PARENTESE_E na coluna 37
	at br.kernel.AnalisadorSintatico.relacao(AnalisadorSintatico.java:415)
	at br.testes.TestesAnaliseSintatica.testaCOMANDOfaliure(TestesAnaliseSintatica.java:157)
	at sun.reflect.NativeMethodAccessorImpl.invoke0(Native Method)
	at sun.reflect.NativeMethodAccessorImpl.invoke(Unknown Source)
	at sun.reflect.DelegatingMethodAccessorImpl.invoke(Unknown Source)
	at java.lang.reflect.Method.invoke(Unknown Source)
	at org.testng.internal.MethodHelper.invokeMethod(MethodHelper.java:607)
	at org.testng.internal.Invoker.invokeMethod(Invoker.java:517)
	at org.testng.internal.Invoker.invokeTestMethod(Invoker.java:669)
	at org.testng.internal.Invoker.invokeTestMethods(Invoker.java:956)
	at org.testng.internal.TestMethodWorker.invokeTestMethods(TestMethodWorker.java:126)
	at org.testng.internal.TestMethodWorker.run(TestMethodWorker.java:110)
	at org.testng.TestRunner.runWorkers(TestRunner.java:759)
	at org.testng.TestRunner.privateRun(TestRunner.java:592)
	at org.testng.TestRunner.run(TestRunner.java:486)
	at org.testng.SuiteRunner.runTest(SuiteRunner.java:332)
	at org.testng.SuiteRunner.runSequentially(SuiteRunner.java:327)
	at org.testng.SuiteRunner.privateRun(SuiteRunner.java:299)
	at org.testng.SuiteRunner.run(SuiteRunner.java:204)
	at org.testng.TestNG.createAndRunSuiteRunners(TestNG.java:877)
	at org.testng.TestNG.runSuitesLocally(TestNG.java:842)
	at org.testng.TestNG.run(TestNG.java:751)
	at org.testng.remote.RemoteTestNG.run(RemoteTestNG.java:73)
	at org.testng.remote.RemoteTestNG.main(RemoteTestNG.java:124)
]]>
            </full-stacktrace>
          </exception>
        </test-method>
        <test-method status="PASS" signature="testaCOMANDOfaliure(java.lang.String)" name="testaCOMANDOfaliure" duration-ms="0" started-at="2009-10-31T16:15:37Z" finished-at="2009-10-31T16:15:37Z">
          <params>
            <param index="0">
              <value>
                <![CDATA[JOIN [nome='Alcemir']((Developers TIMES (Students));]]>
              </value>
            </param>
          </params>
          <exception class="br.exceptions.SintaticoException">
            <message>
              <![CDATA[Esperava um ID na coluna 11]]>
            </message>
            <full-stacktrace>
              <![CDATA[br.exceptions.SintaticoException: Esperava um ID na coluna 11
	at br.kernel.AnalisadorSintatico.relacao(AnalisadorSintatico.java:545)
	at br.testes.TestesAnaliseSintatica.testaCOMANDOfaliure(TestesAnaliseSintatica.java:157)
	at sun.reflect.GeneratedMethodAccessor2.invoke(Unknown Source)
	at sun.reflect.DelegatingMethodAccessorImpl.invoke(Unknown Source)
	at java.lang.reflect.Method.invoke(Unknown Source)
	at org.testng.internal.MethodHelper.invokeMethod(MethodHelper.java:607)
	at org.testng.internal.Invoker.invokeMethod(Invoker.java:517)
	at org.testng.internal.Invoker.invokeTestMethod(Invoker.java:669)
	at org.testng.internal.Invoker.invokeTestMethods(Invoker.java:956)
	at org.testng.internal.TestMethodWorker.invokeTestMethods(TestMethodWorker.java:126)
	at org.testng.internal.TestMethodWorker.run(TestMethodWorker.java:110)
	at org.testng.TestRunner.runWorkers(TestRunner.java:759)
	at org.testng.TestRunner.privateRun(TestRunner.java:592)
	at org.testng.TestRunner.run(TestRunner.java:486)
	at org.testng.SuiteRunner.runTest(SuiteRunner.java:332)
	at org.testng.SuiteRunner.runSequentially(SuiteRunner.java:327)
	at org.testng.SuiteRunner.privateRun(SuiteRunner.java:299)
	at org.testng.SuiteRunner.run(SuiteRunner.java:204)
	at org.testng.TestNG.createAndRunSuiteRunners(TestNG.java:877)
	at org.testng.TestNG.runSuitesLocally(TestNG.java:842)
	at org.testng.TestNG.run(TestNG.java:751)
	at org.testng.remote.RemoteTestNG.run(RemoteTestNG.java:73)
	at org.testng.remote.RemoteTestNG.main(RemoteTestNG.java:124)
]]>
            </full-stacktrace>
          </exception>
        </test-method>
        <test-method status="PASS" signature="testaCOMANDOfaliure(java.lang.String)" name="testaCOMANDOfaliure" duration-ms="16" started-at="2009-10-31T16:15:37Z" finished-at="2009-10-31T16:15:37Z">
          <params>
            <param index="0">
              <value>
                <![CDATA[RENAME[NaoFerrouNada (Joaonielton);]]>
              </value>
            </param>
          </params>
          <exception class="br.exceptions.SintaticoException">
            <message>
              <![CDATA[Esperava um VIRGULA ou COLCHETE_D na coluna 21]]>
            </message>
            <full-stacktrace>
              <![CDATA[br.exceptions.SintaticoException: Esperava um VIRGULA ou COLCHETE_D na coluna 21
	at br.kernel.AnalisadorSintatico.relacao(AnalisadorSintatico.java:819)
	at br.testes.TestesAnaliseSintatica.testaCOMANDOfaliure(TestesAnaliseSintatica.java:157)
	at sun.reflect.GeneratedMethodAccessor2.invoke(Unknown Source)
	at sun.reflect.DelegatingMethodAccessorImpl.invoke(Unknown Source)
	at java.lang.reflect.Method.invoke(Unknown Source)
	at org.testng.internal.MethodHelper.invokeMethod(MethodHelper.java:607)
	at org.testng.internal.Invoker.invokeMethod(Invoker.java:517)
	at org.testng.internal.Invoker.invokeTestMethod(Invoker.java:669)
	at org.testng.internal.Invoker.invokeTestMethods(Invoker.java:956)
	at org.testng.internal.TestMethodWorker.invokeTestMethods(TestMethodWorker.java:126)
	at org.testng.internal.TestMethodWorker.run(TestMethodWorker.java:110)
	at org.testng.TestRunner.runWorkers(TestRunner.java:759)
	at org.testng.TestRunner.privateRun(TestRunner.java:592)
	at org.testng.TestRunner.run(TestRunner.java:486)
	at org.testng.SuiteRunner.runTest(SuiteRunner.java:332)
	at org.testng.SuiteRunner.runSequentially(SuiteRunner.java:327)
	at org.testng.SuiteRunner.privateRun(SuiteRunner.java:299)
	at org.testng.SuiteRunner.run(SuiteRunner.java:204)
	at org.testng.TestNG.createAndRunSuiteRunners(TestNG.java:877)
	at org.testng.TestNG.runSuitesLocally(TestNG.java:842)
	at org.testng.TestNG.run(TestNG.java:751)
	at org.testng.remote.RemoteTestNG.run(RemoteTestNG.java:73)
	at org.testng.remote.RemoteTestNG.main(RemoteTestNG.java:124)
]]>
            </full-stacktrace>
          </exception>
        </test-method>
        <test-method status="FAIL" signature="testaCOMANDOsuccess(java.lang.String)" name="testaCOMANDOsuccess" duration-ms="0" started-at="2009-10-31T16:15:37Z" finished-at="2009-10-31T16:15:37Z">
          <params>
            <param index="0">
              <value>
                <![CDATA[(PROJECT [nome, sal](JOIN[Developers='Seniors']((Students)TIMES(Alunos))))TIMES(PROJECT [nome, sal](JOIN[Developers='Seniors']((Students)TIMES(Alunos))));]]>
              </value>
            </param>
          </params>
          <exception class="br.exceptions.SintaticoException">
            <message>
              <![CDATA[Esperava um ID na coluna 37]]>
            </message>
            <full-stacktrace>
              <![CDATA[br.exceptions.SintaticoException: Esperava um ID na coluna 37
	at br.kernel.AnalisadorSintatico.relacao(AnalisadorSintatico.java:545)
	at br.kernel.AnalisadorSintatico.relacao(AnalisadorSintatico.java:262)
	at br.kernel.AnalisadorSintatico.relacao(AnalisadorSintatico.java:923)
	at br.testes.TestesAnaliseSintatica.testaCOMANDOsuccess(TestesAnaliseSintatica.java:61)
	at sun.reflect.GeneratedMethodAccessor1.invoke(Unknown Source)
	at sun.reflect.DelegatingMethodAccessorImpl.invoke(Unknown Source)
	at java.lang.reflect.Method.invoke(Unknown Source)
	at org.testng.internal.MethodHelper.invokeMethod(MethodHelper.java:607)
	at org.testng.internal.Invoker.invokeMethod(Invoker.java:517)
	at org.testng.internal.Invoker.invokeTestMethod(Invoker.java:669)
	at org.testng.internal.Invoker.invokeTestMethods(Invoker.java:956)
	at org.testng.internal.TestMethodWorker.invokeTestMethods(TestMethodWorker.java:126)
	at org.testng.internal.TestMethodWorker.run(TestMethodWorker.java:110)
	at org.testng.TestRunner.runWorkers(TestRunner.java:759)
	at org.testng.TestRunner.privateRun(TestRunner.java:592)
	at org.testng.TestRunner.run(TestRunner.java:486)
	at org.testng.SuiteRunner.runTest(SuiteRunner.java:332)
	at org.testng.SuiteRunner.runSequentially(SuiteRunner.java:327)
	at org.testng.SuiteRunner.privateRun(SuiteRunner.java:299)
	at org.testng.SuiteRunner.run(SuiteRunner.java:204)
	at org.testng.TestNG.createAndRunSuiteRunners(TestNG.java:877)
	at org.testng.TestNG.runSuitesLocally(TestNG.java:842)
	at org.testng.TestNG.run(TestNG.java:751)
	at org.testng.remote.RemoteTestNG.run(RemoteTestNG.java:73)
	at org.testng.remote.RemoteTestNG.main(RemoteTestNG.java:124)
]]>
            </full-stacktrace>
          </exception>
        </test-method>
        <test-method status="FAIL" signature="testaCOMANDOsuccess(java.lang.String)" name="testaCOMANDOsuccess" duration-ms="0" started-at="2009-10-31T16:15:37Z" finished-at="2009-10-31T16:15:37Z">
          <params>
            <param index="0">
              <value>
                <![CDATA[JOIN [nome='sal']((SELECT [nome = 'Alcemir', sal>1.234] (Developers))TIMES(PROJECT [nome, sal](JOIN[Developers='Seniors']((Students)TIMES(Alunos)))));]]>
              </value>
            </param>
          </params>
          <exception class="br.exceptions.SintaticoException">
            <message>
              <![CDATA[Esperava um ID na coluna 11]]>
            </message>
            <full-stacktrace>
              <![CDATA[br.exceptions.SintaticoException: Esperava um ID na coluna 11
	at br.kernel.AnalisadorSintatico.relacao(AnalisadorSintatico.java:545)
	at br.testes.TestesAnaliseSintatica.testaCOMANDOsuccess(TestesAnaliseSintatica.java:61)
	at sun.reflect.NativeMethodAccessorImpl.invoke0(Native Method)
	at sun.reflect.NativeMethodAccessorImpl.invoke(Unknown Source)
	at sun.reflect.DelegatingMethodAccessorImpl.invoke(Unknown Source)
	at java.lang.reflect.Method.invoke(Unknown Source)
	at org.testng.internal.MethodHelper.invokeMethod(MethodHelper.java:607)
	at org.testng.internal.Invoker.invokeMethod(Invoker.java:517)
	at org.testng.internal.Invoker.invokeTestMethod(Invoker.java:669)
	at org.testng.internal.Invoker.invokeTestMethods(Invoker.java:956)
	at org.testng.internal.TestMethodWorker.invokeTestMethods(TestMethodWorker.java:126)
	at org.testng.internal.TestMethodWorker.run(TestMethodWorker.java:110)
	at org.testng.TestRunner.runWorkers(TestRunner.java:759)
	at org.testng.TestRunner.privateRun(TestRunner.java:592)
	at org.testng.TestRunner.run(TestRunner.java:486)
	at org.testng.SuiteRunner.runTest(SuiteRunner.java:332)
	at org.testng.SuiteRunner.runSequentially(SuiteRunner.java:327)
	at org.testng.SuiteRunner.privateRun(SuiteRunner.java:299)
	at org.testng.SuiteRunner.run(SuiteRunner.java:204)
	at org.testng.TestNG.createAndRunSuiteRunners(TestNG.java:877)
	at org.testng.TestNG.runSuitesLocally(TestNG.java:842)
	at org.testng.TestNG.run(TestNG.java:751)
	at org.testng.remote.RemoteTestNG.run(RemoteTestNG.java:73)
	at org.testng.remote.RemoteTestNG.main(RemoteTestNG.java:124)
]]>
            </full-stacktrace>
          </exception>
        </test-method>
        <test-method status="PASS" signature="testaCOMANDOsuccess(java.lang.String)" name="testaCOMANDOsuccess" duration-ms="16" started-at="2009-10-31T16:15:37Z" finished-at="2009-10-31T16:15:37Z">
          <params>
            <param index="0">
              <value>
                <![CDATA[RENAME[NaoFerrouNada](Joao_nielton);]]>
              </value>
            </param>
          </params>
        </test-method>
        <test-method status="PASS" signature="testaCOMANDOfaliure(java.lang.String)" name="testaCOMANDOfaliure" duration-ms="0" started-at="2009-10-31T16:15:37Z" finished-at="2009-10-31T16:15:37Z">
          <params>
            <param index="0">
              <value>
                <![CDATA[assim)TIMES(SAssado);]]>
              </value>
            </param>
          </params>
          <exception class="br.exceptions.SintaticoException">
            <message>
              <![CDATA[Esperava um OP_PROJ ou um OP_SEL ou um OP_JUN ou um OP_REN ou mesmo um PARENTESE_E na coluna 0]]>
            </message>
            <full-stacktrace>
              <![CDATA[br.exceptions.SintaticoException: Esperava um OP_PROJ ou um OP_SEL ou um OP_JUN ou um OP_REN ou mesmo um PARENTESE_E na coluna 0
	at br.kernel.AnalisadorSintatico.relacao(AnalisadorSintatico.java:139)
	at br.testes.TestesAnaliseSintatica.testaCOMANDOfaliure(TestesAnaliseSintatica.java:157)
	at sun.reflect.GeneratedMethodAccessor2.invoke(Unknown Source)
	at sun.reflect.DelegatingMethodAccessorImpl.invoke(Unknown Source)
	at java.lang.reflect.Method.invoke(Unknown Source)
	at org.testng.internal.MethodHelper.invokeMethod(MethodHelper.java:607)
	at org.testng.internal.Invoker.invokeMethod(Invoker.java:517)
	at org.testng.internal.Invoker.invokeTestMethod(Invoker.java:669)
	at org.testng.internal.Invoker.invokeTestMethods(Invoker.java:956)
	at org.testng.internal.TestMethodWorker.invokeTestMethods(TestMethodWorker.java:126)
	at org.testng.internal.TestMethodWorker.run(TestMethodWorker.java:110)
	at org.testng.TestRunner.runWorkers(TestRunner.java:759)
	at org.testng.TestRunner.privateRun(TestRunner.java:592)
	at org.testng.TestRunner.run(TestRunner.java:486)
	at org.testng.SuiteRunner.runTest(SuiteRunner.java:332)
	at org.testng.SuiteRunner.runSequentially(SuiteRunner.java:327)
	at org.testng.SuiteRunner.privateRun(SuiteRunner.java:299)
	at org.testng.SuiteRunner.run(SuiteRunner.java:204)
	at org.testng.TestNG.createAndRunSuiteRunners(TestNG.java:877)
	at org.testng.TestNG.runSuitesLocally(TestNG.java:842)
	at org.testng.TestNG.run(TestNG.java:751)
	at org.testng.remote.RemoteTestNG.run(RemoteTestNG.java:73)
	at org.testng.remote.RemoteTestNG.main(RemoteTestNG.java:124)
]]>
            </full-stacktrace>
          </exception>
        </test-method>
        <test-method status="PASS" signature="testaCOMANDOfaliure(java.lang.String)" name="testaCOMANDOfaliure" duration-ms="15" started-at="2009-10-31T16:15:37Z" finished-at="2009-10-31T16:15:37Z">
          <params>
            <param index="0">
              <value>
                <![CDATA[SELECT [nome = 'Alcemir', sal>1.234] Developers);]]>
              </value>
            </param>
          </params>
          <exception class="br.exceptions.SintaticoException">
            <message>
              <![CDATA[Esperava um PARENTESE_E na coluna 37]]>
            </message>
            <full-stacktrace>
              <![CDATA[br.exceptions.SintaticoException: Esperava um PARENTESE_E na coluna 37
	at br.kernel.AnalisadorSintatico.relacao(AnalisadorSintatico.java:415)
	at br.testes.TestesAnaliseSintatica.testaCOMANDOfaliure(TestesAnaliseSintatica.java:157)
	at sun.reflect.NativeMethodAccessorImpl.invoke0(Native Method)
	at sun.reflect.NativeMethodAccessorImpl.invoke(Unknown Source)
	at sun.reflect.DelegatingMethodAccessorImpl.invoke(Unknown Source)
	at java.lang.reflect.Method.invoke(Unknown Source)
	at org.testng.internal.MethodHelper.invokeMethod(MethodHelper.java:607)
	at org.testng.internal.Invoker.invokeMethod(Invoker.java:517)
	at org.testng.internal.Invoker.invokeTestMethod(Invoker.java:669)
	at org.testng.internal.Invoker.invokeTestMethods(Invoker.java:956)
	at org.testng.internal.TestMethodWorker.invokeTestMethods(TestMethodWorker.java:126)
	at org.testng.internal.TestMethodWorker.run(TestMethodWorker.java:110)
	at org.testng.TestRunner.runWorkers(TestRunner.java:759)
	at org.testng.TestRunner.privateRun(TestRunner.java:592)
	at org.testng.TestRunner.run(TestRunner.java:486)
	at org.testng.SuiteRunner.runTest(SuiteRunner.java:332)
	at org.testng.SuiteRunner.runSequentially(SuiteRunner.java:327)
	at org.testng.SuiteRunner.privateRun(SuiteRunner.java:299)
	at org.testng.SuiteRunner.run(SuiteRunner.java:204)
	at org.testng.TestNG.createAndRunSuiteRunners(TestNG.java:877)
	at org.testng.TestNG.runSuitesLocally(TestNG.java:842)
	at org.testng.TestNG.run(TestNG.java:751)
	at org.testng.remote.RemoteTestNG.run(RemoteTestNG.java:73)
	at org.testng.remote.RemoteTestNG.main(RemoteTestNG.java:124)
]]>
            </full-stacktrace>
          </exception>
        </test-method>
        <test-method status="PASS" signature="testaCOMANDOfaliure(java.lang.String)" name="testaCOMANDOfaliure" duration-ms="16" started-at="2009-10-31T16:15:37Z" finished-at="2009-10-31T16:15:37Z">
          <params>
            <param index="0">
              <value>
                <![CDATA[JOIN nome='Alcemir']((Developers) TIMES (Students));]]>
              </value>
            </param>
          </params>
          <exception class="br.exceptions.SintaticoException">
            <message>
              <![CDATA[Esperava um COLCHETE_E na coluna 5]]>
            </message>
            <full-stacktrace>
              <![CDATA[br.exceptions.SintaticoException: Esperava um COLCHETE_E na coluna 5
	at br.kernel.AnalisadorSintatico.relacao(AnalisadorSintatico.java:495)
	at br.testes.TestesAnaliseSintatica.testaCOMANDOfaliure(TestesAnaliseSintatica.java:157)
	at sun.reflect.GeneratedMethodAccessor2.invoke(Unknown Source)
	at sun.reflect.DelegatingMethodAccessorImpl.invoke(Unknown Source)
	at java.lang.reflect.Method.invoke(Unknown Source)
	at org.testng.internal.MethodHelper.invokeMethod(MethodHelper.java:607)
	at org.testng.internal.Invoker.invokeMethod(Invoker.java:517)
	at org.testng.internal.Invoker.invokeTestMethod(Invoker.java:669)
	at org.testng.internal.Invoker.invokeTestMethods(Invoker.java:956)
	at org.testng.internal.TestMethodWorker.invokeTestMethods(TestMethodWorker.java:126)
	at org.testng.internal.TestMethodWorker.run(TestMethodWorker.java:110)
	at org.testng.TestRunner.runWorkers(TestRunner.java:759)
	at org.testng.TestRunner.privateRun(TestRunner.java:592)
	at org.testng.TestRunner.run(TestRunner.java:486)
	at org.testng.SuiteRunner.runTest(SuiteRunner.java:332)
	at org.testng.SuiteRunner.runSequentially(SuiteRunner.java:327)
	at org.testng.SuiteRunner.privateRun(SuiteRunner.java:299)
	at org.testng.SuiteRunner.run(SuiteRunner.java:204)
	at org.testng.TestNG.createAndRunSuiteRunners(TestNG.java:877)
	at org.testng.TestNG.runSuitesLocally(TestNG.java:842)
	at org.testng.TestNG.run(TestNG.java:751)
	at org.testng.remote.RemoteTestNG.run(RemoteTestNG.java:73)
	at org.testng.remote.RemoteTestNG.main(RemoteTestNG.java:124)
]]>
            </full-stacktrace>
          </exception>
        </test-method>
        <test-method status="PASS" signature="testaCOMANDOfaliure(java.lang.String)" name="testaCOMANDOfaliure" duration-ms="0" started-at="2009-10-31T16:15:37Z" finished-at="2009-10-31T16:15:37Z">
          <params>
            <param index="0">
              <value>
                <![CDATA[RENAME[NaoFerrouNada > 9876](Joaonielton);]]>
              </value>
            </param>
          </params>
          <exception class="br.exceptions.SintaticoException">
            <message>
              <![CDATA[Esperava um VIRGULA ou COLCHETE_D na coluna 21]]>
            </message>
            <full-stacktrace>
              <![CDATA[br.exceptions.SintaticoException: Esperava um VIRGULA ou COLCHETE_D na coluna 21
	at br.kernel.AnalisadorSintatico.relacao(AnalisadorSintatico.java:819)
	at br.testes.TestesAnaliseSintatica.testaCOMANDOfaliure(TestesAnaliseSintatica.java:157)
	at sun.reflect.GeneratedMethodAccessor2.invoke(Unknown Source)
	at sun.reflect.DelegatingMethodAccessorImpl.invoke(Unknown Source)
	at java.lang.reflect.Method.invoke(Unknown Source)
	at org.testng.internal.MethodHelper.invokeMethod(MethodHelper.java:607)
	at org.testng.internal.Invoker.invokeMethod(Invoker.java:517)
	at org.testng.internal.Invoker.invokeTestMethod(Invoker.java:669)
	at org.testng.internal.Invoker.invokeTestMethods(Invoker.java:956)
	at org.testng.internal.TestMethodWorker.invokeTestMethods(TestMethodWorker.java:126)
	at org.testng.internal.TestMethodWorker.run(TestMethodWorker.java:110)
	at org.testng.TestRunner.runWorkers(TestRunner.java:759)
	at org.testng.TestRunner.privateRun(TestRunner.java:592)
	at org.testng.TestRunner.run(TestRunner.java:486)
	at org.testng.SuiteRunner.runTest(SuiteRunner.java:332)
	at org.testng.SuiteRunner.runSequentially(SuiteRunner.java:327)
	at org.testng.SuiteRunner.privateRun(SuiteRunner.java:299)
	at org.testng.SuiteRunner.run(SuiteRunner.java:204)
	at org.testng.TestNG.createAndRunSuiteRunners(TestNG.java:877)
	at org.testng.TestNG.runSuitesLocally(TestNG.java:842)
	at org.testng.TestNG.run(TestNG.java:751)
	at org.testng.remote.RemoteTestNG.run(RemoteTestNG.java:73)
	at org.testng.remote.RemoteTestNG.main(RemoteTestNG.java:124)
]]>
            </full-stacktrace>
          </exception>
        </test-method>
        <test-method status="PASS" signature="testaCOMANDOfaliure(java.lang.String)" name="testaCOMANDOfaliure" duration-ms="0" started-at="2009-10-31T16:15:38Z" finished-at="2009-10-31T16:15:38Z">
          <params>
            <param index="0">
              <value>
                <![CDATA[(Students) IVISION(StudentS);]]>
              </value>
            </param>
          </params>
          <exception class="br.exceptions.SintaticoException">
            <message>
              <![CDATA[Esperava um OP_PCART ou mesmo um OP_DIV na coluna 11]]>
            </message>
            <full-stacktrace>
              <![CDATA[br.exceptions.SintaticoException: Esperava um OP_PCART ou mesmo um OP_DIV na coluna 11
	at br.kernel.AnalisadorSintatico.relacao(AnalisadorSintatico.java:973)
	at br.testes.TestesAnaliseSintatica.testaCOMANDOfaliure(TestesAnaliseSintatica.java:157)
	at sun.reflect.GeneratedMethodAccessor2.invoke(Unknown Source)
	at sun.reflect.DelegatingMethodAccessorImpl.invoke(Unknown Source)
	at java.lang.reflect.Method.invoke(Unknown Source)
	at org.testng.internal.MethodHelper.invokeMethod(MethodHelper.java:607)
	at org.testng.internal.Invoker.invokeMethod(Invoker.java:517)
	at org.testng.internal.Invoker.invokeTestMethod(Invoker.java:669)
	at org.testng.internal.Invoker.invokeTestMethods(Invoker.java:956)
	at org.testng.internal.TestMethodWorker.invokeTestMethods(TestMethodWorker.java:126)
	at org.testng.internal.TestMethodWorker.run(TestMethodWorker.java:110)
	at org.testng.TestRunner.runWorkers(TestRunner.java:759)
	at org.testng.TestRunner.privateRun(TestRunner.java:592)
	at org.testng.TestRunner.run(TestRunner.java:486)
	at org.testng.SuiteRunner.runTest(SuiteRunner.java:332)
	at org.testng.SuiteRunner.runSequentially(SuiteRunner.java:327)
	at org.testng.SuiteRunner.privateRun(SuiteRunner.java:299)
	at org.testng.SuiteRunner.run(SuiteRunner.java:204)
	at org.testng.TestNG.createAndRunSuiteRunners(TestNG.java:877)
	at org.testng.TestNG.runSuitesLocally(TestNG.java:842)
	at org.testng.TestNG.run(TestNG.java:751)
	at org.testng.remote.RemoteTestNG.run(RemoteTestNG.java:73)
	at org.testng.remote.RemoteTestNG.main(RemoteTestNG.java:124)
]]>
            </full-stacktrace>
          </exception>
        </test-method>
        <test-method status="PASS" signature="testaCOMANDOsuccess(java.lang.String)" name="testaCOMANDOsuccess" duration-ms="0" started-at="2009-10-31T16:15:37Z" finished-at="2009-10-31T16:15:37Z">
          <params>
            <param index="0">
              <value>
                <![CDATA[(SELECT [nome = 'Alcemir', sal>1.234] (Developers))DIVISION(SELECT [nome = 'Alcemir', sal>1.234] (Developers));]]>
              </value>
            </param>
          </params>
        </test-method>
        <test-method status="FAIL" signature="testaCOMANDOsuccess(java.lang.String)" name="testaCOMANDOsuccess" duration-ms="0" started-at="2009-10-31T16:15:37Z" finished-at="2009-10-31T16:15:37Z">
          <params>
            <param index="0">
              <value>
                <![CDATA[JOIN [no_me='Alcemir']((Developers) TIMES (Students));]]>
              </value>
            </param>
          </params>
          <exception class="br.exceptions.SintaticoException">
            <message>
              <![CDATA[Esperava um ID na coluna 12]]>
            </message>
            <full-stacktrace>
              <![CDATA[br.exceptions.SintaticoException: Esperava um ID na coluna 12
	at br.kernel.AnalisadorSintatico.relacao(AnalisadorSintatico.java:545)
	at br.testes.TestesAnaliseSintatica.testaCOMANDOsuccess(TestesAnaliseSintatica.java:61)
	at sun.reflect.NativeMethodAccessorImpl.invoke0(Native Method)
	at sun.reflect.NativeMethodAccessorImpl.invoke(Unknown Source)
	at sun.reflect.DelegatingMethodAccessorImpl.invoke(Unknown Source)
	at java.lang.reflect.Method.invoke(Unknown Source)
	at org.testng.internal.MethodHelper.invokeMethod(MethodHelper.java:607)
	at org.testng.internal.Invoker.invokeMethod(Invoker.java:517)
	at org.testng.internal.Invoker.invokeTestMethod(Invoker.java:669)
	at org.testng.internal.Invoker.invokeTestMethods(Invoker.java:956)
	at org.testng.internal.TestMethodWorker.invokeTestMethods(TestMethodWorker.java:126)
	at org.testng.internal.TestMethodWorker.run(TestMethodWorker.java:110)
	at org.testng.TestRunner.runWorkers(TestRunner.java:759)
	at org.testng.TestRunner.privateRun(TestRunner.java:592)
	at org.testng.TestRunner.run(TestRunner.java:486)
	at org.testng.SuiteRunner.runTest(SuiteRunner.java:332)
	at org.testng.SuiteRunner.runSequentially(SuiteRunner.java:327)
	at org.testng.SuiteRunner.privateRun(SuiteRunner.java:299)
	at org.testng.SuiteRunner.run(SuiteRunner.java:204)
	at org.testng.TestNG.createAndRunSuiteRunners(TestNG.java:877)
	at org.testng.TestNG.runSuitesLocally(TestNG.java:842)
	at org.testng.TestNG.run(TestNG.java:751)
	at org.testng.remote.RemoteTestNG.run(RemoteTestNG.java:73)
	at org.testng.remote.RemoteTestNG.main(RemoteTestNG.java:124)
]]>
            </full-stacktrace>
          </exception>
        </test-method>
        <test-method status="PASS" signature="testaCOMANDOfaliure(java.lang.String)" name="testaCOMANDOfaliure" duration-ms="15" started-at="2009-10-31T16:15:37Z" finished-at="2009-10-31T16:15:37Z">
          <params>
            <param index="0">
              <value>
                <![CDATA[JOIN [nome='Alcemir']((Developers) DIVISION (Students));]]>
              </value>
            </param>
          </params>
          <exception class="br.exceptions.SintaticoException">
            <message>
              <![CDATA[Esperava um ID na coluna 11]]>
            </message>
            <full-stacktrace>
              <![CDATA[br.exceptions.SintaticoException: Esperava um ID na coluna 11
	at br.kernel.AnalisadorSintatico.relacao(AnalisadorSintatico.java:545)
	at br.testes.TestesAnaliseSintatica.testaCOMANDOfaliure(TestesAnaliseSintatica.java:157)
	at sun.reflect.GeneratedMethodAccessor2.invoke(Unknown Source)
	at sun.reflect.DelegatingMethodAccessorImpl.invoke(Unknown Source)
	at java.lang.reflect.Method.invoke(Unknown Source)
	at org.testng.internal.MethodHelper.invokeMethod(MethodHelper.java:607)
	at org.testng.internal.Invoker.invokeMethod(Invoker.java:517)
	at org.testng.internal.Invoker.invokeTestMethod(Invoker.java:669)
	at org.testng.internal.Invoker.invokeTestMethods(Invoker.java:956)
	at org.testng.internal.TestMethodWorker.invokeTestMethods(TestMethodWorker.java:126)
	at org.testng.internal.TestMethodWorker.run(TestMethodWorker.java:110)
	at org.testng.TestRunner.runWorkers(TestRunner.java:759)
	at org.testng.TestRunner.privateRun(TestRunner.java:592)
	at org.testng.TestRunner.run(TestRunner.java:486)
	at org.testng.SuiteRunner.runTest(SuiteRunner.java:332)
	at org.testng.SuiteRunner.runSequentially(SuiteRunner.java:327)
	at org.testng.SuiteRunner.privateRun(SuiteRunner.java:299)
	at org.testng.SuiteRunner.run(SuiteRunner.java:204)
	at org.testng.TestNG.createAndRunSuiteRunners(TestNG.java:877)
	at org.testng.TestNG.runSuitesLocally(TestNG.java:842)
	at org.testng.TestNG.run(TestNG.java:751)
	at org.testng.remote.RemoteTestNG.run(RemoteTestNG.java:73)
	at org.testng.remote.RemoteTestNG.main(RemoteTestNG.java:124)
]]>
            </full-stacktrace>
          </exception>
        </test-method>
        <test-method status="FAIL" signature="testaCOMANDOsuccess(java.lang.String)" name="testaCOMANDOsuccess" duration-ms="16" started-at="2009-10-31T16:15:37Z" finished-at="2009-10-31T16:15:37Z">
          <params>
            <param index="0">
              <value>
                <![CDATA[JOIN [nome='sal']((JOIN [nome='Alcemir']((Developers) TIMES (Students)))TIMES(PROJECT [nome, sal](JOIN[Developers='Seniors']((Students)TIMES(Alunos)))));]]>
              </value>
            </param>
          </params>
          <exception class="br.exceptions.SintaticoException">
            <message>
              <![CDATA[Esperava um ID na coluna 11]]>
            </message>
            <full-stacktrace>
              <![CDATA[br.exceptions.SintaticoException: Esperava um ID na coluna 11
	at br.kernel.AnalisadorSintatico.relacao(AnalisadorSintatico.java:545)
	at br.testes.TestesAnaliseSintatica.testaCOMANDOsuccess(TestesAnaliseSintatica.java:61)
	at sun.reflect.GeneratedMethodAccessor1.invoke(Unknown Source)
	at sun.reflect.DelegatingMethodAccessorImpl.invoke(Unknown Source)
	at java.lang.reflect.Method.invoke(Unknown Source)
	at org.testng.internal.MethodHelper.invokeMethod(MethodHelper.java:607)
	at org.testng.internal.Invoker.invokeMethod(Invoker.java:517)
	at org.testng.internal.Invoker.invokeTestMethod(Invoker.java:669)
	at org.testng.internal.Invoker.invokeTestMethods(Invoker.java:956)
	at org.testng.internal.TestMethodWorker.invokeTestMethods(TestMethodWorker.java:126)
	at org.testng.internal.TestMethodWorker.run(TestMethodWorker.java:110)
	at org.testng.TestRunner.runWorkers(TestRunner.java:759)
	at org.testng.TestRunner.privateRun(TestRunner.java:592)
	at org.testng.TestRunner.run(TestRunner.java:486)
	at org.testng.SuiteRunner.runTest(SuiteRunner.java:332)
	at org.testng.SuiteRunner.runSequentially(SuiteRunner.java:327)
	at org.testng.SuiteRunner.privateRun(SuiteRunner.java:299)
	at org.testng.SuiteRunner.run(SuiteRunner.java:204)
	at org.testng.TestNG.createAndRunSuiteRunners(TestNG.java:877)
	at org.testng.TestNG.runSuitesLocally(TestNG.java:842)
	at org.testng.TestNG.run(TestNG.java:751)
	at org.testng.remote.RemoteTestNG.run(RemoteTestNG.java:73)
	at org.testng.remote.RemoteTestNG.main(RemoteTestNG.java:124)
]]>
            </full-stacktrace>
          </exception>
        </test-method>
        <test-method status="PASS" signature="testaCOMANDOfaliure(java.lang.String)" name="testaCOMANDOfaliure" duration-ms="0" started-at="2009-10-31T16:15:37Z" finished-at="2009-10-31T16:15:37Z">
          <params>
            <param index="0">
              <value>
                <![CDATA[SELECT [nome = 'Alcemir', sal 1.234] (Developers);]]>
              </value>
            </param>
          </params>
          <exception class="br.exceptions.SintaticoException">
            <message>
              <![CDATA[Esperava um OP_RELACIONAL na coluna 30]]>
            </message>
            <full-stacktrace>
              <![CDATA[br.exceptions.SintaticoException: Esperava um OP_RELACIONAL na coluna 30
	at br.kernel.AnalisadorSintatico.relacao(AnalisadorSintatico.java:350)
	at br.testes.TestesAnaliseSintatica.testaCOMANDOfaliure(TestesAnaliseSintatica.java:157)
	at sun.reflect.NativeMethodAccessorImpl.invoke0(Native Method)
	at sun.reflect.NativeMethodAccessorImpl.invoke(Unknown Source)
	at sun.reflect.DelegatingMethodAccessorImpl.invoke(Unknown Source)
	at java.lang.reflect.Method.invoke(Unknown Source)
	at org.testng.internal.MethodHelper.invokeMethod(MethodHelper.java:607)
	at org.testng.internal.Invoker.invokeMethod(Invoker.java:517)
	at org.testng.internal.Invoker.invokeTestMethod(Invoker.java:669)
	at org.testng.internal.Invoker.invokeTestMethods(Invoker.java:956)
	at org.testng.internal.TestMethodWorker.invokeTestMethods(TestMethodWorker.java:126)
	at org.testng.internal.TestMethodWorker.run(TestMethodWorker.java:110)
	at org.testng.TestRunner.runWorkers(TestRunner.java:759)
	at org.testng.TestRunner.privateRun(TestRunner.java:592)
	at org.testng.TestRunner.run(TestRunner.java:486)
	at org.testng.SuiteRunner.runTest(SuiteRunner.java:332)
	at org.testng.SuiteRunner.runSequentially(SuiteRunner.java:327)
	at org.testng.SuiteRunner.privateRun(SuiteRunner.java:299)
	at org.testng.SuiteRunner.run(SuiteRunner.java:204)
	at org.testng.TestNG.createAndRunSuiteRunners(TestNG.java:877)
	at org.testng.TestNG.runSuitesLocally(TestNG.java:842)
	at org.testng.TestNG.run(TestNG.java:751)
	at org.testng.remote.RemoteTestNG.run(RemoteTestNG.java:73)
	at org.testng.remote.RemoteTestNG.main(RemoteTestNG.java:124)
]]>
            </full-stacktrace>
          </exception>
        </test-method>
        <test-method status="PASS" signature="testaCOMANDOfaliure(java.lang.String)" name="testaCOMANDOfaliure" duration-ms="0" started-at="2009-10-31T16:15:37Z" finished-at="2009-10-31T16:15:37Z">
          <params>
            <param index="0">
              <value>
                <![CDATA[(assim)TIMES('SAssado');]]>
              </value>
            </param>
          </params>
          <exception class="br.exceptions.SintaticoException">
            <message>
              <![CDATA[Esperava um ID ou OP_PROJ ou OP_SEL ou OP_JUN ou OP_REN ou mesmo um PARENTESE_E na coluna 13]]>
            </message>
            <full-stacktrace>
              <![CDATA[br.exceptions.SintaticoException: Esperava um ID ou OP_PROJ ou OP_SEL ou OP_JUN ou OP_REN ou mesmo um PARENTESE_E na coluna 13
	at br.kernel.AnalisadorSintatico.relacao(AnalisadorSintatico.java:1022)
	at br.testes.TestesAnaliseSintatica.testaCOMANDOfaliure(TestesAnaliseSintatica.java:157)
	at sun.reflect.GeneratedMethodAccessor2.invoke(Unknown Source)
	at sun.reflect.DelegatingMethodAccessorImpl.invoke(Unknown Source)
	at java.lang.reflect.Method.invoke(Unknown Source)
	at org.testng.internal.MethodHelper.invokeMethod(MethodHelper.java:607)
	at org.testng.internal.Invoker.invokeMethod(Invoker.java:517)
	at org.testng.internal.Invoker.invokeTestMethod(Invoker.java:669)
	at org.testng.internal.Invoker.invokeTestMethods(Invoker.java:956)
	at org.testng.internal.TestMethodWorker.invokeTestMethods(TestMethodWorker.java:126)
	at org.testng.internal.TestMethodWorker.run(TestMethodWorker.java:110)
	at org.testng.TestRunner.runWorkers(TestRunner.java:759)
	at org.testng.TestRunner.privateRun(TestRunner.java:592)
	at org.testng.TestRunner.run(TestRunner.java:486)
	at org.testng.SuiteRunner.runTest(SuiteRunner.java:332)
	at org.testng.SuiteRunner.runSequentially(SuiteRunner.java:327)
	at org.testng.SuiteRunner.privateRun(SuiteRunner.java:299)
	at org.testng.SuiteRunner.run(SuiteRunner.java:204)
	at org.testng.TestNG.createAndRunSuiteRunners(TestNG.java:877)
	at org.testng.TestNG.runSuitesLocally(TestNG.java:842)
	at org.testng.TestNG.run(TestNG.java:751)
	at org.testng.remote.RemoteTestNG.run(RemoteTestNG.java:73)
	at org.testng.remote.RemoteTestNG.main(RemoteTestNG.java:124)
]]>
            </full-stacktrace>
          </exception>
        </test-method>
        <test-method status="PASS" signature="testaCOMANDOfaliure(java.lang.String)" name="testaCOMANDOfaliure" duration-ms="0" started-at="2009-10-31T16:15:37Z" finished-at="2009-10-31T16:15:37Z">
          <params>
            <param index="0">
              <value>
                <![CDATA[PROJECT [nome = 'ASDF'](Students);]]>
              </value>
            </param>
          </params>
          <exception class="br.exceptions.SintaticoException">
            <message>
              <![CDATA[Esperava um VIRGULA ou COLCHETE_D na coluna 14]]>
            </message>
            <full-stacktrace>
              <![CDATA[br.exceptions.SintaticoException: Esperava um VIRGULA ou COLCHETE_D na coluna 14
	at br.kernel.AnalisadorSintatico.relacao(AnalisadorSintatico.java:201)
	at br.testes.TestesAnaliseSintatica.testaCOMANDOfaliure(TestesAnaliseSintatica.java:157)
	at sun.reflect.GeneratedMethodAccessor2.invoke(Unknown Source)
	at sun.reflect.DelegatingMethodAccessorImpl.invoke(Unknown Source)
	at java.lang.reflect.Method.invoke(Unknown Source)
	at org.testng.internal.MethodHelper.invokeMethod(MethodHelper.java:607)
	at org.testng.internal.Invoker.invokeMethod(Invoker.java:517)
	at org.testng.internal.Invoker.invokeTestMethod(Invoker.java:669)
	at org.testng.internal.Invoker.invokeTestMethods(Invoker.java:956)
	at org.testng.internal.TestMethodWorker.invokeTestMethods(TestMethodWorker.java:126)
	at org.testng.internal.TestMethodWorker.run(TestMethodWorker.java:110)
	at org.testng.TestRunner.runWorkers(TestRunner.java:759)
	at org.testng.TestRunner.privateRun(TestRunner.java:592)
	at org.testng.TestRunner.run(TestRunner.java:486)
	at org.testng.SuiteRunner.runTest(SuiteRunner.java:332)
	at org.testng.SuiteRunner.runSequentially(SuiteRunner.java:327)
	at org.testng.SuiteRunner.privateRun(SuiteRunner.java:299)
	at org.testng.SuiteRunner.run(SuiteRunner.java:204)
	at org.testng.TestNG.createAndRunSuiteRunners(TestNG.java:877)
	at org.testng.TestNG.runSuitesLocally(TestNG.java:842)
	at org.testng.TestNG.run(TestNG.java:751)
	at org.testng.remote.RemoteTestNG.run(RemoteTestNG.java:73)
	at org.testng.remote.RemoteTestNG.main(RemoteTestNG.java:124)
]]>
            </full-stacktrace>
          </exception>
        </test-method>
        <test-method status="PASS" signature="testaCOMANDOsuccess(java.lang.String)" name="testaCOMANDOsuccess" duration-ms="16" started-at="2009-10-31T16:15:37Z" finished-at="2009-10-31T16:15:37Z">
          <params>
            <param index="0">
              <value>
                <![CDATA[(PROJECT [nome](Students))DIVISION(PROJECT [nome](Students));]]>
              </value>
            </param>
          </params>
        </test-method>
        <test-method status="PASS" signature="testaCOMANDOfaliure(java.lang.String)" name="testaCOMANDOfaliure" duration-ms="0" started-at="2009-10-31T16:15:38Z" finished-at="2009-10-31T16:15:38Z">
          <params>
            <param index="0">
              <value>
                <![CDATA[(Students)DIVISION StudentS);]]>
              </value>
            </param>
          </params>
          <exception class="br.exceptions.SintaticoException">
            <message>
              <![CDATA[Esperava um PARENTESE_E na coluna 19]]>
            </message>
            <full-stacktrace>
              <![CDATA[br.exceptions.SintaticoException: Esperava um PARENTESE_E na coluna 19
	at br.kernel.AnalisadorSintatico.relacao(AnalisadorSintatico.java:1067)
	at br.testes.TestesAnaliseSintatica.testaCOMANDOfaliure(TestesAnaliseSintatica.java:157)
	at sun.reflect.GeneratedMethodAccessor2.invoke(Unknown Source)
	at sun.reflect.DelegatingMethodAccessorImpl.invoke(Unknown Source)
	at java.lang.reflect.Method.invoke(Unknown Source)
	at org.testng.internal.MethodHelper.invokeMethod(MethodHelper.java:607)
	at org.testng.internal.Invoker.invokeMethod(Invoker.java:517)
	at org.testng.internal.Invoker.invokeTestMethod(Invoker.java:669)
	at org.testng.internal.Invoker.invokeTestMethods(Invoker.java:956)
	at org.testng.internal.TestMethodWorker.invokeTestMethods(TestMethodWorker.java:126)
	at org.testng.internal.TestMethodWorker.run(TestMethodWorker.java:110)
	at org.testng.TestRunner.runWorkers(TestRunner.java:759)
	at org.testng.TestRunner.privateRun(TestRunner.java:592)
	at org.testng.TestRunner.run(TestRunner.java:486)
	at org.testng.SuiteRunner.runTest(SuiteRunner.java:332)
	at org.testng.SuiteRunner.runSequentially(SuiteRunner.java:327)
	at org.testng.SuiteRunner.privateRun(SuiteRunner.java:299)
	at org.testng.SuiteRunner.run(SuiteRunner.java:204)
	at org.testng.TestNG.createAndRunSuiteRunners(TestNG.java:877)
	at org.testng.TestNG.runSuitesLocally(TestNG.java:842)
	at org.testng.TestNG.run(TestNG.java:751)
	at org.testng.remote.RemoteTestNG.run(RemoteTestNG.java:73)
	at org.testng.remote.RemoteTestNG.main(RemoteTestNG.java:124)
]]>
            </full-stacktrace>
          </exception>
        </test-method>
        <test-method status="PASS" signature="testaCOMANDOfaliure(java.lang.String)" name="testaCOMANDOfaliure" duration-ms="0" started-at="2009-10-31T16:15:37Z" finished-at="2009-10-31T16:15:37Z">
          <params>
            <param index="0">
              <value>
                <![CDATA[RENAME[SELECT](Joaonielton);]]>
              </value>
            </param>
          </params>
          <exception class="br.exceptions.SintaticoException">
            <message>
              <![CDATA[Esperava um ID na coluna 7]]>
            </message>
            <full-stacktrace>
              <![CDATA[br.exceptions.SintaticoException: Esperava um ID na coluna 7
	at br.kernel.AnalisadorSintatico.relacao(AnalisadorSintatico.java:802)
	at br.testes.TestesAnaliseSintatica.testaCOMANDOfaliure(TestesAnaliseSintatica.java:157)
	at sun.reflect.GeneratedMethodAccessor2.invoke(Unknown Source)
	at sun.reflect.DelegatingMethodAccessorImpl.invoke(Unknown Source)
	at java.lang.reflect.Method.invoke(Unknown Source)
	at org.testng.internal.MethodHelper.invokeMethod(MethodHelper.java:607)
	at org.testng.internal.Invoker.invokeMethod(Invoker.java:517)
	at org.testng.internal.Invoker.invokeTestMethod(Invoker.java:669)
	at org.testng.internal.Invoker.invokeTestMethods(Invoker.java:956)
	at org.testng.internal.TestMethodWorker.invokeTestMethods(TestMethodWorker.java:126)
	at org.testng.internal.TestMethodWorker.run(TestMethodWorker.java:110)
	at org.testng.TestRunner.runWorkers(TestRunner.java:759)
	at org.testng.TestRunner.privateRun(TestRunner.java:592)
	at org.testng.TestRunner.run(TestRunner.java:486)
	at org.testng.SuiteRunner.runTest(SuiteRunner.java:332)
	at org.testng.SuiteRunner.runSequentially(SuiteRunner.java:327)
	at org.testng.SuiteRunner.privateRun(SuiteRunner.java:299)
	at org.testng.SuiteRunner.run(SuiteRunner.java:204)
	at org.testng.TestNG.createAndRunSuiteRunners(TestNG.java:877)
	at org.testng.TestNG.runSuitesLocally(TestNG.java:842)
	at org.testng.TestNG.run(TestNG.java:751)
	at org.testng.remote.RemoteTestNG.run(RemoteTestNG.java:73)
	at org.testng.remote.RemoteTestNG.main(RemoteTestNG.java:124)
]]>
            </full-stacktrace>
          </exception>
        </test-method>
        <test-method status="PASS" signature="testaCOMANDOfaliure(java.lang.String)" name="testaCOMANDOfaliure" duration-ms="16" started-at="2009-10-31T16:15:37Z" finished-at="2009-10-31T16:15:37Z">
          <params>
            <param index="0">
              <value>
                <![CDATA[RENAME[NaoFerrouNada]('Joaonielton');]]>
              </value>
            </param>
          </params>
          <exception class="br.exceptions.SintaticoException">
            <message>
              <![CDATA[Esperava um ID ou OP_PROJ ou OP_SEL ou OP_JUN ou OP_REN ou mesmo um PARENTESE_E na coluna 22]]>
            </message>
            <full-stacktrace>
              <![CDATA[br.exceptions.SintaticoException: Esperava um ID ou OP_PROJ ou OP_SEL ou OP_JUN ou OP_REN ou mesmo um PARENTESE_E na coluna 22
	at br.kernel.AnalisadorSintatico.relacao(AnalisadorSintatico.java:867)
	at br.testes.TestesAnaliseSintatica.testaCOMANDOfaliure(TestesAnaliseSintatica.java:157)
	at sun.reflect.GeneratedMethodAccessor2.invoke(Unknown Source)
	at sun.reflect.DelegatingMethodAccessorImpl.invoke(Unknown Source)
	at java.lang.reflect.Method.invoke(Unknown Source)
	at org.testng.internal.MethodHelper.invokeMethod(MethodHelper.java:607)
	at org.testng.internal.Invoker.invokeMethod(Invoker.java:517)
	at org.testng.internal.Invoker.invokeTestMethod(Invoker.java:669)
	at org.testng.internal.Invoker.invokeTestMethods(Invoker.java:956)
	at org.testng.internal.TestMethodWorker.invokeTestMethods(TestMethodWorker.java:126)
	at org.testng.internal.TestMethodWorker.run(TestMethodWorker.java:110)
	at org.testng.TestRunner.runWorkers(TestRunner.java:759)
	at org.testng.TestRunner.privateRun(TestRunner.java:592)
	at org.testng.TestRunner.run(TestRunner.java:486)
	at org.testng.SuiteRunner.runTest(SuiteRunner.java:332)
	at org.testng.SuiteRunner.runSequentially(SuiteRunner.java:327)
	at org.testng.SuiteRunner.privateRun(SuiteRunner.java:299)
	at org.testng.SuiteRunner.run(SuiteRunner.java:204)
	at org.testng.TestNG.createAndRunSuiteRunners(TestNG.java:877)
	at org.testng.TestNG.runSuitesLocally(TestNG.java:842)
	at org.testng.TestNG.run(TestNG.java:751)
	at org.testng.remote.RemoteTestNG.run(RemoteTestNG.java:73)
	at org.testng.remote.RemoteTestNG.main(RemoteTestNG.java:124)
]]>
            </full-stacktrace>
          </exception>
        </test-method>
        <test-method status="PASS" signature="testaCOMANDOfaliure(java.lang.String)" name="testaCOMANDOfaliure" duration-ms="0" started-at="2009-10-31T16:15:37Z" finished-at="2009-10-31T16:15:37Z">
          <params>
            <param index="0">
              <value>
                <![CDATA[SELECT nome = 'Alcemir', sal>1.234] (Developers);]]>
              </value>
            </param>
          </params>
          <exception class="br.exceptions.SintaticoException">
            <message>
              <![CDATA[Esperava um COLCHETE_E na coluna 7]]>
            </message>
            <full-stacktrace>
              <![CDATA[br.exceptions.SintaticoException: Esperava um COLCHETE_E na coluna 7
	at br.kernel.AnalisadorSintatico.relacao(AnalisadorSintatico.java:317)
	at br.testes.TestesAnaliseSintatica.testaCOMANDOfaliure(TestesAnaliseSintatica.java:157)
	at sun.reflect.NativeMethodAccessorImpl.invoke0(Native Method)
	at sun.reflect.NativeMethodAccessorImpl.invoke(Unknown Source)
	at sun.reflect.DelegatingMethodAccessorImpl.invoke(Unknown Source)
	at java.lang.reflect.Method.invoke(Unknown Source)
	at org.testng.internal.MethodHelper.invokeMethod(MethodHelper.java:607)
	at org.testng.internal.Invoker.invokeMethod(Invoker.java:517)
	at org.testng.internal.Invoker.invokeTestMethod(Invoker.java:669)
	at org.testng.internal.Invoker.invokeTestMethods(Invoker.java:956)
	at org.testng.internal.TestMethodWorker.invokeTestMethods(TestMethodWorker.java:126)
	at org.testng.internal.TestMethodWorker.run(TestMethodWorker.java:110)
	at org.testng.TestRunner.runWorkers(TestRunner.java:759)
	at org.testng.TestRunner.privateRun(TestRunner.java:592)
	at org.testng.TestRunner.run(TestRunner.java:486)
	at org.testng.SuiteRunner.runTest(SuiteRunner.java:332)
	at org.testng.SuiteRunner.runSequentially(SuiteRunner.java:327)
	at org.testng.SuiteRunner.privateRun(SuiteRunner.java:299)
	at org.testng.SuiteRunner.run(SuiteRunner.java:204)
	at org.testng.TestNG.createAndRunSuiteRunners(TestNG.java:877)
	at org.testng.TestNG.runSuitesLocally(TestNG.java:842)
	at org.testng.TestNG.run(TestNG.java:751)
	at org.testng.remote.RemoteTestNG.run(RemoteTestNG.java:73)
	at org.testng.remote.RemoteTestNG.main(RemoteTestNG.java:124)
]]>
            </full-stacktrace>
          </exception>
        </test-method>
        <test-method status="PASS" signature="testaCOMANDOfaliure(java.lang.String)" name="testaCOMANDOfaliure" duration-ms="0" started-at="2009-10-31T16:15:38Z" finished-at="2009-10-31T16:15:38Z">
          <params>
            <param index="0">
              <value>
                <![CDATA[(assim)TIMES(SAssado <> 344);]]>
              </value>
            </param>
          </params>
          <exception class="br.exceptions.SintaticoException">
            <message>
              <![CDATA[Esperava um PARENTESE_D na coluna 21]]>
            </message>
            <full-stacktrace>
              <![CDATA[br.exceptions.SintaticoException: Esperava um PARENTESE_D na coluna 21
	at br.kernel.AnalisadorSintatico.relacao(AnalisadorSintatico.java:1044)
	at br.testes.TestesAnaliseSintatica.testaCOMANDOfaliure(TestesAnaliseSintatica.java:157)
	at sun.reflect.GeneratedMethodAccessor2.invoke(Unknown Source)
	at sun.reflect.DelegatingMethodAccessorImpl.invoke(Unknown Source)
	at java.lang.reflect.Method.invoke(Unknown Source)
	at org.testng.internal.MethodHelper.invokeMethod(MethodHelper.java:607)
	at org.testng.internal.Invoker.invokeMethod(Invoker.java:517)
	at org.testng.internal.Invoker.invokeTestMethod(Invoker.java:669)
	at org.testng.internal.Invoker.invokeTestMethods(Invoker.java:956)
	at org.testng.internal.TestMethodWorker.invokeTestMethods(TestMethodWorker.java:126)
	at org.testng.internal.TestMethodWorker.run(TestMethodWorker.java:110)
	at org.testng.TestRunner.runWorkers(TestRunner.java:759)
	at org.testng.TestRunner.privateRun(TestRunner.java:592)
	at org.testng.TestRunner.run(TestRunner.java:486)
	at org.testng.SuiteRunner.runTest(SuiteRunner.java:332)
	at org.testng.SuiteRunner.runSequentially(SuiteRunner.java:327)
	at org.testng.SuiteRunner.privateRun(SuiteRunner.java:299)
	at org.testng.SuiteRunner.run(SuiteRunner.java:204)
	at org.testng.TestNG.createAndRunSuiteRunners(TestNG.java:877)
	at org.testng.TestNG.runSuitesLocally(TestNG.java:842)
	at org.testng.TestNG.run(TestNG.java:751)
	at org.testng.remote.RemoteTestNG.run(RemoteTestNG.java:73)
	at org.testng.remote.RemoteTestNG.main(RemoteTestNG.java:124)
]]>
            </full-stacktrace>
          </exception>
        </test-method>
        <test-method status="PASS" signature="testaCOMANDOsuccess(java.lang.String)" name="testaCOMANDOsuccess" duration-ms="0" started-at="2009-10-31T16:15:37Z" finished-at="2009-10-31T16:15:37Z">
          <params>
            <param index="0">
              <value>
                <![CDATA[(assim)TIMES(SAssado);]]>
              </value>
            </param>
          </params>
        </test-method>
        <test-method status="PASS" signature="testaCOMANDOfaliure(java.lang.String)" name="testaCOMANDOfaliure" duration-ms="0" started-at="2009-10-31T16:15:37Z" finished-at="2009-10-31T16:15:37Z">
          <params>
            <param index="0">
              <value>
                <![CDATA[JOIN ['nome'= 'Alcemir']((Developers) TIMES (Students));]]>
              </value>
            </param>
          </params>
          <exception class="br.exceptions.SintaticoException">
            <message>
              <![CDATA[Esperava um ID na coluna 6]]>
            </message>
            <full-stacktrace>
              <![CDATA[br.exceptions.SintaticoException: Esperava um ID na coluna 6
	at br.kernel.AnalisadorSintatico.relacao(AnalisadorSintatico.java:511)
	at br.testes.TestesAnaliseSintatica.testaCOMANDOfaliure(TestesAnaliseSintatica.java:157)
	at sun.reflect.GeneratedMethodAccessor2.invoke(Unknown Source)
	at sun.reflect.DelegatingMethodAccessorImpl.invoke(Unknown Source)
	at java.lang.reflect.Method.invoke(Unknown Source)
	at org.testng.internal.MethodHelper.invokeMethod(MethodHelper.java:607)
	at org.testng.internal.Invoker.invokeMethod(Invoker.java:517)
	at org.testng.internal.Invoker.invokeTestMethod(Invoker.java:669)
	at org.testng.internal.Invoker.invokeTestMethods(Invoker.java:956)
	at org.testng.internal.TestMethodWorker.invokeTestMethods(TestMethodWorker.java:126)
	at org.testng.internal.TestMethodWorker.run(TestMethodWorker.java:110)
	at org.testng.TestRunner.runWorkers(TestRunner.java:759)
	at org.testng.TestRunner.privateRun(TestRunner.java:592)
	at org.testng.TestRunner.run(TestRunner.java:486)
	at org.testng.SuiteRunner.runTest(SuiteRunner.java:332)
	at org.testng.SuiteRunner.runSequentially(SuiteRunner.java:327)
	at org.testng.SuiteRunner.privateRun(SuiteRunner.java:299)
	at org.testng.SuiteRunner.run(SuiteRunner.java:204)
	at org.testng.TestNG.createAndRunSuiteRunners(TestNG.java:877)
	at org.testng.TestNG.runSuitesLocally(TestNG.java:842)
	at org.testng.TestNG.run(TestNG.java:751)
	at org.testng.remote.RemoteTestNG.run(RemoteTestNG.java:73)
	at org.testng.remote.RemoteTestNG.main(RemoteTestNG.java:124)
]]>
            </full-stacktrace>
          </exception>
        </test-method>
        <test-method status="FAIL" signature="testaCOMANDOsuccess(java.lang.String)" name="testaCOMANDOsuccess" duration-ms="15" started-at="2009-10-31T16:15:37Z" finished-at="2009-10-31T16:15:37Z">
          <params>
            <param index="0">
              <value>
                <![CDATA[JOIN [nome='sal']((PROJECT [nome, sal](JOIN[Developers='Seniors']((Students)TIMES(Alunos))))TIMES(JOIN [nome='Alcemir']((Developers) TIMES (Students))));]]>
              </value>
            </param>
          </params>
          <exception class="br.exceptions.SintaticoException">
            <message>
              <![CDATA[Esperava um ID na coluna 11]]>
            </message>
            <full-stacktrace>
              <![CDATA[br.exceptions.SintaticoException: Esperava um ID na coluna 11
	at br.kernel.AnalisadorSintatico.relacao(AnalisadorSintatico.java:545)
	at br.testes.TestesAnaliseSintatica.testaCOMANDOsuccess(TestesAnaliseSintatica.java:61)
	at sun.reflect.GeneratedMethodAccessor1.invoke(Unknown Source)
	at sun.reflect.DelegatingMethodAccessorImpl.invoke(Unknown Source)
	at java.lang.reflect.Method.invoke(Unknown Source)
	at org.testng.internal.MethodHelper.invokeMethod(MethodHelper.java:607)
	at org.testng.internal.Invoker.invokeMethod(Invoker.java:517)
	at org.testng.internal.Invoker.invokeTestMethod(Invoker.java:669)
	at org.testng.internal.Invoker.invokeTestMethods(Invoker.java:956)
	at org.testng.internal.TestMethodWorker.invokeTestMethods(TestMethodWorker.java:126)
	at org.testng.internal.TestMethodWorker.run(TestMethodWorker.java:110)
	at org.testng.TestRunner.runWorkers(TestRunner.java:759)
	at org.testng.TestRunner.privateRun(TestRunner.java:592)
	at org.testng.TestRunner.run(TestRunner.java:486)
	at org.testng.SuiteRunner.runTest(SuiteRunner.java:332)
	at org.testng.SuiteRunner.runSequentially(SuiteRunner.java:327)
	at org.testng.SuiteRunner.privateRun(SuiteRunner.java:299)
	at org.testng.SuiteRunner.run(SuiteRunner.java:204)
	at org.testng.TestNG.createAndRunSuiteRunners(TestNG.java:877)
	at org.testng.TestNG.runSuitesLocally(TestNG.java:842)
	at org.testng.TestNG.run(TestNG.java:751)
	at org.testng.remote.RemoteTestNG.run(RemoteTestNG.java:73)
	at org.testng.remote.RemoteTestNG.main(RemoteTestNG.java:124)
]]>
            </full-stacktrace>
          </exception>
        </test-method>
        <test-method status="PASS" signature="testaCOMANDOfaliure(java.lang.String)" name="testaCOMANDOfaliure" duration-ms="0" started-at="2009-10-31T16:15:38Z" finished-at="2009-10-31T16:15:38Z">
          <params>
            <param index="0">
              <value>
                <![CDATA[('Students')DIVISION(StudentS);]]>
              </value>
            </param>
          </params>
          <exception class="br.exceptions.SintaticoException">
            <message>
              <![CDATA[Esperava um ID ou OP_PROJ ou OP_SEL ou OP_JUN ou OP_REN ou mesmo um PARENTESE_E na coluna 1]]>
            </message>
            <full-stacktrace>
              <![CDATA[br.exceptions.SintaticoException: Esperava um ID ou OP_PROJ ou OP_SEL ou OP_JUN ou OP_REN ou mesmo um PARENTESE_E na coluna 1
	at br.kernel.AnalisadorSintatico.relacao(AnalisadorSintatico.java:930)
	at br.testes.TestesAnaliseSintatica.testaCOMANDOfaliure(TestesAnaliseSintatica.java:157)
	at sun.reflect.GeneratedMethodAccessor2.invoke(Unknown Source)
	at sun.reflect.DelegatingMethodAccessorImpl.invoke(Unknown Source)
	at java.lang.reflect.Method.invoke(Unknown Source)
	at org.testng.internal.MethodHelper.invokeMethod(MethodHelper.java:607)
	at org.testng.internal.Invoker.invokeMethod(Invoker.java:517)
	at org.testng.internal.Invoker.invokeTestMethod(Invoker.java:669)
	at org.testng.internal.Invoker.invokeTestMethods(Invoker.java:956)
	at org.testng.internal.TestMethodWorker.invokeTestMethods(TestMethodWorker.java:126)
	at org.testng.internal.TestMethodWorker.run(TestMethodWorker.java:110)
	at org.testng.TestRunner.runWorkers(TestRunner.java:759)
	at org.testng.TestRunner.privateRun(TestRunner.java:592)
	at org.testng.TestRunner.run(TestRunner.java:486)
	at org.testng.SuiteRunner.runTest(SuiteRunner.java:332)
	at org.testng.SuiteRunner.runSequentially(SuiteRunner.java:327)
	at org.testng.SuiteRunner.privateRun(SuiteRunner.java:299)
	at org.testng.SuiteRunner.run(SuiteRunner.java:204)
	at org.testng.TestNG.createAndRunSuiteRunners(TestNG.java:877)
	at org.testng.TestNG.runSuitesLocally(TestNG.java:842)
	at org.testng.TestNG.run(TestNG.java:751)
	at org.testng.remote.RemoteTestNG.run(RemoteTestNG.java:73)
	at org.testng.remote.RemoteTestNG.main(RemoteTestNG.java:124)
]]>
            </full-stacktrace>
          </exception>
        </test-method>
        <test-method status="PASS" signature="testaCOMANDOfaliure(java.lang.String)" name="testaCOMANDOfaliure" duration-ms="16" started-at="2009-10-31T16:15:37Z" finished-at="2009-10-31T16:15:37Z">
          <params>
            <param index="0">
              <value>
                <![CDATA[PROJECT [nome rg](Students);]]>
              </value>
            </param>
          </params>
          <exception class="br.exceptions.SintaticoException">
            <message>
              <![CDATA[Esperava um VIRGULA ou COLCHETE_D na coluna 14]]>
            </message>
            <full-stacktrace>
              <![CDATA[br.exceptions.SintaticoException: Esperava um VIRGULA ou COLCHETE_D na coluna 14
	at br.kernel.AnalisadorSintatico.relacao(AnalisadorSintatico.java:201)
	at br.testes.TestesAnaliseSintatica.testaCOMANDOfaliure(TestesAnaliseSintatica.java:157)
	at sun.reflect.GeneratedMethodAccessor2.invoke(Unknown Source)
	at sun.reflect.DelegatingMethodAccessorImpl.invoke(Unknown Source)
	at java.lang.reflect.Method.invoke(Unknown Source)
	at org.testng.internal.MethodHelper.invokeMethod(MethodHelper.java:607)
	at org.testng.internal.Invoker.invokeMethod(Invoker.java:517)
	at org.testng.internal.Invoker.invokeTestMethod(Invoker.java:669)
	at org.testng.internal.Invoker.invokeTestMethods(Invoker.java:956)
	at org.testng.internal.TestMethodWorker.invokeTestMethods(TestMethodWorker.java:126)
	at org.testng.internal.TestMethodWorker.run(TestMethodWorker.java:110)
	at org.testng.TestRunner.runWorkers(TestRunner.java:759)
	at org.testng.TestRunner.privateRun(TestRunner.java:592)
	at org.testng.TestRunner.run(TestRunner.java:486)
	at org.testng.SuiteRunner.runTest(SuiteRunner.java:332)
	at org.testng.SuiteRunner.runSequentially(SuiteRunner.java:327)
	at org.testng.SuiteRunner.privateRun(SuiteRunner.java:299)
	at org.testng.SuiteRunner.run(SuiteRunner.java:204)
	at org.testng.TestNG.createAndRunSuiteRunners(TestNG.java:877)
	at org.testng.TestNG.runSuitesLocally(TestNG.java:842)
	at org.testng.TestNG.run(TestNG.java:751)
	at org.testng.remote.RemoteTestNG.run(RemoteTestNG.java:73)
	at org.testng.remote.RemoteTestNG.main(RemoteTestNG.java:124)
]]>
            </full-stacktrace>
          </exception>
        </test-method>
        <test-method status="PASS" signature="testaCOMANDOfaliure(java.lang.String)" name="testaCOMANDOfaliure" duration-ms="0" started-at="2009-10-31T16:15:38Z" finished-at="2009-10-31T16:15:38Z">
          <params>
            <param index="0">
              <value>
                <![CDATA[(assim = 'sdfe')TIMES(SAssado);]]>
              </value>
            </param>
          </params>
          <exception class="br.exceptions.SintaticoException">
            <message>
              <![CDATA[Esperava um PARENTESE_D na coluna 7]]>
            </message>
            <full-stacktrace>
              <![CDATA[br.exceptions.SintaticoException: Esperava um PARENTESE_D na coluna 7
	at br.kernel.AnalisadorSintatico.relacao(AnalisadorSintatico.java:952)
	at br.testes.TestesAnaliseSintatica.testaCOMANDOfaliure(TestesAnaliseSintatica.java:157)
	at sun.reflect.GeneratedMethodAccessor2.invoke(Unknown Source)
	at sun.reflect.DelegatingMethodAccessorImpl.invoke(Unknown Source)
	at java.lang.reflect.Method.invoke(Unknown Source)
	at org.testng.internal.MethodHelper.invokeMethod(MethodHelper.java:607)
	at org.testng.internal.Invoker.invokeMethod(Invoker.java:517)
	at org.testng.internal.Invoker.invokeTestMethod(Invoker.java:669)
	at org.testng.internal.Invoker.invokeTestMethods(Invoker.java:956)
	at org.testng.internal.TestMethodWorker.invokeTestMethods(TestMethodWorker.java:126)
	at org.testng.internal.TestMethodWorker.run(TestMethodWorker.java:110)
	at org.testng.TestRunner.runWorkers(TestRunner.java:759)
	at org.testng.TestRunner.privateRun(TestRunner.java:592)
	at org.testng.TestRunner.run(TestRunner.java:486)
	at org.testng.SuiteRunner.runTest(SuiteRunner.java:332)
	at org.testng.SuiteRunner.runSequentially(SuiteRunner.java:327)
	at org.testng.SuiteRunner.privateRun(SuiteRunner.java:299)
	at org.testng.SuiteRunner.run(SuiteRunner.java:204)
	at org.testng.TestNG.createAndRunSuiteRunners(TestNG.java:877)
	at org.testng.TestNG.runSuitesLocally(TestNG.java:842)
	at org.testng.TestNG.run(TestNG.java:751)
	at org.testng.remote.RemoteTestNG.run(RemoteTestNG.java:73)
	at org.testng.remote.RemoteTestNG.main(RemoteTestNG.java:124)
]]>
            </full-stacktrace>
          </exception>
        </test-method>
        <test-method status="PASS" signature="testaCOMANDOfaliure(java.lang.String)" name="testaCOMANDOfaliure" duration-ms="0" started-at="2009-10-31T16:15:37Z" finished-at="2009-10-31T16:15:37Z">
          <params>
            <param index="0">
              <value>
                <![CDATA[RENAM[NaoFerrouNada](Joaonielton);]]>
              </value>
            </param>
          </params>
          <exception class="br.exceptions.SintaticoException">
            <message>
              <![CDATA[Esperava um OP_PROJ ou um OP_SEL ou um OP_JUN ou um OP_REN ou mesmo um PARENTESE_E na coluna 0]]>
            </message>
            <full-stacktrace>
              <![CDATA[br.exceptions.SintaticoException: Esperava um OP_PROJ ou um OP_SEL ou um OP_JUN ou um OP_REN ou mesmo um PARENTESE_E na coluna 0
	at br.kernel.AnalisadorSintatico.relacao(AnalisadorSintatico.java:139)
	at br.testes.TestesAnaliseSintatica.testaCOMANDOfaliure(TestesAnaliseSintatica.java:157)
	at sun.reflect.GeneratedMethodAccessor2.invoke(Unknown Source)
	at sun.reflect.DelegatingMethodAccessorImpl.invoke(Unknown Source)
	at java.lang.reflect.Method.invoke(Unknown Source)
	at org.testng.internal.MethodHelper.invokeMethod(MethodHelper.java:607)
	at org.testng.internal.Invoker.invokeMethod(Invoker.java:517)
	at org.testng.internal.Invoker.invokeTestMethod(Invoker.java:669)
	at org.testng.internal.Invoker.invokeTestMethods(Invoker.java:956)
	at org.testng.internal.TestMethodWorker.invokeTestMethods(TestMethodWorker.java:126)
	at org.testng.internal.TestMethodWorker.run(TestMethodWorker.java:110)
	at org.testng.TestRunner.runWorkers(TestRunner.java:759)
	at org.testng.TestRunner.privateRun(TestRunner.java:592)
	at org.testng.TestRunner.run(TestRunner.java:486)
	at org.testng.SuiteRunner.runTest(SuiteRunner.java:332)
	at org.testng.SuiteRunner.runSequentially(SuiteRunner.java:327)
	at org.testng.SuiteRunner.privateRun(SuiteRunner.java:299)
	at org.testng.SuiteRunner.run(SuiteRunner.java:204)
	at org.testng.TestNG.createAndRunSuiteRunners(TestNG.java:877)
	at org.testng.TestNG.runSuitesLocally(TestNG.java:842)
	at org.testng.TestNG.run(TestNG.java:751)
	at org.testng.remote.RemoteTestNG.run(RemoteTestNG.java:73)
	at org.testng.remote.RemoteTestNG.main(RemoteTestNG.java:124)
]]>
            </full-stacktrace>
          </exception>
        </test-method>
        <test-method status="PASS" signature="testaCOMANDOfaliure(java.lang.String)" name="testaCOMANDOfaliure" duration-ms="16" started-at="2009-10-31T16:15:37Z" finished-at="2009-10-31T16:15:37Z">
          <params>
            <param index="0">
              <value>
                <![CDATA[ROJECT [nome](Students);]]>
              </value>
            </param>
          </params>
          <exception class="br.exceptions.SintaticoException">
            <message>
              <![CDATA[Esperava um OP_PROJ ou um OP_SEL ou um OP_JUN ou um OP_REN ou mesmo um PARENTESE_E na coluna 0]]>
            </message>
            <full-stacktrace>
              <![CDATA[br.exceptions.SintaticoException: Esperava um OP_PROJ ou um OP_SEL ou um OP_JUN ou um OP_REN ou mesmo um PARENTESE_E na coluna 0
	at br.kernel.AnalisadorSintatico.relacao(AnalisadorSintatico.java:139)
	at br.testes.TestesAnaliseSintatica.testaCOMANDOfaliure(TestesAnaliseSintatica.java:157)
	at sun.reflect.NativeMethodAccessorImpl.invoke0(Native Method)
	at sun.reflect.NativeMethodAccessorImpl.invoke(Unknown Source)
	at sun.reflect.DelegatingMethodAccessorImpl.invoke(Unknown Source)
	at java.lang.reflect.Method.invoke(Unknown Source)
	at org.testng.internal.MethodHelper.invokeMethod(MethodHelper.java:607)
	at org.testng.internal.Invoker.invokeMethod(Invoker.java:517)
	at org.testng.internal.Invoker.invokeTestMethod(Invoker.java:669)
	at org.testng.internal.Invoker.invokeTestMethods(Invoker.java:956)
	at org.testng.internal.TestMethodWorker.invokeTestMethods(TestMethodWorker.java:126)
	at org.testng.internal.TestMethodWorker.run(TestMethodWorker.java:110)
	at org.testng.TestRunner.runWorkers(TestRunner.java:759)
	at org.testng.TestRunner.privateRun(TestRunner.java:592)
	at org.testng.TestRunner.run(TestRunner.java:486)
	at org.testng.SuiteRunner.runTest(SuiteRunner.java:332)
	at org.testng.SuiteRunner.runSequentially(SuiteRunner.java:327)
	at org.testng.SuiteRunner.privateRun(SuiteRunner.java:299)
	at org.testng.SuiteRunner.run(SuiteRunner.java:204)
	at org.testng.TestNG.createAndRunSuiteRunners(TestNG.java:877)
	at org.testng.TestNG.runSuitesLocally(TestNG.java:842)
	at org.testng.TestNG.run(TestNG.java:751)
	at org.testng.remote.RemoteTestNG.run(RemoteTestNG.java:73)
	at org.testng.remote.RemoteTestNG.main(RemoteTestNG.java:124)
]]>
            </full-stacktrace>
          </exception>
        </test-method>
        <test-method status="PASS" signature="testaCOMANDOfaliure(java.lang.String)" name="testaCOMANDOfaliure" duration-ms="0" started-at="2009-10-31T16:15:37Z" finished-at="2009-10-31T16:15:37Z">
          <params>
            <param index="0">
              <value>
                <![CDATA[SELECT [nome = 'Alcemir', sal>1.234 (Developers);]]>
              </value>
            </param>
          </params>
          <exception class="br.exceptions.SintaticoException">
            <message>
              <![CDATA[Esperava um COLCHETE_D ou mesmo uma VIRGULA na coluna 36]]>
            </message>
            <full-stacktrace>
              <![CDATA[br.exceptions.SintaticoException: Esperava um COLCHETE_D ou mesmo uma VIRGULA na coluna 36
	at br.kernel.AnalisadorSintatico.relacao(AnalisadorSintatico.java:397)
	at br.testes.TestesAnaliseSintatica.testaCOMANDOfaliure(TestesAnaliseSintatica.java:157)
	at sun.reflect.NativeMethodAccessorImpl.invoke0(Native Method)
	at sun.reflect.NativeMethodAccessorImpl.invoke(Unknown Source)
	at sun.reflect.DelegatingMethodAccessorImpl.invoke(Unknown Source)
	at java.lang.reflect.Method.invoke(Unknown Source)
	at org.testng.internal.MethodHelper.invokeMethod(MethodHelper.java:607)
	at org.testng.internal.Invoker.invokeMethod(Invoker.java:517)
	at org.testng.internal.Invoker.invokeTestMethod(Invoker.java:669)
	at org.testng.internal.Invoker.invokeTestMethods(Invoker.java:956)
	at org.testng.internal.TestMethodWorker.invokeTestMethods(TestMethodWorker.java:126)
	at org.testng.internal.TestMethodWorker.run(TestMethodWorker.java:110)
	at org.testng.TestRunner.runWorkers(TestRunner.java:759)
	at org.testng.TestRunner.privateRun(TestRunner.java:592)
	at org.testng.TestRunner.run(TestRunner.java:486)
	at org.testng.SuiteRunner.runTest(SuiteRunner.java:332)
	at org.testng.SuiteRunner.runSequentially(SuiteRunner.java:327)
	at org.testng.SuiteRunner.privateRun(SuiteRunner.java:299)
	at org.testng.SuiteRunner.run(SuiteRunner.java:204)
	at org.testng.TestNG.createAndRunSuiteRunners(TestNG.java:877)
	at org.testng.TestNG.runSuitesLocally(TestNG.java:842)
	at org.testng.TestNG.run(TestNG.java:751)
	at org.testng.remote.RemoteTestNG.run(RemoteTestNG.java:73)
	at org.testng.remote.RemoteTestNG.main(RemoteTestNG.java:124)
]]>
            </full-stacktrace>
          </exception>
        </test-method>
        <test-method status="FAIL" signature="testaCOMANDOsuccess(java.lang.String)" name="testaCOMANDOsuccess" duration-ms="0" started-at="2009-10-31T16:15:37Z" finished-at="2009-10-31T16:15:37Z">
          <params>
            <param index="0">
              <value>
                <![CDATA[(JOIN [nome='Alcemir']((Developers) TIMES (Students)))TIMES(PROJECT [nome, sal](RENAME[Developers](Students)));]]>
              </value>
            </param>
          </params>
          <exception class="br.exceptions.SintaticoException">
            <message>
              <![CDATA[Esperava um ID na coluna 12]]>
            </message>
            <full-stacktrace>
              <![CDATA[br.exceptions.SintaticoException: Esperava um ID na coluna 12
	at br.kernel.AnalisadorSintatico.relacao(AnalisadorSintatico.java:545)
	at br.kernel.AnalisadorSintatico.relacao(AnalisadorSintatico.java:923)
	at br.testes.TestesAnaliseSintatica.testaCOMANDOsuccess(TestesAnaliseSintatica.java:61)
	at sun.reflect.GeneratedMethodAccessor1.invoke(Unknown Source)
	at sun.reflect.DelegatingMethodAccessorImpl.invoke(Unknown Source)
	at java.lang.reflect.Method.invoke(Unknown Source)
	at org.testng.internal.MethodHelper.invokeMethod(MethodHelper.java:607)
	at org.testng.internal.Invoker.invokeMethod(Invoker.java:517)
	at org.testng.internal.Invoker.invokeTestMethod(Invoker.java:669)
	at org.testng.internal.Invoker.invokeTestMethods(Invoker.java:956)
	at org.testng.internal.TestMethodWorker.invokeTestMethods(TestMethodWorker.java:126)
	at org.testng.internal.TestMethodWorker.run(TestMethodWorker.java:110)
	at org.testng.TestRunner.runWorkers(TestRunner.java:759)
	at org.testng.TestRunner.privateRun(TestRunner.java:592)
	at org.testng.TestRunner.run(TestRunner.java:486)
	at org.testng.SuiteRunner.runTest(SuiteRunner.java:332)
	at org.testng.SuiteRunner.runSequentially(SuiteRunner.java:327)
	at org.testng.SuiteRunner.privateRun(SuiteRunner.java:299)
	at org.testng.SuiteRunner.run(SuiteRunner.java:204)
	at org.testng.TestNG.createAndRunSuiteRunners(TestNG.java:877)
	at org.testng.TestNG.runSuitesLocally(TestNG.java:842)
	at org.testng.TestNG.run(TestNG.java:751)
	at org.testng.remote.RemoteTestNG.run(RemoteTestNG.java:73)
	at org.testng.remote.RemoteTestNG.main(RemoteTestNG.java:124)
]]>
            </full-stacktrace>
          </exception>
        </test-method>
      </class>
    </test>
  </suite>
</testng-results>
