<html>
<head>
<title>TestNG:  doIure.test.TesteAnalisadorSintatico</title>
<link href="../testng.css" rel="stylesheet" type="text/css" />
<link href="../my-testng.css" rel="stylesheet" type="text/css" />

<style type="text/css">
.log { display: none;} 
.stack-trace { display: none;} 
</style>
<script type="text/javascript">
<!--
function flip(e) {
  current = e.style.display;
  if (current == 'block') {
    e.style.display = 'none';
    return 0;
  }
  else {
    e.style.display = 'block';
    return 1;
  }
}

function toggleBox(szDivId, elem, msg1, msg2)
{
  var res = -1;  if (document.getElementById) {
    res = flip(document.getElementById(szDivId));
  }
  else if (document.all) {
    // this is the way old msie versions work
    res = flip(document.all[szDivId]);
  }
  if(elem) {
    if(res == 0) elem.innerHTML = msg1; else elem.innerHTML = msg2;
  }

}

function toggleAllBoxes() {
  if (document.getElementsByTagName) {
    d = document.getElementsByTagName('div');
    for (i = 0; i < d.length; i++) {
      if (d[i].className == 'log') {
        flip(d[i]);
      }
    }
  }
}

// -->
</script>

</head>
<body>
<h2 align='center'>doIure.test.TesteAnalisadorSintatico</h2><table border='1' align="center">
<tr>
<td>Tests passed/Failed/Skipped:</td><td>59/0/0</td>
</tr><tr>
<td>Started on:</td><td>Wed Oct 07 09:55:15 BRT 2009</td>
</tr>
<tr><td>Total time:</td><td>1 seconds (1897 ms)</td>
</tr><tr>
<td>Included groups:</td><td></td>
</tr><tr>
<td>Excluded groups:</td><td></td>
</tr>
</table><p/>
<small><i>(Hover the method name to see the test class name)</i></small><p/>
<table width='100%' border='1' class='invocation-passed'>
<tr><td colspan='3' align='center'><b>PASSED TESTS</b></td></tr>
<tr><td><b>Test method</b></td>
<td width="10%"><b>Time (seconds)</b></td>
<td width="30%"><b>Exception</b></td>
</tr>
<tr>
<td title='doIure.test.TesteAnalisadorSintatico.testaCMDFailure()'>testaCMDFailure<br/><b>Parameters:</b> pipo nome,nome2 (sigma conta>10 tabela)</td>
<td>0</td>
<td><div><pre>doIure.SintaticoException: Na linha 0 e coluna 0 deveria ser uma classe PROJECAO
	at doIure.test.TesteAnalisadorSintatico.testaCMDFailure(TesteAnalisadorSintatico.java:103)
... Removed 22 stack frames</pre></div><a href='#' onClick='toggleBox("stack-trace32079775", this, "Click to show all stack frames", "Click to hide stack frames")'>Click to show all stack frames</a>
<div class='stack-trace' id='stack-trace32079775'><pre>doIure.SintaticoException: Na linha 0 e coluna 0 deveria ser uma classe PROJECAO
	at doIure.test.TesteAnalisadorSintatico.testaCMDFailure(TesteAnalisadorSintatico.java:103)
	at sun.reflect.NativeMethodAccessorImpl.invoke0(Native Method)
	at sun.reflect.NativeMethodAccessorImpl.invoke(NativeMethodAccessorImpl.java:39)
	at sun.reflect.DelegatingMethodAccessorImpl.invoke(DelegatingMethodAccessorImpl.java:25)
	at java.lang.reflect.Method.invoke(Method.java:597)
	at org.testng.internal.MethodHelper.invokeMethod(MethodHelper.java:607)
	at org.testng.internal.Invoker.invokeMethod(Invoker.java:517)
	at org.testng.internal.Invoker.invokeTestMethod(Invoker.java:669)
	at org.testng.internal.Invoker.invokeTestMethods(Invoker.java:956)
	at org.testng.internal.TestMethodWorker.invokeTestMethods(TestMethodWorker.java:126)
	at org.testng.internal.TestMethodWorker.run(TestMethodWorker.java:110)
	at org.testng.TestRunner.runWorkers(TestRunner.java:759)
	at org.testng.TestRunner.privateRun(TestRunner.java:592)
	at org.testng.TestRunner.run(TestRunner.java:486)
	at org.testng.SuiteRunner.runTest(SuiteRunner.java:332)
	at org.testng.SuiteRunner.runSequentially(SuiteRunner.java:327)
	at org.testng.SuiteRunner.privateRun(SuiteRunner.java:299)
	at org.testng.SuiteRunner.run(SuiteRunner.java:204)
	at org.testng.TestNG.createAndRunSuiteRunners(TestNG.java:877)
	at org.testng.TestNG.runSuitesLocally(TestNG.java:842)
	at org.testng.TestNG.run(TestNG.java:751)
	at org.testng.remote.RemoteTestNG.run(RemoteTestNG.java:73)
	at org.testng.remote.RemoteTestNG.main(RemoteTestNG.java:124)
</pre></div></td>
</tr>
<tr>
<td title='doIure.test.TesteAnalisadorSintatico.testaCMDFailure()'>testaCMDFailure<br/><b>Parameters:</b> pi ,nome2 (sigma conta>10 tabela)</td>
<td>0</td>
<td><div><pre>doIure.SintaticoException: Na linha 1 e coluna 1 deveria ser um OPERADOR_VEZES ou IDENTIFICADOR
	at doIure.test.TesteAnalisadorSintatico.testaCMDFailure(TesteAnalisadorSintatico.java:103)
... Removed 22 stack frames</pre></div><a href='#' onClick='toggleBox("stack-trace12170552", this, "Click to show all stack frames", "Click to hide stack frames")'>Click to show all stack frames</a>
<div class='stack-trace' id='stack-trace12170552'><pre>doIure.SintaticoException: Na linha 1 e coluna 1 deveria ser um OPERADOR_VEZES ou IDENTIFICADOR
	at doIure.test.TesteAnalisadorSintatico.testaCMDFailure(TesteAnalisadorSintatico.java:103)
	at sun.reflect.NativeMethodAccessorImpl.invoke0(Native Method)
	at sun.reflect.NativeMethodAccessorImpl.invoke(NativeMethodAccessorImpl.java:39)
	at sun.reflect.DelegatingMethodAccessorImpl.invoke(DelegatingMethodAccessorImpl.java:25)
	at java.lang.reflect.Method.invoke(Method.java:597)
	at org.testng.internal.MethodHelper.invokeMethod(MethodHelper.java:607)
	at org.testng.internal.Invoker.invokeMethod(Invoker.java:517)
	at org.testng.internal.Invoker.invokeTestMethod(Invoker.java:669)
	at org.testng.internal.Invoker.invokeTestMethods(Invoker.java:956)
	at org.testng.internal.TestMethodWorker.invokeTestMethods(TestMethodWorker.java:126)
	at org.testng.internal.TestMethodWorker.run(TestMethodWorker.java:110)
	at org.testng.TestRunner.runWorkers(TestRunner.java:759)
	at org.testng.TestRunner.privateRun(TestRunner.java:592)
	at org.testng.TestRunner.run(TestRunner.java:486)
	at org.testng.SuiteRunner.runTest(SuiteRunner.java:332)
	at org.testng.SuiteRunner.runSequentially(SuiteRunner.java:327)
	at org.testng.SuiteRunner.privateRun(SuiteRunner.java:299)
	at org.testng.SuiteRunner.run(SuiteRunner.java:204)
	at org.testng.TestNG.createAndRunSuiteRunners(TestNG.java:877)
	at org.testng.TestNG.runSuitesLocally(TestNG.java:842)
	at org.testng.TestNG.run(TestNG.java:751)
	at org.testng.remote.RemoteTestNG.run(RemoteTestNG.java:73)
	at org.testng.remote.RemoteTestNG.main(RemoteTestNG.java:124)
</pre></div></td>
</tr>
<tr>
<td title='doIure.test.TesteAnalisadorSintatico.testaCMDFailure()'>testaCMDFailure<br/><b>Parameters:</b> pi sigma (sigma conta>10 tabela)</td>
<td>0</td>
<td><div><pre>doIure.SintaticoException: Na linha 1 e coluna 1 deveria ser um OPERADOR_VEZES ou IDENTIFICADOR
	at doIure.test.TesteAnalisadorSintatico.testaCMDFailure(TesteAnalisadorSintatico.java:103)
... Removed 22 stack frames</pre></div><a href='#' onClick='toggleBox("stack-trace2654289", this, "Click to show all stack frames", "Click to hide stack frames")'>Click to show all stack frames</a>
<div class='stack-trace' id='stack-trace2654289'><pre>doIure.SintaticoException: Na linha 1 e coluna 1 deveria ser um OPERADOR_VEZES ou IDENTIFICADOR
	at doIure.test.TesteAnalisadorSintatico.testaCMDFailure(TesteAnalisadorSintatico.java:103)
	at sun.reflect.NativeMethodAccessorImpl.invoke0(Native Method)
	at sun.reflect.NativeMethodAccessorImpl.invoke(NativeMethodAccessorImpl.java:39)
	at sun.reflect.DelegatingMethodAccessorImpl.invoke(DelegatingMethodAccessorImpl.java:25)
	at java.lang.reflect.Method.invoke(Method.java:597)
	at org.testng.internal.MethodHelper.invokeMethod(MethodHelper.java:607)
	at org.testng.internal.Invoker.invokeMethod(Invoker.java:517)
	at org.testng.internal.Invoker.invokeTestMethod(Invoker.java:669)
	at org.testng.internal.Invoker.invokeTestMethods(Invoker.java:956)
	at org.testng.internal.TestMethodWorker.invokeTestMethods(TestMethodWorker.java:126)
	at org.testng.internal.TestMethodWorker.run(TestMethodWorker.java:110)
	at org.testng.TestRunner.runWorkers(TestRunner.java:759)
	at org.testng.TestRunner.privateRun(TestRunner.java:592)
	at org.testng.TestRunner.run(TestRunner.java:486)
	at org.testng.SuiteRunner.runTest(SuiteRunner.java:332)
	at org.testng.SuiteRunner.runSequentially(SuiteRunner.java:327)
	at org.testng.SuiteRunner.privateRun(SuiteRunner.java:299)
	at org.testng.SuiteRunner.run(SuiteRunner.java:204)
	at org.testng.TestNG.createAndRunSuiteRunners(TestNG.java:877)
	at org.testng.TestNG.runSuitesLocally(TestNG.java:842)
	at org.testng.TestNG.run(TestNG.java:751)
	at org.testng.remote.RemoteTestNG.run(RemoteTestNG.java:73)
	at org.testng.remote.RemoteTestNG.main(RemoteTestNG.java:124)
</pre></div></td>
</tr>
<tr>
<td title='doIure.test.TesteAnalisadorSintatico.testaCMDSelecaoSucess()'>testaCMDSelecaoSucess<br/><b>Parameters:</b> (sigma conta>10 tabela)</td>
<td>0</td>
<td></td>
</tr>
<tr>
<td title='doIure.test.TesteAnalisadorSintatico.testaCMDSelecaoSucess()'>testaCMDSelecaoSucess<br/><b>Parameters:</b> sigma conta>(10+1) and tabela tabala</td>
<td>0</td>
<td></td>
</tr>
<tr>
<td title='doIure.test.TesteAnalisadorSintatico.testaCMDSelecaoSucess()'>testaCMDSelecaoSucess<br/><b>Parameters:</b> sigma conta>10 +1+1+1 tabela</td>
<td>0</td>
<td></td>
</tr>
<tr>
<td title='doIure.test.TesteAnalisadorSintatico.testaCMDUserError()'>testaCMDUserError<br/><b>Parameters:</b> pi tabela.,nome2,nome (sigma conta>"hvnh" tabela);</td>
<td>0</td>
<td><div><pre>doIure.SintaticoException: Na linha 1 e coluna 10 deveria ser um OPERADOR_VEZES ou IDENTIFICADOR
	at doIure.AnalisadorSintatico.lista(AnalisadorSintatico.java:364)
	at doIure.AnalisadorSintatico.lista(AnalisadorSintatico.java:356)
	at doIure.AnalisadorSintatico.cmd(AnalisadorSintatico.java:68)
	at doIure.AnalisadorSintatico.cmdUsuario(AnalisadorSintatico.java:38)
	at doIure.test.TesteAnalisadorSintatico.testaCMDUserError(TesteAnalisadorSintatico.java:54)
... Removed 22 stack frames</pre></div><a href='#' onClick='toggleBox("stack-trace16795115", this, "Click to show all stack frames", "Click to hide stack frames")'>Click to show all stack frames</a>
<div class='stack-trace' id='stack-trace16795115'><pre>doIure.SintaticoException: Na linha 1 e coluna 10 deveria ser um OPERADOR_VEZES ou IDENTIFICADOR
	at doIure.AnalisadorSintatico.lista(AnalisadorSintatico.java:364)
	at doIure.AnalisadorSintatico.lista(AnalisadorSintatico.java:356)
	at doIure.AnalisadorSintatico.cmd(AnalisadorSintatico.java:68)
	at doIure.AnalisadorSintatico.cmdUsuario(AnalisadorSintatico.java:38)
	at doIure.test.TesteAnalisadorSintatico.testaCMDUserError(TesteAnalisadorSintatico.java:54)
	at sun.reflect.NativeMethodAccessorImpl.invoke0(Native Method)
	at sun.reflect.NativeMethodAccessorImpl.invoke(NativeMethodAccessorImpl.java:39)
	at sun.reflect.DelegatingMethodAccessorImpl.invoke(DelegatingMethodAccessorImpl.java:25)
	at java.lang.reflect.Method.invoke(Method.java:597)
	at org.testng.internal.MethodHelper.invokeMethod(MethodHelper.java:607)
	at org.testng.internal.Invoker.invokeMethod(Invoker.java:517)
	at org.testng.internal.Invoker.invokeTestMethod(Invoker.java:669)
	at org.testng.internal.Invoker.invokeTestMethods(Invoker.java:956)
	at org.testng.internal.TestMethodWorker.invokeTestMethods(TestMethodWorker.java:126)
	at org.testng.internal.TestMethodWorker.run(TestMethodWorker.java:110)
	at org.testng.TestRunner.runWorkers(TestRunner.java:759)
	at org.testng.TestRunner.privateRun(TestRunner.java:592)
	at org.testng.TestRunner.run(TestRunner.java:486)
	at org.testng.SuiteRunner.runTest(SuiteRunner.java:332)
	at org.testng.SuiteRunner.runSequentially(SuiteRunner.java:327)
	at org.testng.SuiteRunner.privateRun(SuiteRunner.java:299)
	at org.testng.SuiteRunner.run(SuiteRunner.java:204)
	at org.testng.TestNG.createAndRunSuiteRunners(TestNG.java:877)
	at org.testng.TestNG.runSuitesLocally(TestNG.java:842)
	at org.testng.TestNG.run(TestNG.java:751)
	at org.testng.remote.RemoteTestNG.run(RemoteTestNG.java:73)
	at org.testng.remote.RemoteTestNG.main(RemoteTestNG.java:124)
</pre></div></td>
</tr>
<tr>
<td title='doIure.test.TesteAnalisadorSintatico.testaCMDUserError()'>testaCMDUserError<br/><b>Parameters:</b> pi  sigma conta>"hvnh" tabela);</td>
<td>0</td>
<td><div><pre>doIure.SintaticoException: Na linha 1 e coluna 1 deveria ser um OPERADOR_VEZES ou IDENTIFICADOR
	at doIure.AnalisadorSintatico.lista(AnalisadorSintatico.java:364)
	at doIure.AnalisadorSintatico.cmd(AnalisadorSintatico.java:68)
	at doIure.AnalisadorSintatico.cmdUsuario(AnalisadorSintatico.java:38)
	at doIure.test.TesteAnalisadorSintatico.testaCMDUserError(TesteAnalisadorSintatico.java:54)
... Removed 22 stack frames</pre></div><a href='#' onClick='toggleBox("stack-trace9489155", this, "Click to show all stack frames", "Click to hide stack frames")'>Click to show all stack frames</a>
<div class='stack-trace' id='stack-trace9489155'><pre>doIure.SintaticoException: Na linha 1 e coluna 1 deveria ser um OPERADOR_VEZES ou IDENTIFICADOR
	at doIure.AnalisadorSintatico.lista(AnalisadorSintatico.java:364)
	at doIure.AnalisadorSintatico.cmd(AnalisadorSintatico.java:68)
	at doIure.AnalisadorSintatico.cmdUsuario(AnalisadorSintatico.java:38)
	at doIure.test.TesteAnalisadorSintatico.testaCMDUserError(TesteAnalisadorSintatico.java:54)
	at sun.reflect.NativeMethodAccessorImpl.invoke0(Native Method)
	at sun.reflect.NativeMethodAccessorImpl.invoke(NativeMethodAccessorImpl.java:39)
	at sun.reflect.DelegatingMethodAccessorImpl.invoke(DelegatingMethodAccessorImpl.java:25)
	at java.lang.reflect.Method.invoke(Method.java:597)
	at org.testng.internal.MethodHelper.invokeMethod(MethodHelper.java:607)
	at org.testng.internal.Invoker.invokeMethod(Invoker.java:517)
	at org.testng.internal.Invoker.invokeTestMethod(Invoker.java:669)
	at org.testng.internal.Invoker.invokeTestMethods(Invoker.java:956)
	at org.testng.internal.TestMethodWorker.invokeTestMethods(TestMethodWorker.java:126)
	at org.testng.internal.TestMethodWorker.run(TestMethodWorker.java:110)
	at org.testng.TestRunner.runWorkers(TestRunner.java:759)
	at org.testng.TestRunner.privateRun(TestRunner.java:592)
	at org.testng.TestRunner.run(TestRunner.java:486)
	at org.testng.SuiteRunner.runTest(SuiteRunner.java:332)
	at org.testng.SuiteRunner.runSequentially(SuiteRunner.java:327)
	at org.testng.SuiteRunner.privateRun(SuiteRunner.java:299)
	at org.testng.SuiteRunner.run(SuiteRunner.java:204)
	at org.testng.TestNG.createAndRunSuiteRunners(TestNG.java:877)
	at org.testng.TestNG.runSuitesLocally(TestNG.java:842)
	at org.testng.TestNG.run(TestNG.java:751)
	at org.testng.remote.RemoteTestNG.run(RemoteTestNG.java:73)
	at org.testng.remote.RemoteTestNG.main(RemoteTestNG.java:124)
</pre></div></td>
</tr>
<tr>
<td title='doIure.test.TesteAnalisadorSintatico.testaCMDUserError()'>testaCMDUserError<br/><b>Parameters:</b> pi nome1,nome2.nome3 sigma conta>"hvnh" RHO tabela6 (((tabela) vezes tabela2) vezes tabela3)</td>
<td>0</td>
<td><div><pre>doIure.SintaticoException: Na linha 1 e coluna 92 deveria ser um PONTOVIRGULA
	at doIure.AnalisadorSintatico.cmdUsuario(AnalisadorSintatico.java:52)
	at doIure.test.TesteAnalisadorSintatico.testaCMDUserError(TesteAnalisadorSintatico.java:54)
... Removed 22 stack frames</pre></div><a href='#' onClick='toggleBox("stack-trace31564808", this, "Click to show all stack frames", "Click to hide stack frames")'>Click to show all stack frames</a>
<div class='stack-trace' id='stack-trace31564808'><pre>doIure.SintaticoException: Na linha 1 e coluna 92 deveria ser um PONTOVIRGULA
	at doIure.AnalisadorSintatico.cmdUsuario(AnalisadorSintatico.java:52)
	at doIure.test.TesteAnalisadorSintatico.testaCMDUserError(TesteAnalisadorSintatico.java:54)
	at sun.reflect.NativeMethodAccessorImpl.invoke0(Native Method)
	at sun.reflect.NativeMethodAccessorImpl.invoke(NativeMethodAccessorImpl.java:39)
	at sun.reflect.DelegatingMethodAccessorImpl.invoke(DelegatingMethodAccessorImpl.java:25)
	at java.lang.reflect.Method.invoke(Method.java:597)
	at org.testng.internal.MethodHelper.invokeMethod(MethodHelper.java:607)
	at org.testng.internal.Invoker.invokeMethod(Invoker.java:517)
	at org.testng.internal.Invoker.invokeTestMethod(Invoker.java:669)
	at org.testng.internal.Invoker.invokeTestMethods(Invoker.java:956)
	at org.testng.internal.TestMethodWorker.invokeTestMethods(TestMethodWorker.java:126)
	at org.testng.internal.TestMethodWorker.run(TestMethodWorker.java:110)
	at org.testng.TestRunner.runWorkers(TestRunner.java:759)
	at org.testng.TestRunner.privateRun(TestRunner.java:592)
	at org.testng.TestRunner.run(TestRunner.java:486)
	at org.testng.SuiteRunner.runTest(SuiteRunner.java:332)
	at org.testng.SuiteRunner.runSequentially(SuiteRunner.java:327)
	at org.testng.SuiteRunner.privateRun(SuiteRunner.java:299)
	at org.testng.SuiteRunner.run(SuiteRunner.java:204)
	at org.testng.TestNG.createAndRunSuiteRunners(TestNG.java:877)
	at org.testng.TestNG.runSuitesLocally(TestNG.java:842)
	at org.testng.TestNG.run(TestNG.java:751)
	at org.testng.remote.RemoteTestNG.run(RemoteTestNG.java:73)
	at org.testng.remote.RemoteTestNG.main(RemoteTestNG.java:124)
</pre></div></td>
</tr>
<tr>
<td title='doIure.test.TesteAnalisadorSintatico.testaCMDUserError()'>testaCMDUserError<br/><b>Parameters:</b>  nome,nome2 (sigma conta.conta>"hvnh" tabela);</td>
<td>0</td>
<td><div><pre>doIure.SintaticoException: Na linha 0 e coluna 1 deveria ser uma classe PROJECAO
	at doIure.AnalisadorSintatico.cmd(AnalisadorSintatico.java:71)
	at doIure.AnalisadorSintatico.cmdUsuario(AnalisadorSintatico.java:38)
	at doIure.test.TesteAnalisadorSintatico.testaCMDUserError(TesteAnalisadorSintatico.java:54)
... Removed 22 stack frames</pre></div><a href='#' onClick='toggleBox("stack-trace19330907", this, "Click to show all stack frames", "Click to hide stack frames")'>Click to show all stack frames</a>
<div class='stack-trace' id='stack-trace19330907'><pre>doIure.SintaticoException: Na linha 0 e coluna 1 deveria ser uma classe PROJECAO
	at doIure.AnalisadorSintatico.cmd(AnalisadorSintatico.java:71)
	at doIure.AnalisadorSintatico.cmdUsuario(AnalisadorSintatico.java:38)
	at doIure.test.TesteAnalisadorSintatico.testaCMDUserError(TesteAnalisadorSintatico.java:54)
	at sun.reflect.NativeMethodAccessorImpl.invoke0(Native Method)
	at sun.reflect.NativeMethodAccessorImpl.invoke(NativeMethodAccessorImpl.java:39)
	at sun.reflect.DelegatingMethodAccessorImpl.invoke(DelegatingMethodAccessorImpl.java:25)
	at java.lang.reflect.Method.invoke(Method.java:597)
	at org.testng.internal.MethodHelper.invokeMethod(MethodHelper.java:607)
	at org.testng.internal.Invoker.invokeMethod(Invoker.java:517)
	at org.testng.internal.Invoker.invokeTestMethod(Invoker.java:669)
	at org.testng.internal.Invoker.invokeTestMethods(Invoker.java:956)
	at org.testng.internal.TestMethodWorker.invokeTestMethods(TestMethodWorker.java:126)
	at org.testng.internal.TestMethodWorker.run(TestMethodWorker.java:110)
	at org.testng.TestRunner.runWorkers(TestRunner.java:759)
	at org.testng.TestRunner.privateRun(TestRunner.java:592)
	at org.testng.TestRunner.run(TestRunner.java:486)
	at org.testng.SuiteRunner.runTest(SuiteRunner.java:332)
	at org.testng.SuiteRunner.runSequentially(SuiteRunner.java:327)
	at org.testng.SuiteRunner.privateRun(SuiteRunner.java:299)
	at org.testng.SuiteRunner.run(SuiteRunner.java:204)
	at org.testng.TestNG.createAndRunSuiteRunners(TestNG.java:877)
	at org.testng.TestNG.runSuitesLocally(TestNG.java:842)
	at org.testng.TestNG.run(TestNG.java:751)
	at org.testng.remote.RemoteTestNG.run(RemoteTestNG.java:73)
	at org.testng.remote.RemoteTestNG.main(RemoteTestNG.java:124)
</pre></div></td>
</tr>
<tr>
<td title='doIure.test.TesteAnalisadorSintatico.testaCMDUserError()'>testaCMDUserError<br/><b>Parameters:</b> sigma pi nome,nome2 (sigma conta.conta>"hvnh" tabela);</td>
<td>0</td>
<td><div><pre>doIure.SintaticoException: Na linha 0 e coluna 0 deveria ser uma classe PROJECAO
	at doIure.AnalisadorSintatico.cmd(AnalisadorSintatico.java:71)
	at doIure.AnalisadorSintatico.cmdUsuario(AnalisadorSintatico.java:38)
	at doIure.test.TesteAnalisadorSintatico.testaCMDUserError(TesteAnalisadorSintatico.java:54)
... Removed 22 stack frames</pre></div><a href='#' onClick='toggleBox("stack-trace20559758", this, "Click to show all stack frames", "Click to hide stack frames")'>Click to show all stack frames</a>
<div class='stack-trace' id='stack-trace20559758'><pre>doIure.SintaticoException: Na linha 0 e coluna 0 deveria ser uma classe PROJECAO
	at doIure.AnalisadorSintatico.cmd(AnalisadorSintatico.java:71)
	at doIure.AnalisadorSintatico.cmdUsuario(AnalisadorSintatico.java:38)
	at doIure.test.TesteAnalisadorSintatico.testaCMDUserError(TesteAnalisadorSintatico.java:54)
	at sun.reflect.NativeMethodAccessorImpl.invoke0(Native Method)
	at sun.reflect.NativeMethodAccessorImpl.invoke(NativeMethodAccessorImpl.java:39)
	at sun.reflect.DelegatingMethodAccessorImpl.invoke(DelegatingMethodAccessorImpl.java:25)
	at java.lang.reflect.Method.invoke(Method.java:597)
	at org.testng.internal.MethodHelper.invokeMethod(MethodHelper.java:607)
	at org.testng.internal.Invoker.invokeMethod(Invoker.java:517)
	at org.testng.internal.Invoker.invokeTestMethod(Invoker.java:669)
	at org.testng.internal.Invoker.invokeTestMethods(Invoker.java:956)
	at org.testng.internal.TestMethodWorker.invokeTestMethods(TestMethodWorker.java:126)
	at org.testng.internal.TestMethodWorker.run(TestMethodWorker.java:110)
	at org.testng.TestRunner.runWorkers(TestRunner.java:759)
	at org.testng.TestRunner.privateRun(TestRunner.java:592)
	at org.testng.TestRunner.run(TestRunner.java:486)
	at org.testng.SuiteRunner.runTest(SuiteRunner.java:332)
	at org.testng.SuiteRunner.runSequentially(SuiteRunner.java:327)
	at org.testng.SuiteRunner.privateRun(SuiteRunner.java:299)
	at org.testng.SuiteRunner.run(SuiteRunner.java:204)
	at org.testng.TestNG.createAndRunSuiteRunners(TestNG.java:877)
	at org.testng.TestNG.runSuitesLocally(TestNG.java:842)
	at org.testng.TestNG.run(TestNG.java:751)
	at org.testng.remote.RemoteTestNG.run(RemoteTestNG.java:73)
	at org.testng.remote.RemoteTestNG.main(RemoteTestNG.java:124)
</pre></div></td>
</tr>
<tr>
<td title='doIure.test.TesteAnalisadorSintatico.testaCMDUserSucess()'>testaCMDUserSucess<br/><b>Parameters:</b> pi tabela.nome,nome2,nome (sigma conta>"hvnh" tabela);</td>
<td>0</td>
<td></td>
</tr>
<tr>
<td title='doIure.test.TesteAnalisadorSintatico.testaCMDUserSucess()'>testaCMDUserSucess<br/><b>Parameters:</b> pi * (sigma conta>"hvnh" tabela);</td>
<td>0</td>
<td></td>
</tr>
<tr>
<td title='doIure.test.TesteAnalisadorSintatico.testaCMDUserSucess()'>testaCMDUserSucess<br/><b>Parameters:</b> pi nome1,nome2.nome3 sigma conta>"hvnh" RHO tabela6 (((tabela) vezes tabela2) vezes tabela3);</td>
<td>0</td>
<td></td>
</tr>
<tr>
<td title='doIure.test.TesteAnalisadorSintatico.testaCMDUserSucess()'>testaCMDUserSucess<br/><b>Parameters:</b> pi nome,nome2 (sigma conta.conta>"hvnh" tabela);</td>
<td>0</td>
<td></td>
</tr>
<tr>
<td title='doIure.test.TesteAnalisadorSintatico.testaCMDsucess()'>testaCMDsucess<br/><b>Parameters:</b> pi nome,nome2 (sigma conta>"hvnh" tabela)</td>
<td>0</td>
<td></td>
</tr>
<tr>
<td title='doIure.test.TesteAnalisadorSintatico.testaCMDsucess()'>testaCMDsucess<br/><b>Parameters:</b> pi * (sigma conta>"hvnh" tabela)</td>
<td>0</td>
<td></td>
</tr>
<tr>
<td title='doIure.test.TesteAnalisadorSintatico.testaCMDsucess()'>testaCMDsucess<br/><b>Parameters:</b> pi * sigma conta>"hvnh" tabela</td>
<td>0</td>
<td></td>
</tr>
<tr>
<td title='doIure.test.TesteAnalisadorSintatico.testaCMDsucess()'>testaCMDsucess<br/><b>Parameters:</b> pi * sigma (conta+1)*3>"hvnh" tabela</td>
<td>0</td>
<td></td>
</tr>
<tr>
<td title='doIure.test.TesteAnalisadorSintatico.testaExpressaosucess()'>testaExpressaosucess<br/><b>Parameters:</b> 1))+1 </td>
<td>0</td>
<td></td>
</tr>
<tr>
<td title='doIure.test.TesteAnalisadorSintatico.testaExpressaosucess()'>testaExpressaosucess<br/><b>Parameters:</b> ((1))</td>
<td>0</td>
<td></td>
</tr>
<tr>
<td title='doIure.test.TesteAnalisadorSintatico.testaExpressaosucess()'>testaExpressaosucess<br/><b>Parameters:</b> 1</td>
<td>0</td>
<td></td>
</tr>
<tr>
<td title='doIure.test.TesteAnalisadorSintatico.testaExpressaosucess()'>testaExpressaosucess<br/><b>Parameters:</b> ((1))</td>
<td>0</td>
<td></td>
</tr>
<tr>
<td title='doIure.test.TesteAnalisadorSintatico.testaExpressaosucess()'>testaExpressaosucess<br/><b>Parameters:</b> 1</td>
<td>0</td>
<td></td>
</tr>
<tr>
<td title='doIure.test.TesteAnalisadorSintatico.testaExpressaosucess()'>testaExpressaosucess<br/><b>Parameters:</b> (1)-1</td>
<td>0</td>
<td></td>
</tr>
<tr>
<td title='doIure.test.TesteAnalisadorSintatico.testaExpressaosucess()'>testaExpressaosucess<br/><b>Parameters:</b> (((1/(1+2*5))+nome))</td>
<td>0</td>
<td></td>
</tr>
<tr>
<td title='doIure.test.TesteAnalisadorSintatico.testaExpressaosucess()'>testaExpressaosucess<br/><b>Parameters:</b> ((1)+1)</td>
<td>0</td>
<td></td>
</tr>
<tr>
<td title='doIure.test.TesteAnalisadorSintatico.testaExpressaosucess()'>testaExpressaosucess<br/><b>Parameters:</b> ((1/5+6))</td>
<td>0</td>
<td></td>
</tr>
<tr>
<td title='doIure.test.TesteAnalisadorSintatico.testaExpressaosucess()'>testaExpressaosucess<br/><b>Parameters:</b> ((1)/6)+"kjhdh"</td>
<td>0</td>
<td></td>
</tr>
<tr>
<td title='doIure.test.TesteAnalisadorSintatico.testaExpressaosucess()'>testaExpressaosucess<br/><b>Parameters:</b> nome</td>
<td>0</td>
<td></td>
</tr>
<tr>
<td title='doIure.test.TesteAnalisadorSintatico.testaPredicadoerror()'>testaPredicadoerror<br/><b>Parameters:</b> (1</td>
<td>0</td>
<td><div><pre>doIure.SintaticoException: Na linha 1 e coluna 2 deveria ser um PARENTESE_DIREITA
	at doIure.AnalisadorSintatico.reconhecer(AnalisadorSintatico.java:20)
	at doIure.AnalisadorSintatico.fator(AnalisadorSintatico.java:278)
	at doIure.AnalisadorSintatico.termo(AnalisadorSintatico.java:252)
	at doIure.AnalisadorSintatico.exprecao(AnalisadorSintatico.java:235)
	at doIure.AnalisadorSintatico.valor(AnalisadorSintatico.java:151)
	at doIure.AnalisadorSintatico.predicado(AnalisadorSintatico.java:133)
	at doIure.AnalisadorSintatico.predicados(AnalisadorSintatico.java:113)
	at doIure.test.TesteAnalisadorSintatico.testaPredicadoerror(TesteAnalisadorSintatico.java:200)
... Removed 22 stack frames</pre></div><a href='#' onClick='toggleBox("stack-trace15606519", this, "Click to show all stack frames", "Click to hide stack frames")'>Click to show all stack frames</a>
<div class='stack-trace' id='stack-trace15606519'><pre>doIure.SintaticoException: Na linha 1 e coluna 2 deveria ser um PARENTESE_DIREITA
	at doIure.AnalisadorSintatico.reconhecer(AnalisadorSintatico.java:20)
	at doIure.AnalisadorSintatico.fator(AnalisadorSintatico.java:278)
	at doIure.AnalisadorSintatico.termo(AnalisadorSintatico.java:252)
	at doIure.AnalisadorSintatico.exprecao(AnalisadorSintatico.java:235)
	at doIure.AnalisadorSintatico.valor(AnalisadorSintatico.java:151)
	at doIure.AnalisadorSintatico.predicado(AnalisadorSintatico.java:133)
	at doIure.AnalisadorSintatico.predicados(AnalisadorSintatico.java:113)
	at doIure.test.TesteAnalisadorSintatico.testaPredicadoerror(TesteAnalisadorSintatico.java:200)
	at sun.reflect.NativeMethodAccessorImpl.invoke0(Native Method)
	at sun.reflect.NativeMethodAccessorImpl.invoke(NativeMethodAccessorImpl.java:39)
	at sun.reflect.DelegatingMethodAccessorImpl.invoke(DelegatingMethodAccessorImpl.java:25)
	at java.lang.reflect.Method.invoke(Method.java:597)
	at org.testng.internal.MethodHelper.invokeMethod(MethodHelper.java:607)
	at org.testng.internal.Invoker.invokeMethod(Invoker.java:517)
	at org.testng.internal.Invoker.invokeTestMethod(Invoker.java:669)
	at org.testng.internal.Invoker.invokeTestMethods(Invoker.java:956)
	at org.testng.internal.TestMethodWorker.invokeTestMethods(TestMethodWorker.java:126)
	at org.testng.internal.TestMethodWorker.run(TestMethodWorker.java:110)
	at org.testng.TestRunner.runWorkers(TestRunner.java:759)
	at org.testng.TestRunner.privateRun(TestRunner.java:592)
	at org.testng.TestRunner.run(TestRunner.java:486)
	at org.testng.SuiteRunner.runTest(SuiteRunner.java:332)
	at org.testng.SuiteRunner.runSequentially(SuiteRunner.java:327)
	at org.testng.SuiteRunner.privateRun(SuiteRunner.java:299)
	at org.testng.SuiteRunner.run(SuiteRunner.java:204)
	at org.testng.TestNG.createAndRunSuiteRunners(TestNG.java:877)
	at org.testng.TestNG.runSuitesLocally(TestNG.java:842)
	at org.testng.TestNG.run(TestNG.java:751)
	at org.testng.remote.RemoteTestNG.run(RemoteTestNG.java:73)
	at org.testng.remote.RemoteTestNG.main(RemoteTestNG.java:124)
</pre></div></td>
</tr>
<tr>
<td title='doIure.test.TesteAnalisadorSintatico.testaPredicadoerror()'>testaPredicadoerror<br/><b>Parameters:</b> (1 1) </td>
<td>0</td>
<td><div><pre>doIure.SintaticoException: Na linha 0 e coluna 3 deveria ser um PARENTESE_DIREITA
	at doIure.AnalisadorSintatico.reconhecer(AnalisadorSintatico.java:27)
	at doIure.AnalisadorSintatico.fator(AnalisadorSintatico.java:278)
	at doIure.AnalisadorSintatico.termo(AnalisadorSintatico.java:252)
	at doIure.AnalisadorSintatico.exprecao(AnalisadorSintatico.java:235)
	at doIure.AnalisadorSintatico.valor(AnalisadorSintatico.java:151)
	at doIure.AnalisadorSintatico.predicado(AnalisadorSintatico.java:133)
	at doIure.AnalisadorSintatico.predicados(AnalisadorSintatico.java:113)
	at doIure.test.TesteAnalisadorSintatico.testaPredicadoerror(TesteAnalisadorSintatico.java:200)
... Removed 22 stack frames</pre></div><a href='#' onClick='toggleBox("stack-trace3779465", this, "Click to show all stack frames", "Click to hide stack frames")'>Click to show all stack frames</a>
<div class='stack-trace' id='stack-trace3779465'><pre>doIure.SintaticoException: Na linha 0 e coluna 3 deveria ser um PARENTESE_DIREITA
	at doIure.AnalisadorSintatico.reconhecer(AnalisadorSintatico.java:27)
	at doIure.AnalisadorSintatico.fator(AnalisadorSintatico.java:278)
	at doIure.AnalisadorSintatico.termo(AnalisadorSintatico.java:252)
	at doIure.AnalisadorSintatico.exprecao(AnalisadorSintatico.java:235)
	at doIure.AnalisadorSintatico.valor(AnalisadorSintatico.java:151)
	at doIure.AnalisadorSintatico.predicado(AnalisadorSintatico.java:133)
	at doIure.AnalisadorSintatico.predicados(AnalisadorSintatico.java:113)
	at doIure.test.TesteAnalisadorSintatico.testaPredicadoerror(TesteAnalisadorSintatico.java:200)
	at sun.reflect.NativeMethodAccessorImpl.invoke0(Native Method)
	at sun.reflect.NativeMethodAccessorImpl.invoke(NativeMethodAccessorImpl.java:39)
	at sun.reflect.DelegatingMethodAccessorImpl.invoke(DelegatingMethodAccessorImpl.java:25)
	at java.lang.reflect.Method.invoke(Method.java:597)
	at org.testng.internal.MethodHelper.invokeMethod(MethodHelper.java:607)
	at org.testng.internal.Invoker.invokeMethod(Invoker.java:517)
	at org.testng.internal.Invoker.invokeTestMethod(Invoker.java:669)
	at org.testng.internal.Invoker.invokeTestMethods(Invoker.java:956)
	at org.testng.internal.TestMethodWorker.invokeTestMethods(TestMethodWorker.java:126)
	at org.testng.internal.TestMethodWorker.run(TestMethodWorker.java:110)
	at org.testng.TestRunner.runWorkers(TestRunner.java:759)
	at org.testng.TestRunner.privateRun(TestRunner.java:592)
	at org.testng.TestRunner.run(TestRunner.java:486)
	at org.testng.SuiteRunner.runTest(SuiteRunner.java:332)
	at org.testng.SuiteRunner.runSequentially(SuiteRunner.java:327)
	at org.testng.SuiteRunner.privateRun(SuiteRunner.java:299)
	at org.testng.SuiteRunner.run(SuiteRunner.java:204)
	at org.testng.TestNG.createAndRunSuiteRunners(TestNG.java:877)
	at org.testng.TestNG.runSuitesLocally(TestNG.java:842)
	at org.testng.TestNG.run(TestNG.java:751)
	at org.testng.remote.RemoteTestNG.run(RemoteTestNG.java:73)
	at org.testng.remote.RemoteTestNG.main(RemoteTestNG.java:124)
</pre></div></td>
</tr>
<tr>
<td title='doIure.test.TesteAnalisadorSintatico.testaPredicadoerror()'>testaPredicadoerror<br/><b>Parameters:</b> ((1)</td>
<td>0</td>
<td><div><pre>doIure.SintaticoException: Na linha 1 e coluna 4 deveria ser um PARENTESE_DIREITA
	at doIure.AnalisadorSintatico.reconhecer(AnalisadorSintatico.java:20)
	at doIure.AnalisadorSintatico.fator(AnalisadorSintatico.java:278)
	at doIure.AnalisadorSintatico.termo(AnalisadorSintatico.java:252)
	at doIure.AnalisadorSintatico.exprecao(AnalisadorSintatico.java:235)
	at doIure.AnalisadorSintatico.valor(AnalisadorSintatico.java:151)
	at doIure.AnalisadorSintatico.predicado(AnalisadorSintatico.java:133)
	at doIure.AnalisadorSintatico.predicados(AnalisadorSintatico.java:113)
	at doIure.test.TesteAnalisadorSintatico.testaPredicadoerror(TesteAnalisadorSintatico.java:200)
... Removed 22 stack frames</pre></div><a href='#' onClick='toggleBox("stack-trace2929821", this, "Click to show all stack frames", "Click to hide stack frames")'>Click to show all stack frames</a>
<div class='stack-trace' id='stack-trace2929821'><pre>doIure.SintaticoException: Na linha 1 e coluna 4 deveria ser um PARENTESE_DIREITA
	at doIure.AnalisadorSintatico.reconhecer(AnalisadorSintatico.java:20)
	at doIure.AnalisadorSintatico.fator(AnalisadorSintatico.java:278)
	at doIure.AnalisadorSintatico.termo(AnalisadorSintatico.java:252)
	at doIure.AnalisadorSintatico.exprecao(AnalisadorSintatico.java:235)
	at doIure.AnalisadorSintatico.valor(AnalisadorSintatico.java:151)
	at doIure.AnalisadorSintatico.predicado(AnalisadorSintatico.java:133)
	at doIure.AnalisadorSintatico.predicados(AnalisadorSintatico.java:113)
	at doIure.test.TesteAnalisadorSintatico.testaPredicadoerror(TesteAnalisadorSintatico.java:200)
	at sun.reflect.NativeMethodAccessorImpl.invoke0(Native Method)
	at sun.reflect.NativeMethodAccessorImpl.invoke(NativeMethodAccessorImpl.java:39)
	at sun.reflect.DelegatingMethodAccessorImpl.invoke(DelegatingMethodAccessorImpl.java:25)
	at java.lang.reflect.Method.invoke(Method.java:597)
	at org.testng.internal.MethodHelper.invokeMethod(MethodHelper.java:607)
	at org.testng.internal.Invoker.invokeMethod(Invoker.java:517)
	at org.testng.internal.Invoker.invokeTestMethod(Invoker.java:669)
	at org.testng.internal.Invoker.invokeTestMethods(Invoker.java:956)
	at org.testng.internal.TestMethodWorker.invokeTestMethods(TestMethodWorker.java:126)
	at org.testng.internal.TestMethodWorker.run(TestMethodWorker.java:110)
	at org.testng.TestRunner.runWorkers(TestRunner.java:759)
	at org.testng.TestRunner.privateRun(TestRunner.java:592)
	at org.testng.TestRunner.run(TestRunner.java:486)
	at org.testng.SuiteRunner.runTest(SuiteRunner.java:332)
	at org.testng.SuiteRunner.runSequentially(SuiteRunner.java:327)
	at org.testng.SuiteRunner.privateRun(SuiteRunner.java:299)
	at org.testng.SuiteRunner.run(SuiteRunner.java:204)
	at org.testng.TestNG.createAndRunSuiteRunners(TestNG.java:877)
	at org.testng.TestNG.runSuitesLocally(TestNG.java:842)
	at org.testng.TestNG.run(TestNG.java:751)
	at org.testng.remote.RemoteTestNG.run(RemoteTestNG.java:73)
	at org.testng.remote.RemoteTestNG.main(RemoteTestNG.java:124)
</pre></div></td>
</tr>
<tr>
<td title='doIure.test.TesteAnalisadorSintatico.testaPredicadossucess()'>testaPredicadossucess<br/><b>Parameters:</b>  (nome>(5+7 +kjhdkj))</td>
<td>0</td>
<td></td>
</tr>
<tr>
<td title='doIure.test.TesteAnalisadorSintatico.testaPredicadossucess()'>testaPredicadossucess<br/><b>Parameters:</b> ((1))</td>
<td>0</td>
<td></td>
</tr>
<tr>
<td title='doIure.test.TesteAnalisadorSintatico.testaPredicadossucess()'>testaPredicadossucess<br/><b>Parameters:</b> 1))+1 </td>
<td>0</td>
<td></td>
</tr>
<tr>
<td title='doIure.test.TesteAnalisadorSintatico.testaPredicadossucess()'>testaPredicadossucess<br/><b>Parameters:</b> ((1))</td>
<td>0</td>
<td></td>
</tr>
<tr>
<td title='doIure.test.TesteAnalisadorSintatico.testaPredicadossucess()'>testaPredicadossucess<br/><b>Parameters:</b> 1</td>
<td>0</td>
<td></td>
</tr>
<tr>
<td title='doIure.test.TesteAnalisadorSintatico.testaPredicadossucess()'>testaPredicadossucess<br/><b>Parameters:</b> (1)-1</td>
<td>0</td>
<td></td>
</tr>
<tr>
<td title='doIure.test.TesteAnalisadorSintatico.testaPredicadossucess()'>testaPredicadossucess<br/><b>Parameters:</b> (((1/(1+2*5))+nome))</td>
<td>0</td>
<td></td>
</tr>
<tr>
<td title='doIure.test.TesteAnalisadorSintatico.testaPredicadossucess()'>testaPredicadossucess<br/><b>Parameters:</b> ((1)+1)</td>
<td>0</td>
<td></td>
</tr>
<tr>
<td title='doIure.test.TesteAnalisadorSintatico.testaPredicadossucess()'>testaPredicadossucess<br/><b>Parameters:</b> ((1/5+6))</td>
<td>0</td>
<td></td>
</tr>
<tr>
<td title='doIure.test.TesteAnalisadorSintatico.testaPredicadossucess()'>testaPredicadossucess<br/><b>Parameters:</b> ((1)/6)+"kjhdh"</td>
<td>0</td>
<td></td>
</tr>
<tr>
<td title='doIure.test.TesteAnalisadorSintatico.testaPredicadossucess()'>testaPredicadossucess<br/><b>Parameters:</b> nome</td>
<td>0</td>
<td></td>
</tr>
<tr>
<td title='doIure.test.TesteAnalisadorSintatico.testaPredicadossucess()'>testaPredicadossucess<br/><b>Parameters:</b> 1</td>
<td>0</td>
<td></td>
</tr>
<tr>
<td title='doIure.test.TesteAnalisadorSintatico.testaPredicadossucess()'>testaPredicadossucess<br/><b>Parameters:</b> 1</td>
<td>0</td>
<td></td>
</tr>
<tr>
<td title='doIure.test.TesteAnalisadorSintatico.testaPredicadossucess()'>testaPredicadossucess<br/><b>Parameters:</b> not (nome>(5+7 +kjhdkj))</td>
<td>0</td>
<td></td>
</tr>
<tr>
<td title='doIure.test.TesteAnalisadorSintatico.testaPredicadossucess()'>testaPredicadossucess<br/><b>Parameters:</b> (nome>(5+7 +kjhdkj)) and (nome<4)</td>
<td>0</td>
<td></td>
</tr>
<tr>
<td title='doIure.test.TesteAnalisadorSintatico.testaPredicadossucess()'>testaPredicadossucess<br/><b>Parameters:</b> not (2*(1/5)+2)</td>
<td>0</td>
<td></td>
</tr>
<tr>
<td title='doIure.test.TesteAnalisadorSintatico.testaPredicadossucess()'>testaPredicadossucess<br/><b>Parameters:</b> not not not (num<9)</td>
<td>0</td>
<td></td>
</tr>
<tr>
<td title='doIure.test.TesteAnalisadorSintatico.testaPredicadossucess()'>testaPredicadossucess<br/><b>Parameters:</b> nome>8</td>
<td>0</td>
<td></td>
</tr>
<tr>
<td title='doIure.test.TesteAnalisadorSintatico.testaPredicadossucess()'>testaPredicadossucess<br/><b>Parameters:</b> nome="juliate"</td>
<td>0</td>
<td></td>
</tr>
<tr>
<td title='doIure.test.TesteAnalisadorSintatico.testaPredicadossucess()'>testaPredicadossucess<br/><b>Parameters:</b> jkhskhsk</td>
<td>0</td>
<td></td>
</tr>
<tr>
<td title='doIure.test.TesteAnalisadorSintatico.testaPredicadossucess()'>testaPredicadossucess<br/><b>Parameters:</b> u</td>
<td>0</td>
<td></td>
</tr>
<tr>
<td title='doIure.test.TesteAnalisadorSintatico.testaPredicadossucess()'>testaPredicadossucess<br/><b>Parameters:</b> nome=8</td>
<td>0</td>
<td></td>
</tr>
<tr>
<td title='doIure.test.TesteAnalisadorSintatico.testaPredicadossucess()'>testaPredicadossucess<br/><b>Parameters:</b> nome nome</td>
<td>0</td>
<td></td>
</tr>
<tr>
<td title='doIure.test.TesteAnalisadorSintatico.testaPredicadossucess()'>testaPredicadossucess<br/><b>Parameters:</b> nome+nome nome</td>
<td>0</td>
<td></td>
</tr>
<tr>
<td title='doIure.test.TesteAnalisadorSintatico.testaPredicadossucess()'>testaPredicadossucess<br/><b>Parameters:</b> (nome+nome) nome</td>
<td>0</td>
<td></td>
</tr>
<tr>
<td title='doIure.test.TesteAnalisadorSintatico.testaPredicadossucess()'>testaPredicadossucess<br/><b>Parameters:</b> (((1/(1+2*5))+nome))</td>
<td>0</td>
<td></td>
</tr>
</table><p>
</body>
</html>